<?xml version="1.0" encoding="utf-8"?>
<TestRun id="eba54211-b3ce-4ce1-996c-12325f75119e" name="namng@RAY 2025-09-07 22:30:01" runUser="RAY\namng" xmlns="http://microsoft.com/schemas/VisualStudio/TeamTest/2010">
  <Times creation="2025-09-07T22:30:01.3265537+07:00" queuing="2025-09-07T22:30:01.3265543+07:00" start="2025-09-07T22:30:00.4377185+07:00" finish="2025-09-07T22:30:01.4052490+07:00" />
  <TestSettings name="default" id="86a422b1-8bb8-4e16-afe5-02a88d2ebd9c">
    <Deployment runDeploymentRoot="namng_RAY_2025-09-07_22_30_01" />
  </TestSettings>
  <Results>
    <UnitTestResult executionId="4cc953ff-7ae4-45cf-8fab-594e0445c405" testId="bba00ea3-ae88-cec1-3a15-f93b94254758" testName="ShopFlow.Application.Tests.Validators.Users.CreateUserCommandValidatorTests.Validate_ValidPhoneFormats_ShouldPass(phone: &quot;12345&quot;)" computerName="RAY" duration="00:00:00.0014270" startTime="2025-09-07T22:30:01.3003030+07:00" endTime="2025-09-07T22:30:01.3003031+07:00" testType="13cdc9d9-ddb5-4fa4-a97d-d965ccfc6d4b" outcome="Passed" testListId="8c84fa94-04c1-424b-9868-57a2d4851a1d" relativeResultsDirectory="4cc953ff-7ae4-45cf-8fab-594e0445c405" />
    <UnitTestResult executionId="a2de082d-d82c-4444-a4bf-aa7567f88d46" testId="f8288e4a-5fb1-6549-026e-4fe69668f6c9" testName="ShopFlow.Application.Tests.Validators.Users.CreateUserCommandValidatorTests.Validate_InvalidEmailFormat_ShouldFail(email: &quot;test@&quot;)" computerName="RAY" duration="00:00:00.0012695" startTime="2025-09-07T22:30:01.3037912+07:00" endTime="2025-09-07T22:30:01.3037913+07:00" testType="13cdc9d9-ddb5-4fa4-a97d-d965ccfc6d4b" outcome="Passed" testListId="8c84fa94-04c1-424b-9868-57a2d4851a1d" relativeResultsDirectory="a2de082d-d82c-4444-a4bf-aa7567f88d46" />
    <UnitTestResult executionId="72df9d8c-f883-40c7-b733-2ef55c91cf44" testId="feaaa2cc-cbc4-605a-6fcc-11adbbe8349d" testName="ShopFlow.Application.Tests.Handlers.Users.GetUserQueryHandlerTests.Handle_UserWithDifferentEmailVerificationStatus_ShouldReturnCorrectVerification(emailVerified: True)" computerName="RAY" duration="00:00:00.0007357" startTime="2025-09-07T22:30:01.3007130+07:00" endTime="2025-09-07T22:30:01.3007131+07:00" testType="13cdc9d9-ddb5-4fa4-a97d-d965ccfc6d4b" outcome="Passed" testListId="8c84fa94-04c1-424b-9868-57a2d4851a1d" relativeResultsDirectory="72df9d8c-f883-40c7-b733-2ef55c91cf44" />
    <UnitTestResult executionId="cc71f4e5-ca7c-42d8-857b-77d605b4b47f" testId="3e7a2dc9-fe17-25f6-0b6b-c9feaca3dfed" testName="ShopFlow.Application.Tests.Handlers.Users.GetUserQueryHandlerTests.Handle_RepositoryThrowsException_ShouldPropagateException" computerName="RAY" duration="00:00:00.0013867" startTime="2025-09-07T22:30:01.3016838+07:00" endTime="2025-09-07T22:30:01.3016838+07:00" testType="13cdc9d9-ddb5-4fa4-a97d-d965ccfc6d4b" outcome="Passed" testListId="8c84fa94-04c1-424b-9868-57a2d4851a1d" relativeResultsDirectory="cc71f4e5-ca7c-42d8-857b-77d605b4b47f" />
    <UnitTestResult executionId="96010f5a-d99a-4808-b1c8-c4cb93061a8b" testId="6c343fba-b2b7-020b-9852-4fe8517c2601" testName="ShopFlow.Application.Tests.Validators.Users.CreateUserCommandValidatorTests.Validate_PasswordMissingRequiredCharacters_ShouldFail(password: &quot;PASSWORD&quot;)" computerName="RAY" duration="00:00:00.0008647" startTime="2025-09-07T22:30:01.3061081+07:00" endTime="2025-09-07T22:30:01.3061082+07:00" testType="13cdc9d9-ddb5-4fa4-a97d-d965ccfc6d4b" outcome="Passed" testListId="8c84fa94-04c1-424b-9868-57a2d4851a1d" relativeResultsDirectory="96010f5a-d99a-4808-b1c8-c4cb93061a8b" />
    <UnitTestResult executionId="853cedc1-dae4-43c8-9edc-51d96747a21b" testId="e6a2990b-dcde-239c-28cc-80450e978217" testName="ShopFlow.Application.Tests.Validators.Users.CreateUserCommandValidatorTests.Validate_TooYoung_ShouldFail" computerName="RAY" duration="00:00:00.0013612" startTime="2025-09-07T22:30:01.3260428+07:00" endTime="2025-09-07T22:30:01.3260430+07:00" testType="13cdc9d9-ddb5-4fa4-a97d-d965ccfc6d4b" outcome="Passed" testListId="8c84fa94-04c1-424b-9868-57a2d4851a1d" relativeResultsDirectory="853cedc1-dae4-43c8-9edc-51d96747a21b" />
    <UnitTestResult executionId="24a05bd4-81b7-42a0-8394-40617a3efe7f" testId="94c96022-07a3-a623-8ce7-48a760759883" testName="ShopFlow.Application.Tests.Validators.Users.CreateUserCommandValidatorTests.Validate_PasswordMissingRequiredCharacters_ShouldFail(password: &quot;Password123&quot;)" computerName="RAY" duration="00:00:00.0007364" startTime="2025-09-07T22:30:01.3083571+07:00" endTime="2025-09-07T22:30:01.3083572+07:00" testType="13cdc9d9-ddb5-4fa4-a97d-d965ccfc6d4b" outcome="Passed" testListId="8c84fa94-04c1-424b-9868-57a2d4851a1d" relativeResultsDirectory="24a05bd4-81b7-42a0-8394-40617a3efe7f" />
    <UnitTestResult executionId="62d1e521-8d74-44b4-9305-40389e247e37" testId="4453923a-00ae-da57-3d99-1c4ee6fdf2ee" testName="ShopFlow.Application.Tests.Validators.Users.CreateUserCommandValidatorTests.Validate_InvalidPhoneFormat_ShouldFail(phone: &quot;0123456789&quot;)" computerName="RAY" duration="00:00:00.0012341" startTime="2025-09-07T22:30:01.3018019+07:00" endTime="2025-09-07T22:30:01.3018020+07:00" testType="13cdc9d9-ddb5-4fa4-a97d-d965ccfc6d4b" outcome="Passed" testListId="8c84fa94-04c1-424b-9868-57a2d4851a1d" relativeResultsDirectory="62d1e521-8d74-44b4-9305-40389e247e37" />
    <UnitTestResult executionId="f3e552a8-96d5-4c4d-b7a4-4553e0cf0ebc" testId="bacc7ad8-6e3c-8990-92af-cd8cdbce9d0a" testName="ShopFlow.Application.Tests.Validators.Users.CreateUserCommandValidatorTests.Validate_InvalidEmailFormat_ShouldFail(email: &quot;@example.com&quot;)" computerName="RAY" duration="00:00:00.0011192" startTime="2025-09-07T22:30:01.3036281+07:00" endTime="2025-09-07T22:30:01.3036281+07:00" testType="13cdc9d9-ddb5-4fa4-a97d-d965ccfc6d4b" outcome="Passed" testListId="8c84fa94-04c1-424b-9868-57a2d4851a1d" relativeResultsDirectory="f3e552a8-96d5-4c4d-b7a4-4553e0cf0ebc" />
    <UnitTestResult executionId="6602f688-01d3-421c-919f-0cf6768cf00c" testId="18ea3d8b-0d48-cba9-72b0-7d021ccd53e0" testName="ShopFlow.Application.Tests.Validators.Users.CreateUserCommandValidatorTests.Validate_PasswordMissingRequiredCharacters_ShouldFail(password: &quot;password&quot;)" computerName="RAY" duration="00:00:00.0006786" startTime="2025-09-07T22:30:01.3075643+07:00" endTime="2025-09-07T22:30:01.3075644+07:00" testType="13cdc9d9-ddb5-4fa4-a97d-d965ccfc6d4b" outcome="Passed" testListId="8c84fa94-04c1-424b-9868-57a2d4851a1d" relativeResultsDirectory="6602f688-01d3-421c-919f-0cf6768cf00c" />
    <UnitTestResult executionId="4136a749-795f-4e90-969d-d4a10ae6588b" testId="37e237aa-6ffd-52ef-1e78-2ecd10ea0bb7" testName="ShopFlow.Application.Tests.Validators.Users.CreateUserCommandValidatorTests.Validate_ValidPasswordFormats_ShouldPass(password: &quot;MySecure1@&quot;)" computerName="RAY" duration="00:00:00.0010883" startTime="2025-09-07T22:30:01.3302249+07:00" endTime="2025-09-07T22:30:01.3302250+07:00" testType="13cdc9d9-ddb5-4fa4-a97d-d965ccfc6d4b" outcome="Passed" testListId="8c84fa94-04c1-424b-9868-57a2d4851a1d" relativeResultsDirectory="4136a749-795f-4e90-969d-d4a10ae6588b" />
    <UnitTestResult executionId="9bc3b06f-6341-4ea3-b6e1-0aa895585108" testId="bfc86520-dd6e-ac4f-f264-565ff9379017" testName="ShopFlow.Application.Tests.Handlers.Users.GetUserQueryHandlerTests.Handle_DifferentUserIds_ShouldCallRepositoryWithCorrectId(userId: 1)" computerName="RAY" duration="00:00:00.0013602" startTime="2025-09-07T22:30:01.2976826+07:00" endTime="2025-09-07T22:30:01.2976826+07:00" testType="13cdc9d9-ddb5-4fa4-a97d-d965ccfc6d4b" outcome="Passed" testListId="8c84fa94-04c1-424b-9868-57a2d4851a1d" relativeResultsDirectory="9bc3b06f-6341-4ea3-b6e1-0aa895585108" />
    <UnitTestResult executionId="5ba679c3-ab5d-4fd4-a53f-ccbadbd4626c" testId="57f8eac0-5aec-6a48-bf16-6c6c4a0d18e8" testName="ShopFlow.Application.Tests.Validators.Users.CreateUserCommandValidatorTests.Validate_InvalidGender_ShouldFail(gender: &quot;female&quot;)" computerName="RAY" duration="00:00:00.0008361" startTime="2025-09-07T22:30:01.3404438+07:00" endTime="2025-09-07T22:30:01.3404439+07:00" testType="13cdc9d9-ddb5-4fa4-a97d-d965ccfc6d4b" outcome="Passed" testListId="8c84fa94-04c1-424b-9868-57a2d4851a1d" relativeResultsDirectory="5ba679c3-ab5d-4fd4-a53f-ccbadbd4626c" />
    <UnitTestResult executionId="c1d699ac-475f-421d-bf6f-5d8d3e9311ee" testId="9ccf2007-f4ab-07a3-4b07-1de9bd4897fb" testName="ShopFlow.Application.Tests.Validators.Users.CreateUserCommandValidatorTests.Validate_EmptyPassword_ShouldFail(password: &quot;   &quot;)" computerName="RAY" duration="00:00:00.0006937" startTime="2025-09-07T22:30:01.3352146+07:00" endTime="2025-09-07T22:30:01.3352147+07:00" testType="13cdc9d9-ddb5-4fa4-a97d-d965ccfc6d4b" outcome="Passed" testListId="8c84fa94-04c1-424b-9868-57a2d4851a1d" relativeResultsDirectory="c1d699ac-475f-421d-bf6f-5d8d3e9311ee" />
    <UnitTestResult executionId="26746c05-55ef-4a37-bb48-03905f610402" testId="ed2e2eb8-31b5-396b-f786-33dd14da3b9d" testName="ShopFlow.Application.Tests.Validators.Users.CreateUserCommandValidatorTests.Validate_PasswordTooShort_ShouldFail(password: &quot;Pass123&quot;)" computerName="RAY" duration="00:00:00.0016609" startTime="2025-09-07T22:30:01.3027090+07:00" endTime="2025-09-07T22:30:01.3027091+07:00" testType="13cdc9d9-ddb5-4fa4-a97d-d965ccfc6d4b" outcome="Passed" testListId="8c84fa94-04c1-424b-9868-57a2d4851a1d" relativeResultsDirectory="26746c05-55ef-4a37-bb48-03905f610402" />
    <UnitTestResult executionId="cd25f51b-cdd5-4e68-97d2-6dbc5a2b3316" testId="af27aad0-f374-05c4-b7f3-9603f172d5c6" testName="ShopFlow.Application.Tests.Validators.Users.CreateUserCommandValidatorTests.Validate_ValidFullName_ShouldPass" computerName="RAY" duration="00:00:00.0011529" startTime="2025-09-07T22:30:01.3434373+07:00" endTime="2025-09-07T22:30:01.3434376+07:00" testType="13cdc9d9-ddb5-4fa4-a97d-d965ccfc6d4b" outcome="Passed" testListId="8c84fa94-04c1-424b-9868-57a2d4851a1d" relativeResultsDirectory="cd25f51b-cdd5-4e68-97d2-6dbc5a2b3316" />
    <UnitTestResult executionId="2efeedd1-bd6a-449e-8078-f1d5a9c7b914" testId="94f2a285-982a-2202-9ac7-db081235018f" testName="ShopFlow.Application.Tests.Validators.Users.CreateUserCommandValidatorTests.Validate_EmptyEmail_ShouldFail(email: &quot;&quot;)" computerName="RAY" duration="00:00:00.0006983" startTime="2025-09-07T22:30:01.3512444+07:00" endTime="2025-09-07T22:30:01.3512445+07:00" testType="13cdc9d9-ddb5-4fa4-a97d-d965ccfc6d4b" outcome="Passed" testListId="8c84fa94-04c1-424b-9868-57a2d4851a1d" relativeResultsDirectory="2efeedd1-bd6a-449e-8078-f1d5a9c7b914" />
    <UnitTestResult executionId="a3fa8a5e-58bc-449c-bd96-6a5667c494bb" testId="e215348e-1d53-0fa1-faeb-4093795189f1" testName="ShopFlow.Application.Tests.Validators.Users.CreateUserCommandValidatorTests.Validate_InvalidPhoneFormat_ShouldFail(phone: &quot;1&quot;)" computerName="RAY" duration="00:00:00.0082083" startTime="2025-09-07T22:30:01.3019838+07:00" endTime="2025-09-07T22:30:01.3019838+07:00" testType="13cdc9d9-ddb5-4fa4-a97d-d965ccfc6d4b" outcome="Passed" testListId="8c84fa94-04c1-424b-9868-57a2d4851a1d" relativeResultsDirectory="a3fa8a5e-58bc-449c-bd96-6a5667c494bb" />
    <UnitTestResult executionId="61b04814-8de7-4f5b-8432-03addebd54f4" testId="e8b4c273-3f76-ef07-ec01-9217d6987a13" testName="ShopFlow.Application.Tests.Validators.Users.CreateUserCommandValidatorTests.Validate_ValidPhoneFormats_ShouldPass(phone: &quot;+1234567890&quot;)" computerName="RAY" duration="00:00:00.0015328" startTime="2025-09-07T22:30:01.2997776+07:00" endTime="2025-09-07T22:30:01.2997777+07:00" testType="13cdc9d9-ddb5-4fa4-a97d-d965ccfc6d4b" outcome="Passed" testListId="8c84fa94-04c1-424b-9868-57a2d4851a1d" relativeResultsDirectory="61b04814-8de7-4f5b-8432-03addebd54f4" />
    <UnitTestResult executionId="550e8706-7c9a-4ed8-be24-78362bec4ef0" testId="81fff8d8-f598-9d1d-647b-c33c4d89f3aa" testName="ShopFlow.Application.Tests.Handlers.Users.CreateUserCommandHandlerTests.Handle_CreatedUserHasCorrectDomainProperties" computerName="RAY" duration="00:00:00.0078825" startTime="2025-09-07T22:30:01.3016102+07:00" endTime="2025-09-07T22:30:01.3016103+07:00" testType="13cdc9d9-ddb5-4fa4-a97d-d965ccfc6d4b" outcome="Passed" testListId="8c84fa94-04c1-424b-9868-57a2d4851a1d" relativeResultsDirectory="550e8706-7c9a-4ed8-be24-78362bec4ef0" />
    <UnitTestResult executionId="57bea935-a8d3-44bb-9f4e-465fe39b2816" testId="03f6a312-464b-acd0-c75c-ffc7d5309343" testName="ShopFlow.Application.Tests.Validators.Users.CreateUserCommandValidatorTests.Validate_ValidPhoneFormats_ShouldPass(phone: &quot;1234567890&quot;)" computerName="RAY" duration="00:00:00.0014280" startTime="2025-09-07T22:30:01.3002188+07:00" endTime="2025-09-07T22:30:01.3002189+07:00" testType="13cdc9d9-ddb5-4fa4-a97d-d965ccfc6d4b" outcome="Passed" testListId="8c84fa94-04c1-424b-9868-57a2d4851a1d" relativeResultsDirectory="57bea935-a8d3-44bb-9f4e-465fe39b2816" />
    <UnitTestResult executionId="acf2544f-fa92-4cba-a33b-9559f6d446a7" testId="95f6d561-4b3d-c17a-fcdc-4ee6e8784f1c" testName="ShopFlow.Application.Tests.Validators.Users.CreateUserCommandValidatorTests.Validate_NullDateOfBirth_ShouldPass" computerName="RAY" duration="00:00:00.0011597" startTime="2025-09-07T22:30:01.3486662+07:00" endTime="2025-09-07T22:30:01.3486663+07:00" testType="13cdc9d9-ddb5-4fa4-a97d-d965ccfc6d4b" outcome="Passed" testListId="8c84fa94-04c1-424b-9868-57a2d4851a1d" relativeResultsDirectory="acf2544f-fa92-4cba-a33b-9559f6d446a7" />
    <UnitTestResult executionId="377ebd56-b955-4deb-8b68-c589898094ef" testId="393b80f2-527d-b2d3-cb4b-77de628c1a4d" testName="ShopFlow.Application.Tests.Validators.Users.CreateUserCommandValidatorTests.Validate_InvalidGender_ShouldFail(gender: &quot;NonBinary&quot;)" computerName="RAY" duration="00:00:00.0009094" startTime="2025-09-07T22:30:01.3395629+07:00" endTime="2025-09-07T22:30:01.3395630+07:00" testType="13cdc9d9-ddb5-4fa4-a97d-d965ccfc6d4b" outcome="Passed" testListId="8c84fa94-04c1-424b-9868-57a2d4851a1d" relativeResultsDirectory="377ebd56-b955-4deb-8b68-c589898094ef" />
    <UnitTestResult executionId="d4f08710-7757-431b-a88d-2c28e19c4335" testId="e398c0dc-036e-9d45-da68-dc001f666a4d" testName="ShopFlow.Application.Tests.Validators.Users.CreateUserCommandValidatorTests.Validate_ValidGender_ShouldPass(gender: &quot;Other&quot;)" computerName="RAY" duration="00:00:00.0009741" startTime="2025-09-07T22:30:01.3232460+07:00" endTime="2025-09-07T22:30:01.3232462+07:00" testType="13cdc9d9-ddb5-4fa4-a97d-d965ccfc6d4b" outcome="Passed" testListId="8c84fa94-04c1-424b-9868-57a2d4851a1d" relativeResultsDirectory="d4f08710-7757-431b-a88d-2c28e19c4335" />
    <UnitTestResult executionId="126f76a6-c486-44a4-b843-482c55060079" testId="ed82f227-9fd7-3fd8-eb7a-93442da42f69" testName="ShopFlow.Application.Tests.Validators.Users.CreateUserCommandValidatorTests.Validate_EmptyPhone_ShouldPass" computerName="RAY" duration="00:00:00.0012933" startTime="2025-09-07T22:30:01.3246228+07:00" endTime="2025-09-07T22:30:01.3246230+07:00" testType="13cdc9d9-ddb5-4fa4-a97d-d965ccfc6d4b" outcome="Passed" testListId="8c84fa94-04c1-424b-9868-57a2d4851a1d" relativeResultsDirectory="126f76a6-c486-44a4-b843-482c55060079" />
    <UnitTestResult executionId="3af01157-9279-4202-ac9e-33bcccbcdbeb" testId="384efe0a-b926-12ae-eef8-2ae406426158" testName="ShopFlow.Application.Tests.Behaviors.ValidationBehaviorTests.Handle_MultipleValidators_ShouldRunAllValidators" computerName="RAY" duration="00:00:00.0044359" startTime="2025-09-07T22:30:01.3035584+07:00" endTime="2025-09-07T22:30:01.3035586+07:00" testType="13cdc9d9-ddb5-4fa4-a97d-d965ccfc6d4b" outcome="Passed" testListId="8c84fa94-04c1-424b-9868-57a2d4851a1d" relativeResultsDirectory="3af01157-9279-4202-ac9e-33bcccbcdbeb" />
    <UnitTestResult executionId="99437217-06e4-4828-a3a1-2d3b9fd95538" testId="5fa2c0de-b48e-21f8-4b1e-0189a89bc64d" testName="ShopFlow.Application.Tests.Validators.Users.CreateUserCommandValidatorTests.Validate_PasswordMissingRequiredCharacters_ShouldFail(password: &quot;password123!&quot;)" computerName="RAY" duration="00:00:00.0007572" startTime="2025-09-07T22:30:01.3099462+07:00" endTime="2025-09-07T22:30:01.3099463+07:00" testType="13cdc9d9-ddb5-4fa4-a97d-d965ccfc6d4b" outcome="Passed" testListId="8c84fa94-04c1-424b-9868-57a2d4851a1d" relativeResultsDirectory="99437217-06e4-4828-a3a1-2d3b9fd95538" />
    <UnitTestResult executionId="ac6d9182-1cf3-4350-9793-a29076d0bc07" testId="1eaf2875-2adb-95b7-dd25-91d08b7e17df" testName="ShopFlow.Application.Tests.Validators.Users.CreateUserCommandValidatorTests.Validate_FullNameExactly100Characters_ShouldPass" computerName="RAY" duration="00:00:00.0017939" startTime="2025-09-07T22:30:01.3008874+07:00" endTime="2025-09-07T22:30:01.3008874+07:00" testType="13cdc9d9-ddb5-4fa4-a97d-d965ccfc6d4b" outcome="Passed" testListId="8c84fa94-04c1-424b-9868-57a2d4851a1d" relativeResultsDirectory="ac6d9182-1cf3-4350-9793-a29076d0bc07" />
    <UnitTestResult executionId="2b2fb788-694d-4d0e-82e4-a769cb3391c2" testId="93282b54-bce4-eadf-2e0f-f3190a797262" testName="ShopFlow.Application.Tests.Validators.Users.CreateUserCommandValidatorTests.Validate_ValidGender_ShouldPass(gender: &quot;Male&quot;)" computerName="RAY" duration="00:00:00.0009376" startTime="2025-09-07T22:30:01.3183671+07:00" endTime="2025-09-07T22:30:01.3183673+07:00" testType="13cdc9d9-ddb5-4fa4-a97d-d965ccfc6d4b" outcome="Passed" testListId="8c84fa94-04c1-424b-9868-57a2d4851a1d" relativeResultsDirectory="2b2fb788-694d-4d0e-82e4-a769cb3391c2" />
    <UnitTestResult executionId="3be7268b-60f7-4011-9f39-a635eb514977" testId="4aebb4ba-16e3-6143-7d49-90ab3fe6483e" testName="ShopFlow.Application.Tests.Handlers.Users.CreateUserCommandHandlerTests.Handle_ValidCommand_ShouldCreateUserSuccessfully" computerName="RAY" duration="00:00:00.0137166" startTime="2025-09-07T22:30:01.3026468+07:00" endTime="2025-09-07T22:30:01.3026469+07:00" testType="13cdc9d9-ddb5-4fa4-a97d-d965ccfc6d4b" outcome="Passed" testListId="8c84fa94-04c1-424b-9868-57a2d4851a1d" relativeResultsDirectory="3be7268b-60f7-4011-9f39-a635eb514977" />
    <UnitTestResult executionId="4b31477f-3584-48db-9a6a-30a2e00e32a1" testId="889cee8d-15a6-b587-d04c-efdb6a39e275" testName="ShopFlow.Application.Tests.Validators.Users.CreateUserCommandValidatorTests.Validate_PasswordTooShort_ShouldFail(password: &quot;short&quot;)" computerName="RAY" duration="00:00:00.0019772" startTime="2025-09-07T22:30:01.3028203+07:00" endTime="2025-09-07T22:30:01.3028204+07:00" testType="13cdc9d9-ddb5-4fa4-a97d-d965ccfc6d4b" outcome="Passed" testListId="8c84fa94-04c1-424b-9868-57a2d4851a1d" relativeResultsDirectory="4b31477f-3584-48db-9a6a-30a2e00e32a1" />
    <UnitTestResult executionId="f52254d1-4ad8-414c-9a0b-ea22da87c876" testId="3cc10f75-12d5-0772-b43a-27eca641433d" testName="ShopFlow.Application.Tests.Handlers.Users.GetUserQueryHandlerTests.Handle_DifferentUserIds_ShouldCallRepositoryWithCorrectId(userId: 9223372036854775807)" computerName="RAY" duration="00:00:00.0011155" startTime="2025-09-07T22:30:01.2977745+07:00" endTime="2025-09-07T22:30:01.2977745+07:00" testType="13cdc9d9-ddb5-4fa4-a97d-d965ccfc6d4b" outcome="Passed" testListId="8c84fa94-04c1-424b-9868-57a2d4851a1d" relativeResultsDirectory="f52254d1-4ad8-414c-9a0b-ea22da87c876" />
    <UnitTestResult executionId="260840e9-f621-4d8e-8110-edd2d1b9bf02" testId="4233b0cf-d9ed-51d6-e376-c0d3710659e4" testName="ShopFlow.Application.Tests.Handlers.Users.GetUserQueryHandlerTests.Handle_UserWithDifferentStatuses_ShouldReturnCorrectStatus(status: Inactive, expectedStatusByte: 0)" computerName="RAY" duration="00:00:00.0005694" startTime="2025-09-07T22:30:01.2545931+07:00" endTime="2025-09-07T22:30:01.2545933+07:00" testType="13cdc9d9-ddb5-4fa4-a97d-d965ccfc6d4b" outcome="Passed" testListId="8c84fa94-04c1-424b-9868-57a2d4851a1d" relativeResultsDirectory="260840e9-f621-4d8e-8110-edd2d1b9bf02" />
    <UnitTestResult executionId="0e45417f-6bbc-4843-8a33-2a7679bf560a" testId="ef878ae3-3bb8-a3e3-3413-cab100e5a977" testName="ShopFlow.Application.Tests.Handlers.Users.CreateUserCommandHandlerTests.Handle_InvalidEmail_ShouldThrowArgumentException(invalidEmail: &quot;&quot;)" computerName="RAY" duration="00:00:00.0012262" startTime="2025-09-07T22:30:01.2998006+07:00" endTime="2025-09-07T22:30:01.2998006+07:00" testType="13cdc9d9-ddb5-4fa4-a97d-d965ccfc6d4b" outcome="Passed" testListId="8c84fa94-04c1-424b-9868-57a2d4851a1d" relativeResultsDirectory="0e45417f-6bbc-4843-8a33-2a7679bf560a" />
    <UnitTestResult executionId="fc68560b-f4da-4b98-a258-267f462f7f09" testId="59ecf9aa-6cbe-da39-ae09-1fe92b8e9927" testName="ShopFlow.Application.Tests.Validators.Users.CreateUserCommandValidatorTests.Validate_MultipleValidationErrors_ShouldReturnAllErrors" computerName="RAY" duration="00:00:00.0006497" startTime="2025-09-07T22:30:01.3327586+07:00" endTime="2025-09-07T22:30:01.3327587+07:00" testType="13cdc9d9-ddb5-4fa4-a97d-d965ccfc6d4b" outcome="Passed" testListId="8c84fa94-04c1-424b-9868-57a2d4851a1d" relativeResultsDirectory="fc68560b-f4da-4b98-a258-267f462f7f09" />
    <UnitTestResult executionId="30bde8b1-0b12-455e-8f59-a28ea42f5345" testId="69b360a8-9ede-8b6a-ded6-eaf9897dd710" testName="ShopFlow.Application.Tests.Handlers.Users.GetUserQueryHandlerTests.Handle_ExistingUser_ShouldReturnUserResponse" computerName="RAY" duration="00:00:00.0031916" startTime="2025-09-07T22:30:01.3008281+07:00" endTime="2025-09-07T22:30:01.3008282+07:00" testType="13cdc9d9-ddb5-4fa4-a97d-d965ccfc6d4b" outcome="Passed" testListId="8c84fa94-04c1-424b-9868-57a2d4851a1d" relativeResultsDirectory="30bde8b1-0b12-455e-8f59-a28ea42f5345" />
    <UnitTestResult executionId="16bcf19f-b62c-4015-9d42-ca179fac6be0" testId="b02db883-5e5f-b796-7234-fe579f64fbdc" testName="ShopFlow.Application.Tests.Validators.Users.CreateUserCommandValidatorTests.Validate_ValidGender_ShouldPass(gender: &quot;&quot;)" computerName="RAY" duration="00:00:00.0011631" startTime="2025-09-07T22:30:01.3173807+07:00" endTime="2025-09-07T22:30:01.3173809+07:00" testType="13cdc9d9-ddb5-4fa4-a97d-d965ccfc6d4b" outcome="Passed" testListId="8c84fa94-04c1-424b-9868-57a2d4851a1d" relativeResultsDirectory="16bcf19f-b62c-4015-9d42-ca179fac6be0" />
    <UnitTestResult executionId="8f745ae6-ac81-4ddb-8aee-3b2bf1778543" testId="8d83daba-c409-b9fe-c741-9fb737159c4c" testName="ShopFlow.Application.Tests.Validators.Users.CreateUserCommandValidatorTests.Validate_PasswordTooShort_ShouldFail(password: &quot;1234567&quot;)" computerName="RAY" duration="00:00:00.0013917" startTime="2025-09-07T22:30:01.3029592+07:00" endTime="2025-09-07T22:30:01.3029592+07:00" testType="13cdc9d9-ddb5-4fa4-a97d-d965ccfc6d4b" outcome="Passed" testListId="8c84fa94-04c1-424b-9868-57a2d4851a1d" relativeResultsDirectory="8f745ae6-ac81-4ddb-8aee-3b2bf1778543" />
    <UnitTestResult executionId="bef869a8-dd04-4c1d-a466-7b4dcdabb2d3" testId="2e862318-0ee8-8ae8-6e32-f91f571557d7" testName="ShopFlow.Application.Tests.Validators.Users.CreateUserCommandValidatorTests.Validate_InvalidEmailFormat_ShouldFail(email: &quot;invalid-email&quot;)" computerName="RAY" duration="00:00:00.0012626" startTime="2025-09-07T22:30:01.3036750+07:00" endTime="2025-09-07T22:30:01.3036751+07:00" testType="13cdc9d9-ddb5-4fa4-a97d-d965ccfc6d4b" outcome="Passed" testListId="8c84fa94-04c1-424b-9868-57a2d4851a1d" relativeResultsDirectory="bef869a8-dd04-4c1d-a466-7b4dcdabb2d3" />
    <UnitTestResult executionId="72fb5f6b-be66-4d37-9c0e-531bcc7f63ea" testId="7fedc20d-f22e-4ce0-6f70-8572219a4b26" testName="ShopFlow.Application.Tests.Behaviors.ValidationBehaviorTests.Handle_CancellationTokenPassed_ShouldPassToValidators" computerName="RAY" duration="00:00:00.0041036" startTime="2025-09-07T22:30:01.3066410+07:00" endTime="2025-09-07T22:30:01.3066411+07:00" testType="13cdc9d9-ddb5-4fa4-a97d-d965ccfc6d4b" outcome="Passed" testListId="8c84fa94-04c1-424b-9868-57a2d4851a1d" relativeResultsDirectory="72fb5f6b-be66-4d37-9c0e-531bcc7f63ea" />
    <UnitTestResult executionId="88bb4344-3a2d-4f07-962e-31cfd3f43ffd" testId="bcb2ee01-0a1c-52ea-0564-1e453209c203" testName="ShopFlow.Application.Tests.Validators.Users.CreateUserCommandValidatorTests.Validate_EmailExactly100Characters_ShouldPass" computerName="RAY" duration="00:00:00.0009418" startTime="2025-09-07T22:30:01.3528970+07:00" endTime="2025-09-07T22:30:01.3528971+07:00" testType="13cdc9d9-ddb5-4fa4-a97d-d965ccfc6d4b" outcome="Passed" testListId="8c84fa94-04c1-424b-9868-57a2d4851a1d" relativeResultsDirectory="88bb4344-3a2d-4f07-962e-31cfd3f43ffd" />
    <UnitTestResult executionId="6bbacbdd-b244-4f33-b3df-4cf03c2110b7" testId="4a1c7353-1942-9bc9-4c50-b66f3d499f13" testName="ShopFlow.Application.Tests.Validators.Users.CreateUserCommandValidatorTests.Validate_InvalidEmailFormat_ShouldFail(email: &quot;test.example.com&quot;)" computerName="RAY" duration="00:00:00.0010084" startTime="2025-09-07T22:30:01.3039828+07:00" endTime="2025-09-07T22:30:01.3039829+07:00" testType="13cdc9d9-ddb5-4fa4-a97d-d965ccfc6d4b" outcome="Passed" testListId="8c84fa94-04c1-424b-9868-57a2d4851a1d" relativeResultsDirectory="6bbacbdd-b244-4f33-b3df-4cf03c2110b7" />
    <UnitTestResult executionId="f4c19da3-5c6e-4264-858b-a29ec2717e1c" testId="def86f68-9f92-71c8-bf98-e100956f78f4" testName="ShopFlow.Application.Tests.Validators.Users.CreateUserCommandValidatorTests.Validate_NullPhone_ShouldPass" computerName="RAY" duration="00:00:00.0010635" startTime="2025-09-07T22:30:01.3454008+07:00" endTime="2025-09-07T22:30:01.3454009+07:00" testType="13cdc9d9-ddb5-4fa4-a97d-d965ccfc6d4b" outcome="Passed" testListId="8c84fa94-04c1-424b-9868-57a2d4851a1d" relativeResultsDirectory="f4c19da3-5c6e-4264-858b-a29ec2717e1c" />
    <UnitTestResult executionId="83fa2926-bc55-479b-af80-cb15adc99068" testId="1bd3eee9-d70b-116a-84c9-178da9f99ec6" testName="ShopFlow.Application.Tests.Behaviors.ValidationBehaviorTests.Handle_ValidationContextCreatedCorrectly_ShouldUseCorrectRequest" computerName="RAY" duration="00:00:00.0100703" startTime="2025-09-07T22:30:01.3009973+07:00" endTime="2025-09-07T22:30:01.3009974+07:00" testType="13cdc9d9-ddb5-4fa4-a97d-d965ccfc6d4b" outcome="Passed" testListId="8c84fa94-04c1-424b-9868-57a2d4851a1d" relativeResultsDirectory="83fa2926-bc55-479b-af80-cb15adc99068" />
    <UnitTestResult executionId="49fcba53-1f10-4828-9aa2-dfb65cdba5ea" testId="eea35d2b-2eb4-5b99-f697-e5d88903799a" testName="ShopFlow.Application.Tests.Validators.Users.CreateUserCommandValidatorTests.Validate_FullyValidCommand_ShouldPass" computerName="RAY" duration="00:00:00.0004073" startTime="2025-09-07T22:30:01.3533375+07:00" endTime="2025-09-07T22:30:01.3533376+07:00" testType="13cdc9d9-ddb5-4fa4-a97d-d965ccfc6d4b" outcome="Passed" testListId="8c84fa94-04c1-424b-9868-57a2d4851a1d" relativeResultsDirectory="49fcba53-1f10-4828-9aa2-dfb65cdba5ea" />
    <UnitTestResult executionId="5f4830d7-4b56-4897-8e8f-9f62c4f53fb0" testId="81c7748a-43cb-8799-dfea-52311e3756a1" testName="ShopFlow.Application.Tests.Handlers.Users.CreateUserCommandHandlerTests.Handle_InvalidPhone_ShouldThrowArgumentException(invalidPhone: &quot;+84 123 456 789 123&quot;)" computerName="RAY" duration="00:00:00.0015368" startTime="2025-09-07T22:30:01.2978374+07:00" endTime="2025-09-07T22:30:01.2978375+07:00" testType="13cdc9d9-ddb5-4fa4-a97d-d965ccfc6d4b" outcome="Passed" testListId="8c84fa94-04c1-424b-9868-57a2d4851a1d" relativeResultsDirectory="5f4830d7-4b56-4897-8e8f-9f62c4f53fb0" />
    <UnitTestResult executionId="d11f10c8-ccca-4367-9e33-f0c41dcb2125" testId="77b53e1b-6384-fc1e-ba8c-549d17b8a292" testName="ShopFlow.Application.Tests.Validators.Users.CreateUserCommandValidatorTests.Validate_InvalidGender_ShouldFail(gender: &quot;Unknown&quot;)" computerName="RAY" duration="00:00:00.0009307" startTime="2025-09-07T22:30:01.3386048+07:00" endTime="2025-09-07T22:30:01.3386049+07:00" testType="13cdc9d9-ddb5-4fa4-a97d-d965ccfc6d4b" outcome="Passed" testListId="8c84fa94-04c1-424b-9868-57a2d4851a1d" relativeResultsDirectory="d11f10c8-ccca-4367-9e33-f0c41dcb2125" />
    <UnitTestResult executionId="adc100e6-a9c6-4b10-958f-8654532a3aeb" testId="f5bbb5e2-b30c-a690-4173-bd77bf064b58" testName="ShopFlow.Application.Tests.Behaviors.ValidationBehaviorTests.Handle_MultipleValidatorsWithFailures_ShouldCombineAllFailures" computerName="RAY" duration="00:00:00.0067855" startTime="2025-09-07T22:30:01.2992657+07:00" endTime="2025-09-07T22:30:01.2992657+07:00" testType="13cdc9d9-ddb5-4fa4-a97d-d965ccfc6d4b" outcome="Passed" testListId="8c84fa94-04c1-424b-9868-57a2d4851a1d" relativeResultsDirectory="adc100e6-a9c6-4b10-958f-8654532a3aeb" />
    <UnitTestResult executionId="d814a051-4614-480e-8de0-48b992e43b57" testId="f2807d54-7676-6d78-9d9c-ca8b31a899a0" testName="ShopFlow.Application.Tests.Behaviors.ValidationBehaviorTests.Handle_ValidRequest_ShouldCallNext" computerName="RAY" duration="00:00:00.0121448" startTime="2025-09-07T22:30:01.3020351+07:00" endTime="2025-09-07T22:30:01.3020352+07:00" testType="13cdc9d9-ddb5-4fa4-a97d-d965ccfc6d4b" outcome="Passed" testListId="8c84fa94-04c1-424b-9868-57a2d4851a1d" relativeResultsDirectory="d814a051-4614-480e-8de0-48b992e43b57" />
    <UnitTestResult executionId="3741c1b5-ff36-43cf-9362-f4b8c97f459d" testId="9ecb7dcb-fa2e-f3d0-4bf5-95e0ba5a7642" testName="ShopFlow.Application.Tests.Behaviors.ValidationBehaviorTests.Handle_InvalidRequest_ShouldThrowValidationException" computerName="RAY" duration="00:00:00.1323541" startTime="2025-09-07T22:30:01.2976311+07:00" endTime="2025-09-07T22:30:01.2976311+07:00" testType="13cdc9d9-ddb5-4fa4-a97d-d965ccfc6d4b" outcome="Passed" testListId="8c84fa94-04c1-424b-9868-57a2d4851a1d" relativeResultsDirectory="3741c1b5-ff36-43cf-9362-f4b8c97f459d" />
    <UnitTestResult executionId="a64a106f-7ddb-4423-b135-9d2fd3a33071" testId="702a5195-b49d-070b-d1eb-c62c3daf4012" testName="ShopFlow.Application.Tests.Validators.Users.CreateUserCommandValidatorTests.Validate_ValidPhoneFormats_ShouldPass(phone: &quot;+84987654321&quot;)" computerName="RAY" duration="00:00:00.1342372" startTime="2025-09-07T22:30:01.2991418+07:00" endTime="2025-09-07T22:30:01.2991418+07:00" testType="13cdc9d9-ddb5-4fa4-a97d-d965ccfc6d4b" outcome="Passed" testListId="8c84fa94-04c1-424b-9868-57a2d4851a1d" relativeResultsDirectory="a64a106f-7ddb-4423-b135-9d2fd3a33071" />
    <UnitTestResult executionId="0219ce73-f045-4e9e-8b83-f63150fa6a7c" testId="d9d08132-2e6d-0e46-6212-cb2965c97c72" testName="ShopFlow.Application.Tests.Validators.Users.CreateUserCommandValidatorTests.Validate_EmptyEmail_ShouldFail(email: &quot;   &quot;)" computerName="RAY" duration="00:00:00.0006408" startTime="2025-09-07T22:30:01.3519163+07:00" endTime="2025-09-07T22:30:01.3519164+07:00" testType="13cdc9d9-ddb5-4fa4-a97d-d965ccfc6d4b" outcome="Passed" testListId="8c84fa94-04c1-424b-9868-57a2d4851a1d" relativeResultsDirectory="0219ce73-f045-4e9e-8b83-f63150fa6a7c" />
    <UnitTestResult executionId="a767dea8-5a50-4d32-b70e-468bc943d0d5" testId="fa0ec154-f3ec-878c-ffb3-af8cd605d9a4" testName="ShopFlow.Application.Tests.Handlers.Users.CreateUserCommandHandlerTests.Handle_InvalidEmail_ShouldThrowArgumentException(invalidEmail: &quot;   &quot;)" computerName="RAY" duration="00:00:00.0023293" startTime="2025-09-07T22:30:01.2993041+07:00" endTime="2025-09-07T22:30:01.2993042+07:00" testType="13cdc9d9-ddb5-4fa4-a97d-d965ccfc6d4b" outcome="Passed" testListId="8c84fa94-04c1-424b-9868-57a2d4851a1d" relativeResultsDirectory="a767dea8-5a50-4d32-b70e-468bc943d0d5" />
    <UnitTestResult executionId="b6219713-1f81-4e9f-8c57-02731d0ae1e2" testId="9478572a-3a63-3c60-50e0-227017ff501a" testName="ShopFlow.Application.Tests.Behaviors.ValidationBehaviorTests.Handle_NextHandlerThrowsException_ShouldPropagateException" computerName="RAY" duration="00:00:00.0018981" startTime="2025-09-07T22:30:01.3110271+07:00" endTime="2025-09-07T22:30:01.3110272+07:00" testType="13cdc9d9-ddb5-4fa4-a97d-d965ccfc6d4b" outcome="Passed" testListId="8c84fa94-04c1-424b-9868-57a2d4851a1d" relativeResultsDirectory="b6219713-1f81-4e9f-8c57-02731d0ae1e2" />
    <UnitTestResult executionId="935c0cf7-5abe-4c74-aa01-ebc3a4f1205f" testId="b5072625-e5c5-b5e0-fdd5-27ea5656cd0c" testName="ShopFlow.Application.Tests.Validators.Users.CreateUserCommandValidatorTests.Validate_ValidAge_ShouldPass" computerName="RAY" duration="00:00:00.0010068" startTime="2025-09-07T22:30:01.3474592+07:00" endTime="2025-09-07T22:30:01.3474593+07:00" testType="13cdc9d9-ddb5-4fa4-a97d-d965ccfc6d4b" outcome="Passed" testListId="8c84fa94-04c1-424b-9868-57a2d4851a1d" relativeResultsDirectory="935c0cf7-5abe-4c74-aa01-ebc3a4f1205f" />
    <UnitTestResult executionId="c7bc2fa0-35ff-4484-9574-e6e3bb25e48d" testId="e2c401b4-5798-f440-81c2-e76f812b8045" testName="ShopFlow.Application.Tests.Handlers.Users.CreateUserCommandHandlerTests.Handle_InvalidPhone_ShouldThrowArgumentException(invalidPhone: &quot;abc123def&quot;)" computerName="RAY" duration="00:00:00.0016460" startTime="2025-09-07T22:30:01.2991766+07:00" endTime="2025-09-07T22:30:01.2991766+07:00" testType="13cdc9d9-ddb5-4fa4-a97d-d965ccfc6d4b" outcome="Passed" testListId="8c84fa94-04c1-424b-9868-57a2d4851a1d" relativeResultsDirectory="c7bc2fa0-35ff-4484-9574-e6e3bb25e48d" />
    <UnitTestResult executionId="309dd016-873d-4774-977b-54a66844e3bb" testId="11dcd257-5a28-3fb2-d4ed-e81dfe036e1c" testName="ShopFlow.Application.Tests.Handlers.Users.GetUserQueryHandlerTests.Handle_UserWithDifferentStatuses_ShouldReturnCorrectStatus(status: Active, expectedStatusByte: 1)" computerName="RAY" duration="00:00:00.0006184" startTime="2025-09-07T22:30:01.2541004+07:00" endTime="2025-09-07T22:30:01.2541004+07:00" testType="13cdc9d9-ddb5-4fa4-a97d-d965ccfc6d4b" outcome="Passed" testListId="8c84fa94-04c1-424b-9868-57a2d4851a1d" relativeResultsDirectory="309dd016-873d-4774-977b-54a66844e3bb" />
    <UnitTestResult executionId="c040e7da-9bc1-4d1e-b6c0-17a211953bce" testId="4771bb6b-1b88-1e83-2187-f8dac5f6705a" testName="ShopFlow.Application.Tests.Behaviors.ValidationBehaviorTests.Handle_NoValidators_ShouldCallNext" computerName="RAY" duration="00:00:00.0041051" startTime="2025-09-07T22:30:01.3027586+07:00" endTime="2025-09-07T22:30:01.3027586+07:00" testType="13cdc9d9-ddb5-4fa4-a97d-d965ccfc6d4b" outcome="Passed" testListId="8c84fa94-04c1-424b-9868-57a2d4851a1d" relativeResultsDirectory="c040e7da-9bc1-4d1e-b6c0-17a211953bce" />
    <UnitTestResult executionId="48688a09-1eea-45f2-8295-9185a138f336" testId="0cc415a2-0ea1-ac25-47de-1b06150553ab" testName="ShopFlow.Application.Tests.Validators.Users.CreateUserCommandValidatorTests.Validate_ValidPhoneFormats_ShouldPass(phone: &quot;+112345&quot;)" computerName="RAY" duration="00:00:00.0016123" startTime="2025-09-07T22:30:01.2996845+07:00" endTime="2025-09-07T22:30:01.2996846+07:00" testType="13cdc9d9-ddb5-4fa4-a97d-d965ccfc6d4b" outcome="Passed" testListId="8c84fa94-04c1-424b-9868-57a2d4851a1d" relativeResultsDirectory="48688a09-1eea-45f2-8295-9185a138f336" />
    <UnitTestResult executionId="b7d1f7ad-9c8c-4777-83b5-7730b44ef9fa" testId="c391fdeb-9d14-1afd-aced-986cb20538aa" testName="ShopFlow.Application.Tests.Handlers.Users.GetUserQueryHandlerTests.Handle_UserWithDifferentEmailVerificationStatus_ShouldReturnCorrectVerification(emailVerified: False)" computerName="RAY" duration="00:00:00.0013058" startTime="2025-09-07T22:30:01.3003799+07:00" endTime="2025-09-07T22:30:01.3003800+07:00" testType="13cdc9d9-ddb5-4fa4-a97d-d965ccfc6d4b" outcome="Passed" testListId="8c84fa94-04c1-424b-9868-57a2d4851a1d" relativeResultsDirectory="b7d1f7ad-9c8c-4777-83b5-7730b44ef9fa" />
    <UnitTestResult executionId="2b68f3ee-a2f0-4620-8c1a-80ad8d81d8e2" testId="22b0cd16-79c9-aa9c-5df4-9bc4fc3bb3a0" testName="ShopFlow.Application.Tests.Behaviors.ValidationBehaviorTests.Handle_EmptyValidationFailures_ShouldCallNext" computerName="RAY" duration="00:00:00.0024291" startTime="2025-09-07T22:30:01.3090514+07:00" endTime="2025-09-07T22:30:01.3090516+07:00" testType="13cdc9d9-ddb5-4fa4-a97d-d965ccfc6d4b" outcome="Passed" testListId="8c84fa94-04c1-424b-9868-57a2d4851a1d" relativeResultsDirectory="2b68f3ee-a2f0-4620-8c1a-80ad8d81d8e2" />
    <UnitTestResult executionId="3930b6d8-a61a-4a12-a0d3-cf6419016b6b" testId="425f7460-db6f-70ac-ca31-9104d81a988a" testName="ShopFlow.Application.Tests.Handlers.Users.CreateUserCommandHandlerTests.Handle_InvalidEmail_ShouldThrowArgumentException(invalidEmail: &quot;invalid-email&quot;)" computerName="RAY" duration="00:00:00.0012602" startTime="2025-09-07T22:30:01.2997519+07:00" endTime="2025-09-07T22:30:01.2997519+07:00" testType="13cdc9d9-ddb5-4fa4-a97d-d965ccfc6d4b" outcome="Passed" testListId="8c84fa94-04c1-424b-9868-57a2d4851a1d" relativeResultsDirectory="3930b6d8-a61a-4a12-a0d3-cf6419016b6b" />
    <UnitTestResult executionId="3ae16e5a-b658-445f-bd7e-5f75ec1a66ca" testId="acb94a9d-0222-d803-b118-884fcb7a1ed5" testName="ShopFlow.Application.Tests.Behaviors.ValidationBehaviorTests.Handle_MultipleValidationErrors_ShouldGroupErrorsByProperty" computerName="RAY" duration="00:00:00.0030942" startTime="2025-09-07T22:30:01.3037191+07:00" endTime="2025-09-07T22:30:01.3037192+07:00" testType="13cdc9d9-ddb5-4fa4-a97d-d965ccfc6d4b" outcome="Passed" testListId="8c84fa94-04c1-424b-9868-57a2d4851a1d" relativeResultsDirectory="3ae16e5a-b658-445f-bd7e-5f75ec1a66ca" />
    <UnitTestResult executionId="86dce30b-4f3b-4abb-955f-75e18b5c874a" testId="d8d5fe18-0bf6-2250-da74-fb2ec0367bfb" testName="ShopFlow.Application.Tests.Validators.Users.CreateUserCommandValidatorTests.Validate_ValidPasswordFormats_ShouldPass(password: &quot;Complex9$&quot;)" computerName="RAY" duration="00:00:00.0014315" startTime="2025-09-07T22:30:01.3290813+07:00" endTime="2025-09-07T22:30:01.3290815+07:00" testType="13cdc9d9-ddb5-4fa4-a97d-d965ccfc6d4b" outcome="Passed" testListId="8c84fa94-04c1-424b-9868-57a2d4851a1d" relativeResultsDirectory="86dce30b-4f3b-4abb-955f-75e18b5c874a" />
    <UnitTestResult executionId="0f892e6c-f02c-41e2-9a2d-73410b89e57b" testId="56397298-8c1b-4fde-dcad-e7718fc4c816" testName="ShopFlow.Application.Tests.Validators.Users.CreateUserCommandValidatorTests.Validate_InvalidGender_ShouldFail(gender: &quot;other&quot;)" computerName="RAY" duration="00:00:00.0007050" startTime="2025-09-07T22:30:01.3411830+07:00" endTime="2025-09-07T22:30:01.3411831+07:00" testType="13cdc9d9-ddb5-4fa4-a97d-d965ccfc6d4b" outcome="Passed" testListId="8c84fa94-04c1-424b-9868-57a2d4851a1d" relativeResultsDirectory="0f892e6c-f02c-41e2-9a2d-73410b89e57b" />
    <UnitTestResult executionId="c806fbcb-6fb5-4750-83c2-6a5bce0a4068" testId="dcd5e603-f993-344c-0192-a764cc52ed6f" testName="ShopFlow.Application.Tests.Validators.Users.CreateUserCommandValidatorTests.Validate_EmptyFullName_ShouldFail(fullName: &quot;   &quot;)" computerName="RAY" duration="00:00:00.0008445" startTime="2025-09-07T22:30:01.3153630+07:00" endTime="2025-09-07T22:30:01.3153631+07:00" testType="13cdc9d9-ddb5-4fa4-a97d-d965ccfc6d4b" outcome="Passed" testListId="8c84fa94-04c1-424b-9868-57a2d4851a1d" relativeResultsDirectory="c806fbcb-6fb5-4750-83c2-6a5bce0a4068" />
    <UnitTestResult executionId="490222eb-6e56-49d6-a145-a706846400ab" testId="e9449d11-df04-1099-ba2b-d96f2e6cdbd7" testName="ShopFlow.Application.Tests.Validators.Users.CreateUserCommandValidatorTests.Validate_ValidPasswordFormats_ShouldPass(password: &quot;Password123!&quot;)" computerName="RAY" duration="00:00:00.0008899" startTime="2025-09-07T22:30:01.3320612+07:00" endTime="2025-09-07T22:30:01.3320613+07:00" testType="13cdc9d9-ddb5-4fa4-a97d-d965ccfc6d4b" outcome="Passed" testListId="8c84fa94-04c1-424b-9868-57a2d4851a1d" relativeResultsDirectory="490222eb-6e56-49d6-a145-a706846400ab" />
    <UnitTestResult executionId="98cb9f61-0c4e-4295-8466-9989047a63d1" testId="72e46980-b44b-d0fd-ad78-0c4f333fe1f6" testName="ShopFlow.Application.Tests.Validators.Users.CreateUserCommandValidatorTests.Validate_ValidPasswordFormats_ShouldPass(password: &quot;Valid1Pass!&quot;)" computerName="RAY" duration="00:00:00.0008589" startTime="2025-09-07T22:30:01.3311277+07:00" endTime="2025-09-07T22:30:01.3311278+07:00" testType="13cdc9d9-ddb5-4fa4-a97d-d965ccfc6d4b" outcome="Passed" testListId="8c84fa94-04c1-424b-9868-57a2d4851a1d" relativeResultsDirectory="98cb9f61-0c4e-4295-8466-9989047a63d1" />
    <UnitTestResult executionId="c06a4a91-d9e8-4b14-be39-f0d399157fa5" testId="8f342b49-e865-50a2-cb85-8a9c3aed23a5" testName="ShopFlow.Application.Tests.Validators.Users.CreateUserCommandValidatorTests.Validate_ValidGender_ShouldPass(gender: null)" computerName="RAY" duration="00:00:00.0008585" startTime="2025-09-07T22:30:01.3192643+07:00" endTime="2025-09-07T22:30:01.3192644+07:00" testType="13cdc9d9-ddb5-4fa4-a97d-d965ccfc6d4b" outcome="Passed" testListId="8c84fa94-04c1-424b-9868-57a2d4851a1d" relativeResultsDirectory="c06a4a91-d9e8-4b14-be39-f0d399157fa5" />
    <UnitTestResult executionId="20e78362-2e8e-4548-af21-daa5f1688042" testId="1d5e6b28-1e5c-274f-4014-9392ce2e0703" testName="ShopFlow.Application.Tests.Validators.Users.CreateUserCommandValidatorTests.Validate_ValidEmail_ShouldPass" computerName="RAY" duration="00:00:00.0014204" startTime="2025-09-07T22:30:01.3275512+07:00" endTime="2025-09-07T22:30:01.3275514+07:00" testType="13cdc9d9-ddb5-4fa4-a97d-d965ccfc6d4b" outcome="Passed" testListId="8c84fa94-04c1-424b-9868-57a2d4851a1d" relativeResultsDirectory="20e78362-2e8e-4548-af21-daa5f1688042" />
    <UnitTestResult executionId="137c953c-bf15-4a6f-8362-e09fa6d36a5f" testId="2c1e57b5-5336-f3f7-aac9-df49bfb42903" testName="ShopFlow.Application.Tests.Handlers.Users.GetUserQueryHandlerTests.Handle_CancellationRequested_ShouldPassCancellationToken" computerName="RAY" duration="00:00:00.0021246" startTime="2025-09-07T22:30:01.3009582+07:00" endTime="2025-09-07T22:30:01.3009582+07:00" testType="13cdc9d9-ddb5-4fa4-a97d-d965ccfc6d4b" outcome="Passed" testListId="8c84fa94-04c1-424b-9868-57a2d4851a1d" relativeResultsDirectory="137c953c-bf15-4a6f-8362-e09fa6d36a5f" />
    <UnitTestResult executionId="28dcaced-82db-4b8e-b9d1-5d39ea9801d1" testId="8825fd9e-aa9f-624e-98e1-648b0c3b3498" testName="ShopFlow.Application.Tests.Validators.Users.CreateUserCommandValidatorTests.Validate_FullNameTooLong_ShouldFail" computerName="RAY" duration="00:00:00.0009882" startTime="2025-09-07T22:30:01.3422338+07:00" endTime="2025-09-07T22:30:01.3422340+07:00" testType="13cdc9d9-ddb5-4fa4-a97d-d965ccfc6d4b" outcome="Passed" testListId="8c84fa94-04c1-424b-9868-57a2d4851a1d" relativeResultsDirectory="28dcaced-82db-4b8e-b9d1-5d39ea9801d1" />
    <UnitTestResult executionId="40a9095d-1f60-4507-b88f-b96e3cf70dec" testId="04d8e02a-d52b-5287-382e-194d56260157" testName="ShopFlow.Application.Tests.Handlers.Users.GetUserQueryHandlerTests.Handle_NonExistingUser_ShouldReturnNull" computerName="RAY" duration="00:00:00.0022268" startTime="2025-09-07T22:30:01.3001811+07:00" endTime="2025-09-07T22:30:01.3001812+07:00" testType="13cdc9d9-ddb5-4fa4-a97d-d965ccfc6d4b" outcome="Passed" testListId="8c84fa94-04c1-424b-9868-57a2d4851a1d" relativeResultsDirectory="40a9095d-1f60-4507-b88f-b96e3cf70dec" />
    <UnitTestResult executionId="13b7b0b3-612c-44ae-b071-3157f2bf366e" testId="0c801545-f657-a100-6766-402301751c17" testName="ShopFlow.Application.Tests.Validators.Users.CreateUserCommandValidatorTests.Validate_EmptyFullName_ShouldFail(fullName: &quot;&quot;)" computerName="RAY" duration="00:00:00.0007477" startTime="2025-09-07T22:30:01.3161637+07:00" endTime="2025-09-07T22:30:01.3161638+07:00" testType="13cdc9d9-ddb5-4fa4-a97d-d965ccfc6d4b" outcome="Passed" testListId="8c84fa94-04c1-424b-9868-57a2d4851a1d" relativeResultsDirectory="13b7b0b3-612c-44ae-b071-3157f2bf366e" />
    <UnitTestResult executionId="44ff70f5-3660-4650-acf2-cc3bbd41f8d5" testId="0f67c65b-4c61-bea7-7fd9-8bb8a33c4040" testName="ShopFlow.Application.Tests.Validators.Users.CreateUserCommandValidatorTests.Validate_Exactly13YearsOld_ShouldPass" computerName="RAY" duration="00:00:00.0033893" startTime="2025-09-07T22:30:01.3134047+07:00" endTime="2025-09-07T22:30:01.3134049+07:00" testType="13cdc9d9-ddb5-4fa4-a97d-d965ccfc6d4b" outcome="Passed" testListId="8c84fa94-04c1-424b-9868-57a2d4851a1d" relativeResultsDirectory="44ff70f5-3660-4650-acf2-cc3bbd41f8d5" />
    <UnitTestResult executionId="9e2d8a9f-6715-47f6-bfa2-58976d134581" testId="e9ab1485-879a-1e26-8025-fbb73163f94f" testName="ShopFlow.Application.Tests.Validators.Users.CreateUserCommandValidatorTests.Validate_EmptyEmail_ShouldFail(email: null)" computerName="RAY" duration="00:00:00.0007643" startTime="2025-09-07T22:30:01.3504950+07:00" endTime="2025-09-07T22:30:01.3504951+07:00" testType="13cdc9d9-ddb5-4fa4-a97d-d965ccfc6d4b" outcome="Passed" testListId="8c84fa94-04c1-424b-9868-57a2d4851a1d" relativeResultsDirectory="9e2d8a9f-6715-47f6-bfa2-58976d134581" />
    <UnitTestResult executionId="979ae74d-3712-4279-b627-4e53ffcd0bad" testId="2759fab2-8502-a045-5a28-2711ad6c5afa" testName="ShopFlow.Application.Tests.Validators.Users.CreateUserCommandValidatorTests.Validate_PasswordTooLong_ShouldFail" computerName="RAY" duration="00:00:00.0029546" startTime="2025-09-07T22:30:01.3007635+07:00" endTime="2025-09-07T22:30:01.3007636+07:00" testType="13cdc9d9-ddb5-4fa4-a97d-d965ccfc6d4b" outcome="Passed" testListId="8c84fa94-04c1-424b-9868-57a2d4851a1d" relativeResultsDirectory="979ae74d-3712-4279-b627-4e53ffcd0bad" />
    <UnitTestResult executionId="0d68e7f5-d14f-4bb0-a9b1-301f6cca195c" testId="b93d89a1-8af8-7ee2-7183-99e33e138a59" testName="ShopFlow.Application.Tests.Validators.Users.CreateUserCommandValidatorTests.Validate_EmptyPassword_ShouldFail(password: &quot;&quot;)" computerName="RAY" duration="00:00:00.0008484" startTime="2025-09-07T22:30:01.3336554+07:00" endTime="2025-09-07T22:30:01.3336554+07:00" testType="13cdc9d9-ddb5-4fa4-a97d-d965ccfc6d4b" outcome="Passed" testListId="8c84fa94-04c1-424b-9868-57a2d4851a1d" relativeResultsDirectory="0d68e7f5-d14f-4bb0-a9b1-301f6cca195c" />
    <UnitTestResult executionId="ee2902f0-d885-4310-ada3-6cbb3a71925e" testId="a34c11fe-96bf-f583-8945-43e0b79d1109" testName="ShopFlow.Application.Tests.Validators.Users.CreateUserCommandValidatorTests.Validate_EmailTooLong_ShouldFail" computerName="RAY" duration="00:00:00.0016631" startTime="2025-09-07T22:30:01.3030208+07:00" endTime="2025-09-07T22:30:01.3030209+07:00" testType="13cdc9d9-ddb5-4fa4-a97d-d965ccfc6d4b" outcome="Passed" testListId="8c84fa94-04c1-424b-9868-57a2d4851a1d" relativeResultsDirectory="ee2902f0-d885-4310-ada3-6cbb3a71925e" />
    <UnitTestResult executionId="df2b6c70-1949-4678-a3b8-057ef37871d9" testId="3072600d-f71a-e6d8-eab6-0f80ccfcb5e9" testName="ShopFlow.Application.Tests.Validators.Users.CreateUserCommandValidatorTests.Validate_InvalidPhoneFormat_ShouldFail(phone: &quot;+0123456789&quot;)" computerName="RAY" duration="00:00:00.0011497" startTime="2025-09-07T22:30:01.3017125+07:00" endTime="2025-09-07T22:30:01.3017126+07:00" testType="13cdc9d9-ddb5-4fa4-a97d-d965ccfc6d4b" outcome="Passed" testListId="8c84fa94-04c1-424b-9868-57a2d4851a1d" relativeResultsDirectory="df2b6c70-1949-4678-a3b8-057ef37871d9" />
    <UnitTestResult executionId="cee7c1a7-3554-4e9a-959a-c2da27ab3c31" testId="f0bc1880-6657-6d71-520b-ea711aa68609" testName="ShopFlow.Application.Tests.Behaviors.ValidationBehaviorTests.Handle_ValidatorThrowsException_ShouldPropagateException" computerName="RAY" duration="00:00:00.0037516" startTime="2025-09-07T22:30:01.2998303+07:00" endTime="2025-09-07T22:30:01.2998303+07:00" testType="13cdc9d9-ddb5-4fa4-a97d-d965ccfc6d4b" outcome="Passed" testListId="8c84fa94-04c1-424b-9868-57a2d4851a1d" relativeResultsDirectory="cee7c1a7-3554-4e9a-959a-c2da27ab3c31" />
    <UnitTestResult executionId="e9e4a1b9-f7d6-4970-ac3a-65105544b742" testId="41da4035-f0f6-6680-cde9-d804d2f039d4" testName="ShopFlow.Application.Tests.Validators.Users.CreateUserCommandValidatorTests.Validate_InvalidPhoneFormat_ShouldFail(phone: &quot;123-456-789&quot;)" computerName="RAY" duration="00:00:00.0013634" startTime="2025-09-07T22:30:01.3015558+07:00" endTime="2025-09-07T22:30:01.3015560+07:00" testType="13cdc9d9-ddb5-4fa4-a97d-d965ccfc6d4b" outcome="Passed" testListId="8c84fa94-04c1-424b-9868-57a2d4851a1d" relativeResultsDirectory="e9e4a1b9-f7d6-4970-ac3a-65105544b742" />
    <UnitTestResult executionId="5d746d15-4483-427c-ab7d-35948074d7b3" testId="1330cbc9-cca9-f4e2-d108-5878458ddfad" testName="ShopFlow.Application.Tests.Handlers.Users.GetUserQueryHandlerTests.Handle_UserWithDifferentStatuses_ShouldReturnCorrectStatus(status: Suspended, expectedStatusByte: 2)" computerName="RAY" duration="00:00:00.0011012" startTime="2025-09-07T22:30:01.2540462+07:00" endTime="2025-09-07T22:30:01.2540462+07:00" testType="13cdc9d9-ddb5-4fa4-a97d-d965ccfc6d4b" outcome="Passed" testListId="8c84fa94-04c1-424b-9868-57a2d4851a1d" relativeResultsDirectory="5d746d15-4483-427c-ab7d-35948074d7b3" />
    <UnitTestResult executionId="0008b60c-45db-4331-9206-22651589408a" testId="a725b48a-1658-1afd-b806-97b10bf75e78" testName="ShopFlow.Application.Tests.Validators.Users.CreateUserCommandValidatorTests.Validate_EmptyFullName_ShouldFail(fullName: null)" computerName="RAY" duration="00:00:00.0010095" startTime="2025-09-07T22:30:01.3144723+07:00" endTime="2025-09-07T22:30:01.3144724+07:00" testType="13cdc9d9-ddb5-4fa4-a97d-d965ccfc6d4b" outcome="Passed" testListId="8c84fa94-04c1-424b-9868-57a2d4851a1d" relativeResultsDirectory="0008b60c-45db-4331-9206-22651589408a" />
    <UnitTestResult executionId="78e4d870-0caf-41bc-b27b-153fe2ec1786" testId="f96faa35-606a-eb00-ccfc-66f38c4d0d77" testName="ShopFlow.Application.Tests.Handlers.Users.CreateUserCommandHandlerTests.Handle_InvalidEmail_ShouldThrowArgumentException(invalidEmail: &quot;@example.com&quot;)" computerName="RAY" duration="00:00:00.0012932" startTime="2025-09-07T22:30:01.3002426+07:00" endTime="2025-09-07T22:30:01.3002426+07:00" testType="13cdc9d9-ddb5-4fa4-a97d-d965ccfc6d4b" outcome="Passed" testListId="8c84fa94-04c1-424b-9868-57a2d4851a1d" relativeResultsDirectory="78e4d870-0caf-41bc-b27b-153fe2ec1786" />
    <UnitTestResult executionId="6ff1f25d-fc9f-4573-83fb-1229e2f01d46" testId="a192ef44-f55e-22fb-56c3-7ba0417db44a" testName="ShopFlow.Application.Tests.Handlers.Users.CreateUserCommandHandlerTests.Handle_InvalidPhone_ShouldThrowArgumentException(invalidPhone: &quot;123&quot;)" computerName="RAY" duration="00:00:00.0026620" startTime="2025-09-07T22:30:01.2977421+07:00" endTime="2025-09-07T22:30:01.2977423+07:00" testType="13cdc9d9-ddb5-4fa4-a97d-d965ccfc6d4b" outcome="Passed" testListId="8c84fa94-04c1-424b-9868-57a2d4851a1d" relativeResultsDirectory="6ff1f25d-fc9f-4573-83fb-1229e2f01d46" />
    <UnitTestResult executionId="317e9db1-5c20-4cde-9a07-811fcc86e9e4" testId="33366420-f015-e4d4-8cad-004160035bcc" testName="ShopFlow.Application.Tests.Validators.Users.CreateUserCommandValidatorTests.Validate_PasswordMissingRequiredCharacters_ShouldFail(password: &quot;12345678&quot;)" computerName="RAY" duration="00:00:00.0007004" startTime="2025-09-07T22:30:01.3068455+07:00" endTime="2025-09-07T22:30:01.3068456+07:00" testType="13cdc9d9-ddb5-4fa4-a97d-d965ccfc6d4b" outcome="Passed" testListId="8c84fa94-04c1-424b-9868-57a2d4851a1d" relativeResultsDirectory="317e9db1-5c20-4cde-9a07-811fcc86e9e4" />
    <UnitTestResult executionId="053dee17-147d-4a82-ba76-06cb4da58eb3" testId="593f265e-3174-43b9-c52a-22d02dfacce1" testName="ShopFlow.Application.Tests.Handlers.Users.GetUserQueryHandlerTests.Handle_ValidUser_ShouldMapAllPropertiesCorrectly" computerName="RAY" duration="00:00:00.0019895" startTime="2025-09-07T22:30:01.2997148+07:00" endTime="2025-09-07T22:30:01.2997149+07:00" testType="13cdc9d9-ddb5-4fa4-a97d-d965ccfc6d4b" outcome="Passed" testListId="8c84fa94-04c1-424b-9868-57a2d4851a1d" relativeResultsDirectory="053dee17-147d-4a82-ba76-06cb4da58eb3" />
    <UnitTestResult executionId="f9889905-4ab3-41ea-9f55-6f75606bb403" testId="c1e399ca-2bc9-f0ef-285e-d61273c83c1d" testName="ShopFlow.Application.Tests.Handlers.Users.GetUserQueryHandlerTests.Handle_MultipleSequentialCalls_ShouldWorkCorrectly" computerName="RAY" duration="00:00:00.0041570" startTime="2025-09-07T22:30:01.2992111+07:00" endTime="2025-09-07T22:30:01.2992111+07:00" testType="13cdc9d9-ddb5-4fa4-a97d-d965ccfc6d4b" outcome="Passed" testListId="8c84fa94-04c1-424b-9868-57a2d4851a1d" relativeResultsDirectory="f9889905-4ab3-41ea-9f55-6f75606bb403" />
    <UnitTestResult executionId="9dc13a45-13d7-42ad-a9df-1a8c448a6ce1" testId="8e96f900-5cd0-e1a2-7fb3-b05bc1ceb91e" testName="ShopFlow.Application.Tests.Handlers.Users.CreateUserCommandHandlerTests.Handle_InvalidEmail_ShouldThrowArgumentException(invalidEmail: &quot;test@&quot;)" computerName="RAY" duration="00:00:00.0013967" startTime="2025-09-07T22:30:01.3003336+07:00" endTime="2025-09-07T22:30:01.3003337+07:00" testType="13cdc9d9-ddb5-4fa4-a97d-d965ccfc6d4b" outcome="Passed" testListId="8c84fa94-04c1-424b-9868-57a2d4851a1d" relativeResultsDirectory="9dc13a45-13d7-42ad-a9df-1a8c448a6ce1" />
    <UnitTestResult executionId="17d2c4ee-b316-4f8a-bdb8-a4ccd54f51e5" testId="009a71a2-0606-61ff-8755-ba80cdf5159c" testName="ShopFlow.Application.Tests.Validators.Users.CreateUserCommandValidatorTests.Validate_ValidPassword_ShouldPass" computerName="RAY" duration="00:00:00.0009625" startTime="2025-09-07T22:30:01.3464036+07:00" endTime="2025-09-07T22:30:01.3464037+07:00" testType="13cdc9d9-ddb5-4fa4-a97d-d965ccfc6d4b" outcome="Passed" testListId="8c84fa94-04c1-424b-9868-57a2d4851a1d" relativeResultsDirectory="17d2c4ee-b316-4f8a-bdb8-a4ccd54f51e5" />
    <UnitTestResult executionId="6263e607-a7fb-4370-9bc2-a19ff19c69a5" testId="014f10fc-0dc5-101d-4c3e-c97a8250672d" testName="ShopFlow.Application.Tests.Validators.Users.CreateUserCommandValidatorTests.Validate_ValidPhone_ShouldPass" computerName="RAY" duration="00:00:00.0009778" startTime="2025-09-07T22:30:01.3496932+07:00" endTime="2025-09-07T22:30:01.3496933+07:00" testType="13cdc9d9-ddb5-4fa4-a97d-d965ccfc6d4b" outcome="Passed" testListId="8c84fa94-04c1-424b-9868-57a2d4851a1d" relativeResultsDirectory="6263e607-a7fb-4370-9bc2-a19ff19c69a5" />
    <UnitTestResult executionId="bca54301-a3c7-470f-9984-59d4b7bd0034" testId="c7808491-b3eb-9081-5216-513e3cd0b173" testName="ShopFlow.Application.Tests.Validators.Users.CreateUserCommandValidatorTests.Validate_InvalidGender_ShouldFail(gender: &quot;male&quot;)" computerName="RAY" duration="00:00:00.0011217" startTime="2025-09-07T22:30:01.3376196+07:00" endTime="2025-09-07T22:30:01.3376198+07:00" testType="13cdc9d9-ddb5-4fa4-a97d-d965ccfc6d4b" outcome="Passed" testListId="8c84fa94-04c1-424b-9868-57a2d4851a1d" relativeResultsDirectory="bca54301-a3c7-470f-9984-59d4b7bd0034" />
    <UnitTestResult executionId="3e67a6bf-03d2-4df3-943a-b7b6b5cb5b86" testId="cc59f096-e9f6-68a8-d374-b3ca6bf3c713" testName="ShopFlow.Application.Tests.Validators.Users.CreateUserCommandValidatorTests.Validate_InvalidPhoneFormat_ShouldFail(phone: &quot;123 456 789&quot;)" computerName="RAY" duration="00:00:00.0011312" startTime="2025-09-07T22:30:01.3018512+07:00" endTime="2025-09-07T22:30:01.3018513+07:00" testType="13cdc9d9-ddb5-4fa4-a97d-d965ccfc6d4b" outcome="Passed" testListId="8c84fa94-04c1-424b-9868-57a2d4851a1d" relativeResultsDirectory="3e67a6bf-03d2-4df3-943a-b7b6b5cb5b86" />
    <UnitTestResult executionId="f3bf0963-abe5-45ae-9115-7fff659d57f3" testId="d9b9a226-d972-298e-2232-555df986cf18" testName="ShopFlow.Application.Tests.Handlers.Users.CreateUserCommandHandlerTests.Handle_ValidCommandWithoutPhone_ShouldCreateUserWithNullPhone" computerName="RAY" duration="00:00:00.1216601" startTime="2025-09-07T22:30:01.2495422+07:00" endTime="2025-09-07T22:30:01.2495722+07:00" testType="13cdc9d9-ddb5-4fa4-a97d-d965ccfc6d4b" outcome="Passed" testListId="8c84fa94-04c1-424b-9868-57a2d4851a1d" relativeResultsDirectory="f3bf0963-abe5-45ae-9115-7fff659d57f3" />
    <UnitTestResult executionId="ed14f854-50fc-4d4d-bd07-661265639f47" testId="ac97bcdc-a283-de2e-d726-0ad70f40a645" testName="ShopFlow.Application.Tests.Handlers.Users.GetUserQueryHandlerTests.Handle_UserWithComplexEmailAndPhone_ShouldReturnCorrectValues" computerName="RAY" duration="00:00:00.1216609" startTime="2025-09-07T22:30:01.2523570+07:00" endTime="2025-09-07T22:30:01.2523571+07:00" testType="13cdc9d9-ddb5-4fa4-a97d-d965ccfc6d4b" outcome="Passed" testListId="8c84fa94-04c1-424b-9868-57a2d4851a1d" relativeResultsDirectory="ed14f854-50fc-4d4d-bd07-661265639f47" />
    <UnitTestResult executionId="7bec338a-5fd3-45f5-8d07-370987c8f46a" testId="25db2c85-0e1e-806b-a8d1-04b37ea0f5f5" testName="ShopFlow.Application.Tests.Validators.Users.CreateUserCommandValidatorTests.Validate_PasswordMissingRequiredCharacters_ShouldFail(password: &quot;Password!&quot;)" computerName="RAY" duration="00:00:00.0007509" startTime="2025-09-07T22:30:01.3091256+07:00" endTime="2025-09-07T22:30:01.3091257+07:00" testType="13cdc9d9-ddb5-4fa4-a97d-d965ccfc6d4b" outcome="Passed" testListId="8c84fa94-04c1-424b-9868-57a2d4851a1d" relativeResultsDirectory="7bec338a-5fd3-45f5-8d07-370987c8f46a" />
    <UnitTestResult executionId="e6bb7550-b4df-4942-9bf3-29865aac2657" testId="9517b6c0-10d4-91cc-b0d6-c4166d05d62b" testName="ShopFlow.Application.Tests.Handlers.Users.CreateUserCommandHandlerTests.Handle_InvalidPhone_ShouldThrowArgumentException(invalidPhone: &quot;01234567890123456789&quot;)" computerName="RAY" duration="00:00:00.0077495" startTime="2025-09-07T22:30:01.2973465+07:00" endTime="2025-09-07T22:30:01.2973466+07:00" testType="13cdc9d9-ddb5-4fa4-a97d-d965ccfc6d4b" outcome="Passed" testListId="8c84fa94-04c1-424b-9868-57a2d4851a1d" relativeResultsDirectory="e6bb7550-b4df-4942-9bf3-29865aac2657" />
    <UnitTestResult executionId="9be2e968-0721-43fe-afa7-c16219cb3159" testId="ccf205ea-506a-15fc-9633-d84f37974ed0" testName="ShopFlow.Application.Tests.Handlers.Users.GetUserQueryHandlerTests.Handle_UserWithDifferentStatuses_ShouldReturnCorrectStatus(status: Banned, expectedStatusByte: 3)" computerName="RAY" duration="00:00:00.0030389" startTime="2025-09-07T22:30:01.2539839+07:00" endTime="2025-09-07T22:30:01.2539839+07:00" testType="13cdc9d9-ddb5-4fa4-a97d-d965ccfc6d4b" outcome="Passed" testListId="8c84fa94-04c1-424b-9868-57a2d4851a1d" relativeResultsDirectory="9be2e968-0721-43fe-afa7-c16219cb3159" />
    <UnitTestResult executionId="5a848ad7-00bd-4023-b5b3-66df813eae85" testId="cd773a89-e32b-d2ee-e2a5-0766caf7f600" testName="ShopFlow.Application.Tests.Validators.Users.CreateUserCommandValidatorTests.Validate_ValidGender_ShouldPass(gender: &quot;Female&quot;)" computerName="RAY" duration="00:00:00.0028849" startTime="2025-09-07T22:30:01.3222290+07:00" endTime="2025-09-07T22:30:01.3222292+07:00" testType="13cdc9d9-ddb5-4fa4-a97d-d965ccfc6d4b" outcome="Passed" testListId="8c84fa94-04c1-424b-9868-57a2d4851a1d" relativeResultsDirectory="5a848ad7-00bd-4023-b5b3-66df813eae85" />
    <UnitTestResult executionId="0d7a96a4-e1ea-41e2-b275-0cb1a6ac99b8" testId="b6c23262-32ac-a46f-bbf8-902c1eaff77c" testName="ShopFlow.Application.Tests.Validators.Users.CreateUserCommandValidatorTests.Validate_PasswordMissingRequiredCharacters_ShouldFail(password: &quot;PASSWORD123!&quot;)" computerName="RAY" duration="00:00:00.0011181" startTime="2025-09-07T22:30:01.3051829+07:00" endTime="2025-09-07T22:30:01.3051830+07:00" testType="13cdc9d9-ddb5-4fa4-a97d-d965ccfc6d4b" outcome="Passed" testListId="8c84fa94-04c1-424b-9868-57a2d4851a1d" relativeResultsDirectory="0d7a96a4-e1ea-41e2-b275-0cb1a6ac99b8" />
    <UnitTestResult executionId="45c56e8a-3395-4ec5-b5cb-4d45717f1ca3" testId="37ba2415-2ef0-264d-16f9-8e6e6d4d1c80" testName="ShopFlow.Application.Tests.Behaviors.ValidationBehaviorTests.Handle_ValidationResult_ShouldCallNextAppropriately(isValid: True, expectedNextCalls: 1)" computerName="RAY" duration="00:00:00.0021744" startTime="2025-09-07T22:30:01.3153946+07:00" endTime="2025-09-07T22:30:01.3153946+07:00" testType="13cdc9d9-ddb5-4fa4-a97d-d965ccfc6d4b" outcome="Passed" testListId="8c84fa94-04c1-424b-9868-57a2d4851a1d" relativeResultsDirectory="45c56e8a-3395-4ec5-b5cb-4d45717f1ca3" />
    <UnitTestResult executionId="a39a25c7-9090-44bd-aebd-763a2aa6225d" testId="74017ceb-7d72-3dcb-866c-05cd2348995e" testName="ShopFlow.Application.Tests.Validators.Users.CreateUserCommandValidatorTests.Validate_InvalidPhoneFormat_ShouldFail(phone: &quot;123456789012345678&quot;)" computerName="RAY" duration="00:00:00.0016280" startTime="2025-09-07T22:30:01.3009310+07:00" endTime="2025-09-07T22:30:01.3009310+07:00" testType="13cdc9d9-ddb5-4fa4-a97d-d965ccfc6d4b" outcome="Passed" testListId="8c84fa94-04c1-424b-9868-57a2d4851a1d" relativeResultsDirectory="a39a25c7-9090-44bd-aebd-763a2aa6225d" />
    <UnitTestResult executionId="b212c690-2175-4c3c-8f71-6ef9f4e85590" testId="e5320f33-8a4d-218d-8735-d8dd2ffd7352" testName="ShopFlow.Application.Tests.Validators.Users.CreateUserCommandValidatorTests.Validate_InvalidPhoneFormat_ShouldFail(phone: &quot;abc123&quot;)" computerName="RAY" duration="00:00:00.0015322" startTime="2025-09-07T22:30:01.3025852+07:00" endTime="2025-09-07T22:30:01.3025853+07:00" testType="13cdc9d9-ddb5-4fa4-a97d-d965ccfc6d4b" outcome="Passed" testListId="8c84fa94-04c1-424b-9868-57a2d4851a1d" relativeResultsDirectory="b212c690-2175-4c3c-8f71-6ef9f4e85590" />
    <UnitTestResult executionId="faea1937-b586-4df6-8766-1fc65aced9ad" testId="d3071b23-51d7-6b74-0567-31343d38165b" testName="ShopFlow.Application.Tests.Handlers.Users.GetUserQueryHandlerTests.Handle_DifferentUserIds_ShouldCallRepositoryWithCorrectId(userId: 999)" computerName="RAY" duration="00:00:00.0026571" startTime="2025-09-07T22:30:01.2975673+07:00" endTime="2025-09-07T22:30:01.2975674+07:00" testType="13cdc9d9-ddb5-4fa4-a97d-d965ccfc6d4b" outcome="Passed" testListId="8c84fa94-04c1-424b-9868-57a2d4851a1d" relativeResultsDirectory="faea1937-b586-4df6-8766-1fc65aced9ad" />
    <UnitTestResult executionId="721c62c8-0a08-4ea6-bc93-e5d7bdfd9a5f" testId="db0fc7a8-53e2-0682-abfb-10d47773d941" testName="ShopFlow.Application.Tests.Handlers.Users.GetUserQueryHandlerTests.Handle_UserWithoutPhone_ShouldReturnUserResponseWithNullPhone" computerName="RAY" duration="00:00:00.0013517" startTime="2025-09-07T22:30:01.3002718+07:00" endTime="2025-09-07T22:30:01.3002719+07:00" testType="13cdc9d9-ddb5-4fa4-a97d-d965ccfc6d4b" outcome="Passed" testListId="8c84fa94-04c1-424b-9868-57a2d4851a1d" relativeResultsDirectory="721c62c8-0a08-4ea6-bc93-e5d7bdfd9a5f" />
    <UnitTestResult executionId="882f3871-4932-4f14-9000-39e5edc5c3fa" testId="804acb26-e7c9-c6fd-550a-f484cf24152f" testName="ShopFlow.Application.Tests.Behaviors.ValidationBehaviorTests.Handle_ValidationFailureWithNullPropertyName_ShouldHandleGracefully" computerName="RAY" duration="00:00:00.0020138" startTime="2025-09-07T22:30:01.3131581+07:00" endTime="2025-09-07T22:30:01.3131585+07:00" testType="13cdc9d9-ddb5-4fa4-a97d-d965ccfc6d4b" outcome="Passed" testListId="8c84fa94-04c1-424b-9868-57a2d4851a1d" relativeResultsDirectory="882f3871-4932-4f14-9000-39e5edc5c3fa" />
    <UnitTestResult executionId="68c23b9e-a4ac-4c73-bd3d-23ff1df18808" testId="28ec6df7-f84d-e089-d491-1ad080748ecf" testName="ShopFlow.Application.Tests.Handlers.Users.CreateUserCommandHandlerTests.Handle_RepositoryThrowsException_ShouldPropagateException" computerName="RAY" duration="00:00:00.0039105" startTime="2025-09-07T22:30:01.3029087+07:00" endTime="2025-09-07T22:30:01.3029088+07:00" testType="13cdc9d9-ddb5-4fa4-a97d-d965ccfc6d4b" outcome="Passed" testListId="8c84fa94-04c1-424b-9868-57a2d4851a1d" relativeResultsDirectory="68c23b9e-a4ac-4c73-bd3d-23ff1df18808" />
    <UnitTestResult executionId="075f5882-6349-4736-abb8-ab036e31756c" testId="ae5e42b8-3cf5-af36-50ef-c3c39bce9359" testName="ShopFlow.Application.Tests.Validators.Users.CreateUserCommandValidatorTests.Validate_FutureDate_ShouldFail" computerName="RAY" duration="00:00:00.0008019" startTime="2025-09-07T22:30:01.3442881+07:00" endTime="2025-09-07T22:30:01.3442882+07:00" testType="13cdc9d9-ddb5-4fa4-a97d-d965ccfc6d4b" outcome="Passed" testListId="8c84fa94-04c1-424b-9868-57a2d4851a1d" relativeResultsDirectory="075f5882-6349-4736-abb8-ab036e31756c" />
    <UnitTestResult executionId="2629847c-68eb-4ccb-952e-20ca26a73a5b" testId="0c82a13a-361b-e38c-26f4-6b0045cf02b6" testName="ShopFlow.Application.Tests.Validators.Users.CreateUserCommandValidatorTests.Validate_ValidPhoneFormats_ShouldPass(phone: &quot;987654321&quot;)" computerName="RAY" duration="00:00:00.0026170" startTime="2025-09-07T22:30:01.2992397+07:00" endTime="2025-09-07T22:30:01.2992398+07:00" testType="13cdc9d9-ddb5-4fa4-a97d-d965ccfc6d4b" outcome="Passed" testListId="8c84fa94-04c1-424b-9868-57a2d4851a1d" relativeResultsDirectory="2629847c-68eb-4ccb-952e-20ca26a73a5b" />
    <UnitTestResult executionId="9ddcf5d9-de6a-4c21-bed8-d9d9cbd8f1d8" testId="e4949bf4-fd77-b6e7-1c33-ed9013324cb3" testName="ShopFlow.Application.Tests.Validators.Users.CreateUserCommandValidatorTests.Validate_EmptyPassword_ShouldFail(password: null)" computerName="RAY" duration="00:00:00.0007646" startTime="2025-09-07T22:30:01.3344679+07:00" endTime="2025-09-07T22:30:01.3344680+07:00" testType="13cdc9d9-ddb5-4fa4-a97d-d965ccfc6d4b" outcome="Passed" testListId="8c84fa94-04c1-424b-9868-57a2d4851a1d" relativeResultsDirectory="9ddcf5d9-de6a-4c21-bed8-d9d9cbd8f1d8" />
    <UnitTestResult executionId="28cce44e-f7f0-4dce-be22-f06d5278fdc6" testId="903d0921-71c1-2cb9-4cef-4a6c9e7fdae3" testName="ShopFlow.Application.Tests.Behaviors.ValidationBehaviorTests.Handle_ValidationResult_ShouldCallNextAppropriately(isValid: False, expectedNextCalls: 0)" computerName="RAY" duration="00:00:00.0015031" startTime="2025-09-07T22:30:01.3169651+07:00" endTime="2025-09-07T22:30:01.3169652+07:00" testType="13cdc9d9-ddb5-4fa4-a97d-d965ccfc6d4b" outcome="Passed" testListId="8c84fa94-04c1-424b-9868-57a2d4851a1d" relativeResultsDirectory="28cce44e-f7f0-4dce-be22-f06d5278fdc6" />
    <UnitTestResult executionId="c5192e77-89e1-4541-8c38-a043533e5e20" testId="99c37b29-a8fb-2b6c-32b1-683f4e8a17cf" testName="ShopFlow.Application.Tests.Validators.Users.CreateUserCommandValidatorTests.Validate_InvalidGender_ShouldFail(gender: &quot;Invalid&quot;)" computerName="RAY" duration="00:00:00.0011786" startTime="2025-09-07T22:30:01.3364441+07:00" endTime="2025-09-07T22:30:01.3364442+07:00" testType="13cdc9d9-ddb5-4fa4-a97d-d965ccfc6d4b" outcome="Passed" testListId="8c84fa94-04c1-424b-9868-57a2d4851a1d" relativeResultsDirectory="c5192e77-89e1-4541-8c38-a043533e5e20" />
  </Results>
  <TestDefinitions>
    <UnitTest name="ShopFlow.Application.Tests.Validators.Users.CreateUserCommandValidatorTests.Validate_FullyValidCommand_ShouldPass" storage="d:\code\.net\project_shopflow\tests\shopflow.application.tests\bin\release\net9.0\shopflow.application.tests.dll" id="eea35d2b-2eb4-5b99-f697-e5d88903799a">
      <Execution id="49fcba53-1f10-4828-9aa2-dfb65cdba5ea" />
      <TestMethod codeBase="D:\Code\.Net\project_shopflow\Tests\ShopFlow.Application.Tests\bin\Release\net9.0\ShopFlow.Application.Tests.dll" adapterTypeName="executor://xunit/VsTestRunner2/netcoreapp" className="ShopFlow.Application.Tests.Validators.Users.CreateUserCommandValidatorTests" name="Validate_FullyValidCommand_ShouldPass" />
    </UnitTest>
    <UnitTest name="ShopFlow.Application.Tests.Validators.Users.CreateUserCommandValidatorTests.Validate_ValidGender_ShouldPass(gender: &quot;Other&quot;)" storage="d:\code\.net\project_shopflow\tests\shopflow.application.tests\bin\release\net9.0\shopflow.application.tests.dll" id="e398c0dc-036e-9d45-da68-dc001f666a4d">
      <Execution id="d4f08710-7757-431b-a88d-2c28e19c4335" />
      <TestMethod codeBase="D:\Code\.Net\project_shopflow\Tests\ShopFlow.Application.Tests\bin\Release\net9.0\ShopFlow.Application.Tests.dll" adapterTypeName="executor://xunit/VsTestRunner2/netcoreapp" className="ShopFlow.Application.Tests.Validators.Users.CreateUserCommandValidatorTests" name="Validate_ValidGender_ShouldPass" />
    </UnitTest>
    <UnitTest name="ShopFlow.Application.Tests.Validators.Users.CreateUserCommandValidatorTests.Validate_PasswordMissingRequiredCharacters_ShouldFail(password: &quot;PASSWORD123!&quot;)" storage="d:\code\.net\project_shopflow\tests\shopflow.application.tests\bin\release\net9.0\shopflow.application.tests.dll" id="b6c23262-32ac-a46f-bbf8-902c1eaff77c">
      <Execution id="0d7a96a4-e1ea-41e2-b275-0cb1a6ac99b8" />
      <TestMethod codeBase="D:\Code\.Net\project_shopflow\Tests\ShopFlow.Application.Tests\bin\Release\net9.0\ShopFlow.Application.Tests.dll" adapterTypeName="executor://xunit/VsTestRunner2/netcoreapp" className="ShopFlow.Application.Tests.Validators.Users.CreateUserCommandValidatorTests" name="Validate_PasswordMissingRequiredCharacters_ShouldFail" />
    </UnitTest>
    <UnitTest name="ShopFlow.Application.Tests.Validators.Users.CreateUserCommandValidatorTests.Validate_InvalidPhoneFormat_ShouldFail(phone: &quot;+0123456789&quot;)" storage="d:\code\.net\project_shopflow\tests\shopflow.application.tests\bin\release\net9.0\shopflow.application.tests.dll" id="3072600d-f71a-e6d8-eab6-0f80ccfcb5e9">
      <Execution id="df2b6c70-1949-4678-a3b8-057ef37871d9" />
      <TestMethod codeBase="D:\Code\.Net\project_shopflow\Tests\ShopFlow.Application.Tests\bin\Release\net9.0\ShopFlow.Application.Tests.dll" adapterTypeName="executor://xunit/VsTestRunner2/netcoreapp" className="ShopFlow.Application.Tests.Validators.Users.CreateUserCommandValidatorTests" name="Validate_InvalidPhoneFormat_ShouldFail" />
    </UnitTest>
    <UnitTest name="ShopFlow.Application.Tests.Handlers.Users.CreateUserCommandHandlerTests.Handle_InvalidEmail_ShouldThrowArgumentException(invalidEmail: &quot;   &quot;)" storage="d:\code\.net\project_shopflow\tests\shopflow.application.tests\bin\release\net9.0\shopflow.application.tests.dll" id="fa0ec154-f3ec-878c-ffb3-af8cd605d9a4">
      <Execution id="a767dea8-5a50-4d32-b70e-468bc943d0d5" />
      <TestMethod codeBase="D:\Code\.Net\project_shopflow\Tests\ShopFlow.Application.Tests\bin\Release\net9.0\ShopFlow.Application.Tests.dll" adapterTypeName="executor://xunit/VsTestRunner2/netcoreapp" className="ShopFlow.Application.Tests.Handlers.Users.CreateUserCommandHandlerTests" name="Handle_InvalidEmail_ShouldThrowArgumentException" />
    </UnitTest>
    <UnitTest name="ShopFlow.Application.Tests.Validators.Users.CreateUserCommandValidatorTests.Validate_PasswordMissingRequiredCharacters_ShouldFail(password: &quot;Password!&quot;)" storage="d:\code\.net\project_shopflow\tests\shopflow.application.tests\bin\release\net9.0\shopflow.application.tests.dll" id="25db2c85-0e1e-806b-a8d1-04b37ea0f5f5">
      <Execution id="7bec338a-5fd3-45f5-8d07-370987c8f46a" />
      <TestMethod codeBase="D:\Code\.Net\project_shopflow\Tests\ShopFlow.Application.Tests\bin\Release\net9.0\ShopFlow.Application.Tests.dll" adapterTypeName="executor://xunit/VsTestRunner2/netcoreapp" className="ShopFlow.Application.Tests.Validators.Users.CreateUserCommandValidatorTests" name="Validate_PasswordMissingRequiredCharacters_ShouldFail" />
    </UnitTest>
    <UnitTest name="ShopFlow.Application.Tests.Validators.Users.CreateUserCommandValidatorTests.Validate_EmptyPassword_ShouldFail(password: null)" storage="d:\code\.net\project_shopflow\tests\shopflow.application.tests\bin\release\net9.0\shopflow.application.tests.dll" id="e4949bf4-fd77-b6e7-1c33-ed9013324cb3">
      <Execution id="9ddcf5d9-de6a-4c21-bed8-d9d9cbd8f1d8" />
      <TestMethod codeBase="D:\Code\.Net\project_shopflow\Tests\ShopFlow.Application.Tests\bin\Release\net9.0\ShopFlow.Application.Tests.dll" adapterTypeName="executor://xunit/VsTestRunner2/netcoreapp" className="ShopFlow.Application.Tests.Validators.Users.CreateUserCommandValidatorTests" name="Validate_EmptyPassword_ShouldFail" />
    </UnitTest>
    <UnitTest name="ShopFlow.Application.Tests.Handlers.Users.CreateUserCommandHandlerTests.Handle_InvalidEmail_ShouldThrowArgumentException(invalidEmail: &quot;&quot;)" storage="d:\code\.net\project_shopflow\tests\shopflow.application.tests\bin\release\net9.0\shopflow.application.tests.dll" id="ef878ae3-3bb8-a3e3-3413-cab100e5a977">
      <Execution id="0e45417f-6bbc-4843-8a33-2a7679bf560a" />
      <TestMethod codeBase="D:\Code\.Net\project_shopflow\Tests\ShopFlow.Application.Tests\bin\Release\net9.0\ShopFlow.Application.Tests.dll" adapterTypeName="executor://xunit/VsTestRunner2/netcoreapp" className="ShopFlow.Application.Tests.Handlers.Users.CreateUserCommandHandlerTests" name="Handle_InvalidEmail_ShouldThrowArgumentException" />
    </UnitTest>
    <UnitTest name="ShopFlow.Application.Tests.Validators.Users.CreateUserCommandValidatorTests.Validate_EmptyPassword_ShouldFail(password: &quot;   &quot;)" storage="d:\code\.net\project_shopflow\tests\shopflow.application.tests\bin\release\net9.0\shopflow.application.tests.dll" id="9ccf2007-f4ab-07a3-4b07-1de9bd4897fb">
      <Execution id="c1d699ac-475f-421d-bf6f-5d8d3e9311ee" />
      <TestMethod codeBase="D:\Code\.Net\project_shopflow\Tests\ShopFlow.Application.Tests\bin\Release\net9.0\ShopFlow.Application.Tests.dll" adapterTypeName="executor://xunit/VsTestRunner2/netcoreapp" className="ShopFlow.Application.Tests.Validators.Users.CreateUserCommandValidatorTests" name="Validate_EmptyPassword_ShouldFail" />
    </UnitTest>
    <UnitTest name="ShopFlow.Application.Tests.Behaviors.ValidationBehaviorTests.Handle_ValidationResult_ShouldCallNextAppropriately(isValid: False, expectedNextCalls: 0)" storage="d:\code\.net\project_shopflow\tests\shopflow.application.tests\bin\release\net9.0\shopflow.application.tests.dll" id="903d0921-71c1-2cb9-4cef-4a6c9e7fdae3">
      <Execution id="28cce44e-f7f0-4dce-be22-f06d5278fdc6" />
      <TestMethod codeBase="D:\Code\.Net\project_shopflow\Tests\ShopFlow.Application.Tests\bin\Release\net9.0\ShopFlow.Application.Tests.dll" adapterTypeName="executor://xunit/VsTestRunner2/netcoreapp" className="ShopFlow.Application.Tests.Behaviors.ValidationBehaviorTests" name="Handle_ValidationResult_ShouldCallNextAppropriately" />
    </UnitTest>
    <UnitTest name="ShopFlow.Application.Tests.Validators.Users.CreateUserCommandValidatorTests.Validate_ValidFullName_ShouldPass" storage="d:\code\.net\project_shopflow\tests\shopflow.application.tests\bin\release\net9.0\shopflow.application.tests.dll" id="af27aad0-f374-05c4-b7f3-9603f172d5c6">
      <Execution id="cd25f51b-cdd5-4e68-97d2-6dbc5a2b3316" />
      <TestMethod codeBase="D:\Code\.Net\project_shopflow\Tests\ShopFlow.Application.Tests\bin\Release\net9.0\ShopFlow.Application.Tests.dll" adapterTypeName="executor://xunit/VsTestRunner2/netcoreapp" className="ShopFlow.Application.Tests.Validators.Users.CreateUserCommandValidatorTests" name="Validate_ValidFullName_ShouldPass" />
    </UnitTest>
    <UnitTest name="ShopFlow.Application.Tests.Validators.Users.CreateUserCommandValidatorTests.Validate_ValidGender_ShouldPass(gender: &quot;Male&quot;)" storage="d:\code\.net\project_shopflow\tests\shopflow.application.tests\bin\release\net9.0\shopflow.application.tests.dll" id="93282b54-bce4-eadf-2e0f-f3190a797262">
      <Execution id="2b2fb788-694d-4d0e-82e4-a769cb3391c2" />
      <TestMethod codeBase="D:\Code\.Net\project_shopflow\Tests\ShopFlow.Application.Tests\bin\Release\net9.0\ShopFlow.Application.Tests.dll" adapterTypeName="executor://xunit/VsTestRunner2/netcoreapp" className="ShopFlow.Application.Tests.Validators.Users.CreateUserCommandValidatorTests" name="Validate_ValidGender_ShouldPass" />
    </UnitTest>
    <UnitTest name="ShopFlow.Application.Tests.Handlers.Users.GetUserQueryHandlerTests.Handle_ExistingUser_ShouldReturnUserResponse" storage="d:\code\.net\project_shopflow\tests\shopflow.application.tests\bin\release\net9.0\shopflow.application.tests.dll" id="69b360a8-9ede-8b6a-ded6-eaf9897dd710">
      <Execution id="30bde8b1-0b12-455e-8f59-a28ea42f5345" />
      <TestMethod codeBase="D:\Code\.Net\project_shopflow\Tests\ShopFlow.Application.Tests\bin\Release\net9.0\ShopFlow.Application.Tests.dll" adapterTypeName="executor://xunit/VsTestRunner2/netcoreapp" className="ShopFlow.Application.Tests.Handlers.Users.GetUserQueryHandlerTests" name="Handle_ExistingUser_ShouldReturnUserResponse" />
    </UnitTest>
    <UnitTest name="ShopFlow.Application.Tests.Validators.Users.CreateUserCommandValidatorTests.Validate_EmptyFullName_ShouldFail(fullName: null)" storage="d:\code\.net\project_shopflow\tests\shopflow.application.tests\bin\release\net9.0\shopflow.application.tests.dll" id="a725b48a-1658-1afd-b806-97b10bf75e78">
      <Execution id="0008b60c-45db-4331-9206-22651589408a" />
      <TestMethod codeBase="D:\Code\.Net\project_shopflow\Tests\ShopFlow.Application.Tests\bin\Release\net9.0\ShopFlow.Application.Tests.dll" adapterTypeName="executor://xunit/VsTestRunner2/netcoreapp" className="ShopFlow.Application.Tests.Validators.Users.CreateUserCommandValidatorTests" name="Validate_EmptyFullName_ShouldFail" />
    </UnitTest>
    <UnitTest name="ShopFlow.Application.Tests.Behaviors.ValidationBehaviorTests.Handle_ValidationContextCreatedCorrectly_ShouldUseCorrectRequest" storage="d:\code\.net\project_shopflow\tests\shopflow.application.tests\bin\release\net9.0\shopflow.application.tests.dll" id="1bd3eee9-d70b-116a-84c9-178da9f99ec6">
      <Execution id="83fa2926-bc55-479b-af80-cb15adc99068" />
      <TestMethod codeBase="D:\Code\.Net\project_shopflow\Tests\ShopFlow.Application.Tests\bin\Release\net9.0\ShopFlow.Application.Tests.dll" adapterTypeName="executor://xunit/VsTestRunner2/netcoreapp" className="ShopFlow.Application.Tests.Behaviors.ValidationBehaviorTests" name="Handle_ValidationContextCreatedCorrectly_ShouldUseCorrectRequest" />
    </UnitTest>
    <UnitTest name="ShopFlow.Application.Tests.Validators.Users.CreateUserCommandValidatorTests.Validate_ValidPhoneFormats_ShouldPass(phone: &quot;+84987654321&quot;)" storage="d:\code\.net\project_shopflow\tests\shopflow.application.tests\bin\release\net9.0\shopflow.application.tests.dll" id="702a5195-b49d-070b-d1eb-c62c3daf4012">
      <Execution id="a64a106f-7ddb-4423-b135-9d2fd3a33071" />
      <TestMethod codeBase="D:\Code\.Net\project_shopflow\Tests\ShopFlow.Application.Tests\bin\Release\net9.0\ShopFlow.Application.Tests.dll" adapterTypeName="executor://xunit/VsTestRunner2/netcoreapp" className="ShopFlow.Application.Tests.Validators.Users.CreateUserCommandValidatorTests" name="Validate_ValidPhoneFormats_ShouldPass" />
    </UnitTest>
    <UnitTest name="ShopFlow.Application.Tests.Validators.Users.CreateUserCommandValidatorTests.Validate_InvalidGender_ShouldFail(gender: &quot;NonBinary&quot;)" storage="d:\code\.net\project_shopflow\tests\shopflow.application.tests\bin\release\net9.0\shopflow.application.tests.dll" id="393b80f2-527d-b2d3-cb4b-77de628c1a4d">
      <Execution id="377ebd56-b955-4deb-8b68-c589898094ef" />
      <TestMethod codeBase="D:\Code\.Net\project_shopflow\Tests\ShopFlow.Application.Tests\bin\Release\net9.0\ShopFlow.Application.Tests.dll" adapterTypeName="executor://xunit/VsTestRunner2/netcoreapp" className="ShopFlow.Application.Tests.Validators.Users.CreateUserCommandValidatorTests" name="Validate_InvalidGender_ShouldFail" />
    </UnitTest>
    <UnitTest name="ShopFlow.Application.Tests.Behaviors.ValidationBehaviorTests.Handle_ValidatorThrowsException_ShouldPropagateException" storage="d:\code\.net\project_shopflow\tests\shopflow.application.tests\bin\release\net9.0\shopflow.application.tests.dll" id="f0bc1880-6657-6d71-520b-ea711aa68609">
      <Execution id="cee7c1a7-3554-4e9a-959a-c2da27ab3c31" />
      <TestMethod codeBase="D:\Code\.Net\project_shopflow\Tests\ShopFlow.Application.Tests\bin\Release\net9.0\ShopFlow.Application.Tests.dll" adapterTypeName="executor://xunit/VsTestRunner2/netcoreapp" className="ShopFlow.Application.Tests.Behaviors.ValidationBehaviorTests" name="Handle_ValidatorThrowsException_ShouldPropagateException" />
    </UnitTest>
[...]
      <TestMethod codeBase="D:\Code\.Net\project_shopflow\Tests\ShopFlow.Application.Tests\bin\Release\net9.0\ShopFlow.Application.Tests.dll" adapterTypeName="executor://xunit/VsTestRunner2/netcoreapp" className="ShopFlow.Application.Tests.Validators.Users.CreateUserCommandValidatorTests" name="Validate_InvalidPhoneFormat_ShouldFail" />
    </UnitTest>
  </TestDefinitions>
  <TestEntries>
    <TestEntry testId="bba00ea3-ae88-cec1-3a15-f93b94254758" executionId="4cc953ff-7ae4-45cf-8fab-594e0445c405" testListId="8c84fa94-04c1-424b-9868-57a2d4851a1d" />
    <TestEntry testId="f8288e4a-5fb1-6549-026e-4fe69668f6c9" executionId="a2de082d-d82c-4444-a4bf-aa7567f88d46" testListId="8c84fa94-04c1-424b-9868-57a2d4851a1d" />
    <TestEntry testId="feaaa2cc-cbc4-605a-6fcc-11adbbe8349d" executionId="72df9d8c-f883-40c7-b733-2ef55c91cf44" testListId="8c84fa94-04c1-424b-9868-57a2d4851a1d" />
    <TestEntry testId="3e7a2dc9-fe17-25f6-0b6b-c9feaca3dfed" executionId="cc71f4e5-ca7c-42d8-857b-77d605b4b47f" testListId="8c84fa94-04c1-424b-9868-57a2d4851a1d" />
    <TestEntry testId="6c343fba-b2b7-020b-9852-4fe8517c2601" executionId="96010f5a-d99a-4808-b1c8-c4cb93061a8b" testListId="8c84fa94-04c1-424b-9868-57a2d4851a1d" />
    <TestEntry testId="e6a2990b-dcde-239c-28cc-80450e978217" executionId="853cedc1-dae4-43c8-9edc-51d96747a21b" testListId="8c84fa94-04c1-424b-9868-57a2d4851a1d" />
    <TestEntry testId="94c96022-07a3-a623-8ce7-48a760759883" executionId="24a05bd4-81b7-42a0-8394-40617a3efe7f" testListId="8c84fa94-04c1-424b-9868-57a2d4851a1d" />
    <TestEntry testId="4453923a-00ae-da57-3d99-1c4ee6fdf2ee" executionId="62d1e521-8d74-44b4-9305-40389e247e37" testListId="8c84fa94-04c1-424b-9868-57a2d4851a1d" />
    <TestEntry testId="bacc7ad8-6e3c-8990-92af-cd8cdbce9d0a" executionId="f3e552a8-96d5-4c4d-b7a4-4553e0cf0ebc" testListId="8c84fa94-04c1-424b-9868-57a2d4851a1d" />
    <TestEntry testId="18ea3d8b-0d48-cba9-72b0-7d021ccd53e0" executionId="6602f688-01d3-421c-919f-0cf6768cf00c" testListId="8c84fa94-04c1-424b-9868-57a2d4851a1d" />
    <TestEntry testId="37e237aa-6ffd-52ef-1e78-2ecd10ea0bb7" executionId="4136a749-795f-4e90-969d-d4a10ae6588b" testListId="8c84fa94-04c1-424b-9868-57a2d4851a1d" />
    <TestEntry testId="bfc86520-dd6e-ac4f-f264-565ff9379017" executionId="9bc3b06f-6341-4ea3-b6e1-0aa895585108" testListId="8c84fa94-04c1-424b-9868-57a2d4851a1d" />
    <TestEntry testId="57f8eac0-5aec-6a48-bf16-6c6c4a0d18e8" executionId="5ba679c3-ab5d-4fd4-a53f-ccbadbd4626c" testListId="8c84fa94-04c1-424b-9868-57a2d4851a1d" />
    <TestEntry testId="9ccf2007-f4ab-07a3-4b07-1de9bd4897fb" executionId="c1d699ac-475f-421d-bf6f-5d8d3e9311ee" testListId="8c84fa94-04c1-424b-9868-57a2d4851a1d" />
    <TestEntry testId="ed2e2eb8-31b5-396b-f786-33dd14da3b9d" executionId="26746c05-55ef-4a37-bb48-03905f610402" testListId="8c84fa94-04c1-424b-9868-57a2d4851a1d" />
    <TestEntry testId="af27aad0-f374-05c4-b7f3-9603f172d5c6" executionId="cd25f51b-cdd5-4e68-97d2-6dbc5a2b3316" testListId="8c84fa94-04c1-424b-9868-57a2d4851a1d" />
    <TestEntry testId="94f2a285-982a-2202-9ac7-db081235018f" executionId="2efeedd1-bd6a-449e-8078-f1d5a9c7b914" testListId="8c84fa94-04c1-424b-9868-57a2d4851a1d" />
    <TestEntry testId="e215348e-1d53-0fa1-faeb-4093795189f1" executionId="a3fa8a5e-58bc-449c-bd96-6a5667c494bb" testListId="8c84fa94-04c1-424b-9868-57a2d4851a1d" />
    <TestEntry testId="e8b4c273-3f76-ef07-ec01-9217d6987a13" executionId="61b04814-8de7-4f5b-8432-03addebd54f4" testListId="8c84fa94-04c1-424b-9868-57a2d4851a1d" />
    <TestEntry testId="81fff8d8-f598-9d1d-647b-c33c4d89f3aa" executionId="550e8706-7c9a-4ed8-be24-78362bec4ef0" testListId="8c84fa94-04c1-424b-9868-57a2d4851a1d" />
    <TestEntry testId="03f6a312-464b-acd0-c75c-ffc7d5309343" executionId="57bea935-a8d3-44bb-9f4e-465fe39b2816" testListId="8c84fa94-04c1-424b-9868-57a2d4851a1d" />
    <TestEntry testId="95f6d561-4b3d-c17a-fcdc-4ee6e8784f1c" executionId="acf2544f-fa92-4cba-a33b-9559f6d446a7" testListId="8c84fa94-04c1-424b-9868-57a2d4851a1d" />
    <TestEntry testId="393b80f2-527d-b2d3-cb4b-77de628c1a4d" executionId="377ebd56-b955-4deb-8b68-c589898094ef" testListId="8c84fa94-04c1-424b-9868-57a2d4851a1d" />
    <TestEntry testId="e398c0dc-036e-9d45-da68-dc001f666a4d" executionId="d4f08710-7757-431b-a88d-2c28e19c4335" testListId="8c84fa94-04c1-424b-9868-57a2d4851a1d" />
    <TestEntry testId="ed82f227-9fd7-3fd8-eb7a-93442da42f69" executionId="126f76a6-c486-44a4-b843-482c55060079" testListId="8c84fa94-04c1-424b-9868-57a2d4851a1d" />
    <TestEntry testId="384efe0a-b926-12ae-eef8-2ae406426158" executionId="3af01157-9279-4202-ac9e-33bcccbcdbeb" testListId="8c84fa94-04c1-424b-9868-57a2d4851a1d" />
    <TestEntry testId="5fa2c0de-b48e-21f8-4b1e-0189a89bc64d" executionId="99437217-06e4-4828-a3a1-2d3b9fd95538" testListId="8c84fa94-04c1-424b-9868-57a2d4851a1d" />
    <TestEntry testId="1eaf2875-2adb-95b7-dd25-91d08b7e17df" executionId="ac6d9182-1cf3-4350-9793-a29076d0bc07" testListId="8c84fa94-04c1-424b-9868-57a2d4851a1d" />
    <TestEntry testId="93282b54-bce4-eadf-2e0f-f3190a797262" executionId="2b2fb788-694d-4d0e-82e4-a769cb3391c2" testListId="8c84fa94-04c1-424b-9868-57a2d4851a1d" />
    <TestEntry testId="4aebb4ba-16e3-6143-7d49-90ab3fe6483e" executionId="3be7268b-60f7-4011-9f39-a635eb514977" testListId="8c84fa94-04c1-424b-9868-57a2d4851a1d" />
    <TestEntry testId="889cee8d-15a6-b587-d04c-efdb6a39e275" executionId="4b31477f-3584-48db-9a6a-30a2e00e32a1" testListId="8c84fa94-04c1-424b-9868-57a2d4851a1d" />
    <TestEntry testId="3cc10f75-12d5-0772-b43a-27eca641433d" executionId="f52254d1-4ad8-414c-9a0b-ea22da87c876" testListId="8c84fa94-04c1-424b-9868-57a2d4851a1d" />
    <TestEntry testId="4233b0cf-d9ed-51d6-e376-c0d3710659e4" executionId="260840e9-f621-4d8e-8110-edd2d1b9bf02" testListId="8c84fa94-04c1-424b-9868-57a2d4851a1d" />
    <TestEntry testId="ef878ae3-3bb8-a3e3-3413-cab100e5a977" executionId="0e45417f-6bbc-4843-8a33-2a7679bf560a" testListId="8c84fa94-04c1-424b-9868-57a2d4851a1d" />
    <TestEntry testId="59ecf9aa-6cbe-da39-ae09-1fe92b8e9927" executionId="fc68560b-f4da-4b98-a258-267f462f7f09" testListId="8c84fa94-04c1-424b-9868-57a2d4851a1d" />
    <TestEntry testId="69b360a8-9ede-8b6a-ded6-eaf9897dd710" executionId="30bde8b1-0b12-455e-8f59-a28ea42f5345" testListId="8c84fa94-04c1-424b-9868-57a2d4851a1d" />
    <TestEntry testId="b02db883-5e5f-b796-7234-fe579f64fbdc" executionId="16bcf19f-b62c-4015-9d42-ca179fac6be0" testListId="8c84fa94-04c1-424b-9868-57a2d4851a1d" />
    <TestEntry testId="8d83daba-c409-b9fe-c741-9fb737159c4c" executionId="8f745ae6-ac81-4ddb-8aee-3b2bf1778543" testListId="8c84fa94-04c1-424b-9868-57a2d4851a1d" />
    <TestEntry testId="2e862318-0ee8-8ae8-6e32-f91f571557d7" executionId="bef869a8-dd04-4c1d-a466-7b4dcdabb2d3" testListId="8c84fa94-04c1-424b-9868-57a2d4851a1d" />
    <TestEntry testId="7fedc20d-f22e-4ce0-6f70-8572219a4b26" executionId="72fb5f6b-be66-4d37-9c0e-531bcc7f63ea" testListId="8c84fa94-04c1-424b-9868-57a2d4851a1d" />
    <TestEntry testId="bcb2ee01-0a1c-52ea-0564-1e453209c203" executionId="88bb4344-3a2d-4f07-962e-31cfd3f43ffd" testListId="8c84fa94-04c1-424b-9868-57a2d4851a1d" />
    <TestEntry testId="4a1c7353-1942-9bc9-4c50-b66f3d499f13" executionId="6bbacbdd-b244-4f33-b3df-4cf03c2110b7" testListId="8c84fa94-04c1-424b-9868-57a2d4851a1d" />
    <TestEntry testId="def86f68-9f92-71c8-bf98-e100956f78f4" executionId="f4c19da3-5c6e-4264-858b-a29ec2717e1c" testListId="8c84fa94-04c1-424b-9868-57a2d4851a1d" />
    <TestEntry testId="1bd3eee9-d70b-116a-84c9-178da9f99ec6" executionId="83fa2926-bc55-479b-af80-cb15adc99068" testListId="8c84fa94-04c1-424b-9868-57a2d4851a1d" />
    <TestEntry testId="eea35d2b-2eb4-5b99-f697-e5d88903799a" executionId="49fcba53-1f10-4828-9aa2-dfb65cdba5ea" testListId="8c84fa94-04c1-424b-9868-57a2d4851a1d" />
    <TestEntry testId="81c7748a-43cb-8799-dfea-52311e3756a1" executionId="5f4830d7-4b56-4897-8e8f-9f62c4f53fb0" testListId="8c84fa94-04c1-424b-9868-57a2d4851a1d" />
    <TestEntry testId="77b53e1b-6384-fc1e-ba8c-549d17b8a292" executionId="d11f10c8-ccca-4367-9e33-f0c41dcb2125" testListId="8c84fa94-04c1-424b-9868-57a2d4851a1d" />
    <TestEntry testId="f5bbb5e2-b30c-a690-4173-bd77bf064b58" executionId="adc100e6-a9c6-4b10-958f-8654532a3aeb" testListId="8c84fa94-04c1-424b-9868-57a2d4851a1d" />
    <TestEntry testId="f2807d54-7676-6d78-9d9c-ca8b31a899a0" executionId="d814a051-4614-480e-8de0-48b992e43b57" testListId="8c84fa94-04c1-424b-9868-57a2d4851a1d" />
    <TestEntry testId="9ecb7dcb-fa2e-f3d0-4bf5-95e0ba5a7642" executionId="3741c1b5-ff36-43cf-9362-f4b8c97f459d" testListId="8c84fa94-04c1-424b-9868-57a2d4851a1d" />
    <TestEntry testId="702a5195-b49d-070b-d1eb-c62c3daf4012" executionId="a64a106f-7ddb-4423-b135-9d2fd3a33071" testListId="8c84fa94-04c1-424b-9868-57a2d4851a1d" />
    <TestEntry testId="d9d08132-2e6d-0e46-6212-cb2965c97c72" executionId="0219ce73-f045-4e9e-8b83-f63150fa6a7c" testListId="8c84fa94-04c1-424b-9868-57a2d4851a1d" />
    <TestEntry testId="fa0ec154-f3ec-878c-ffb3-af8cd605d9a4" executionId="a767dea8-5a50-4d32-b70e-468bc943d0d5" testListId="8c84fa94-04c1-424b-9868-57a2d4851a1d" />
    <TestEntry testId="9478572a-3a63-3c60-50e0-227017ff501a" executionId="b6219713-1f81-4e9f-8c57-02731d0ae1e2" testListId="8c84fa94-04c1-424b-9868-57a2d4851a1d" />
    <TestEntry testId="b5072625-e5c5-b5e0-fdd5-27ea5656cd0c" executionId="935c0cf7-5abe-4c74-aa01-ebc3a4f1205f" testListId="8c84fa94-04c1-424b-9868-57a2d4851a1d" />
    <TestEntry testId="e2c401b4-5798-f440-81c2-e76f812b8045" executionId="c7bc2fa0-35ff-4484-9574-e6e3bb25e48d" testListId="8c84fa94-04c1-424b-9868-57a2d4851a1d" />
    <TestEntry testId="11dcd257-5a28-3fb2-d4ed-e81dfe036e1c" executionId="309dd016-873d-4774-977b-54a66844e3bb" testListId="8c84fa94-04c1-424b-9868-57a2d4851a1d" />
    <TestEntry testId="4771bb6b-1b88-1e83-2187-f8dac5f6705a" executionId="c040e7da-9bc1-4d1e-b6c0-17a211953bce" testListId="8c84fa94-04c1-424b-9868-57a2d4851a1d" />
    <TestEntry testId="0cc415a2-0ea1-ac25-47de-1b06150553ab" executionId="48688a09-1eea-45f2-8295-9185a138f336" testListId="8c84fa94-04c1-424b-9868-57a2d4851a1d" />
    <TestEntry testId="c391fdeb-9d14-1afd-aced-986cb20538aa" executionId="b7d1f7ad-9c8c-4777-83b5-7730b44ef9fa" testListId="8c84fa94-04c1-424b-9868-57a2d4851a1d" />
    <TestEntry testId="22b0cd16-79c9-aa9c-5df4-9bc4fc3bb3a0" executionId="2b68f3ee-a2f0-4620-8c1a-80ad8d81d8e2" testListId="8c84fa94-04c1-424b-9868-57a2d4851a1d" />
    <TestEntry testId="425f7460-db6f-70ac-ca31-9104d81a988a" executionId="3930b6d8-a61a-4a12-a0d3-cf6419016b6b" testListId="8c84fa94-04c1-424b-9868-57a2d4851a1d" />
    <TestEntry testId="acb94a9d-0222-d803-b118-884fcb7a1ed5" executionId="3ae16e5a-b658-445f-bd7e-5f75ec1a66ca" testListId="8c84fa94-04c1-424b-9868-57a2d4851a1d" />
    <TestEntry testId="d8d5fe18-0bf6-2250-da74-fb2ec0367bfb" executionId="86dce30b-4f3b-4abb-955f-75e18b5c874a" testListId="8c84fa94-04c1-424b-9868-57a2d4851a1d" />
    <TestEntry testId="56397298-8c1b-4fde-dcad-e7718fc4c816" executionId="0f892e6c-f02c-41e2-9a2d-73410b89e57b" testListId="8c84fa94-04c1-424b-9868-57a2d4851a1d" />
    <TestEntry testId="dcd5e603-f993-344c-0192-a764cc52ed6f" executionId="c806fbcb-6fb5-4750-83c2-6a5bce0a4068" testListId="8c84fa94-04c1-424b-9868-57a2d4851a1d" />
    <TestEntry testId="e9449d11-df04-1099-ba2b-d96f2e6cdbd7" executionId="490222eb-6e56-49d6-a145-a706846400ab" testListId="8c84fa94-04c1-424b-9868-57a2d4851a1d" />
    <TestEntry testId="72e46980-b44b-d0fd-ad78-0c4f333fe1f6" executionId="98cb9f61-0c4e-4295-8466-9989047a63d1" testListId="8c84fa94-04c1-424b-9868-57a2d4851a1d" />
    <TestEntry testId="8f342b49-e865-50a2-cb85-8a9c3aed23a5" executionId="c06a4a91-d9e8-4b14-be39-f0d399157fa5" testListId="8c84fa94-04c1-424b-9868-57a2d4851a1d" />
    <TestEntry testId="1d5e6b28-1e5c-274f-4014-9392ce2e0703" executionId="20e78362-2e8e-4548-af21-daa5f1688042" testListId="8c84fa94-04c1-424b-9868-57a2d4851a1d" />
    <TestEntry testId="2c1e57b5-5336-f3f7-aac9-df49bfb42903" executionId="137c953c-bf15-4a6f-8362-e09fa6d36a5f" testListId="8c84fa94-04c1-424b-9868-57a2d4851a1d" />
    <TestEntry testId="8825fd9e-aa9f-624e-98e1-648b0c3b3498" executionId="28dcaced-82db-4b8e-b9d1-5d39ea9801d1" testListId="8c84fa94-04c1-424b-9868-57a2d4851a1d" />
    <TestEntry testId="04d8e02a-d52b-5287-382e-194d56260157" executionId="40a9095d-1f60-4507-b88f-b96e3cf70dec" testListId="8c84fa94-04c1-424b-9868-57a2d4851a1d" />
    <TestEntry testId="0c801545-f657-a100-6766-402301751c17" executionId="13b7b0b3-612c-44ae-b071-3157f2bf366e" testListId="8c84fa94-04c1-424b-9868-57a2d4851a1d" />
    <TestEntry testId="0f67c65b-4c61-bea7-7fd9-8bb8a33c4040" executionId="44ff70f5-3660-4650-acf2-cc3bbd41f8d5" testListId="8c84fa94-04c1-424b-9868-57a2d4851a1d" />
    <TestEntry testId="e9ab1485-879a-1e26-8025-fbb73163f94f" executionId="9e2d8a9f-6715-47f6-bfa2-58976d134581" testListId="8c84fa94-04c1-424b-9868-57a2d4851a1d" />
    <TestEntry testId="2759fab2-8502-a045-5a28-2711ad6c5afa" executionId="979ae74d-3712-4279-b627-4e53ffcd0bad" testListId="8c84fa94-04c1-424b-9868-57a2d4851a1d" />
    <TestEntry testId="b93d89a1-8af8-7ee2-7183-99e33e138a59" executionId="0d68e7f5-d14f-4bb0-a9b1-301f6cca195c" testListId="8c84fa94-04c1-424b-9868-57a2d4851a1d" />
    <TestEntry testId="a34c11fe-96bf-f583-8945-43e0b79d1109" executionId="ee2902f0-d885-4310-ada3-6cbb3a71925e" testListId="8c84fa94-04c1-424b-9868-57a2d4851a1d" />
    <TestEntry testId="3072600d-f71a-e6d8-eab6-0f80ccfcb5e9" executionId="df2b6c70-1949-4678-a3b8-057ef37871d9" testListId="8c84fa94-04c1-424b-9868-57a2d4851a1d" />
    <TestEntry testId="f0bc1880-6657-6d71-520b-ea711aa68609" executionId="cee7c1a7-3554-4e9a-959a-c2da27ab3c31" testListId="8c84fa94-04c1-424b-9868-57a2d4851a1d" />
    <TestEntry testId="41da4035-f0f6-6680-cde9-d804d2f039d4" executionId="e9e4a1b9-f7d6-4970-ac3a-65105544b742" testListId="8c84fa94-04c1-424b-9868-57a2d4851a1d" />
    <TestEntry testId="1330cbc9-cca9-f4e2-d108-5878458ddfad" executionId="5d746d15-4483-427c-ab7d-35948074d7b3" testListId="8c84fa94-04c1-424b-9868-57a2d4851a1d" />
    <TestEntry testId="a725b48a-1658-1afd-b806-97b10bf75e78" executionId="0008b60c-45db-4331-9206-22651589408a" testListId="8c84fa94-04c1-424b-9868-57a2d4851a1d" />
    <TestEntry testId="f96faa35-606a-eb00-ccfc-66f38c4d0d77" executionId="78e4d870-0caf-41bc-b27b-153fe2ec1786" testListId="8c84fa94-04c1-424b-9868-57a2d4851a1d" />
    <TestEntry testId="a192ef44-f55e-22fb-56c3-7ba0417db44a" executionId="6ff1f25d-fc9f-4573-83fb-1229e2f01d46" testListId="8c84fa94-04c1-424b-9868-57a2d4851a1d" />
    <TestEntry testId="33366420-f015-e4d4-8cad-004160035bcc" executionId="317e9db1-5c20-4cde-9a07-811fcc86e9e4" testListId="8c84fa94-04c1-424b-9868-57a2d4851a1d" />
    <TestEntry testId="593f265e-3174-43b9-c52a-22d02dfacce1" executionId="053dee17-147d-4a82-ba76-06cb4da58eb3" testListId="8c84fa94-04c1-424b-9868-57a2d4851a1d" />
    <TestEntry testId="c1e399ca-2bc9-f0ef-285e-d61273c83c1d" executionId="f9889905-4ab3-41ea-9f55-6f75606bb403" testListId="8c84fa94-04c1-424b-9868-57a2d4851a1d" />
    <TestEntry testId="8e96f900-5cd0-e1a2-7fb3-b05bc1ceb91e" executionId="9dc13a45-13d7-42ad-a9df-1a8c448a6ce1" testListId="8c84fa94-04c1-424b-9868-57a2d4851a1d" />
    <TestEntry testId="009a71a2-0606-61ff-8755-ba80cdf5159c" executionId="17d2c4ee-b316-4f8a-bdb8-a4ccd54f51e5" testListId="8c84fa94-04c1-424b-9868-57a2d4851a1d" />
    <TestEntry testId="014f10fc-0dc5-101d-4c3e-c97a8250672d" executionId="6263e607-a7fb-4370-9bc2-a19ff19c69a5" testListId="8c84fa94-04c1-424b-9868-57a2d4851a1d" />
    <TestEntry testId="c7808491-b3eb-9081-5216-513e3cd0b173" executionId="bca54301-a3c7-470f-9984-59d4b7bd0034" testListId="8c84fa94-04c1-424b-9868-57a2d4851a1d" />
    <TestEntry testId="cc59f096-e9f6-68a8-d374-b3ca6bf3c713" executionId="3e67a6bf-03d2-4df3-943a-b7b6b5cb5b86" testListId="8c84fa94-04c1-424b-9868-57a2d4851a1d" />
    <TestEntry testId="d9b9a226-d972-298e-2232-555df986cf18" executionId="f3bf0963-abe5-45ae-9115-7fff659d57f3" testListId="8c84fa94-04c1-424b-9868-57a2d4851a1d" />
    <TestEntry testId="ac97bcdc-a283-de2e-d726-0ad70f40a645" executionId="ed14f854-50fc-4d4d-bd07-661265639f47" testListId="8c84fa94-04c1-424b-9868-57a2d4851a1d" />
    <TestEntry testId="25db2c85-0e1e-806b-a8d1-04b37ea0f5f5" executionId="7bec338a-5fd3-45f5-8d07-370987c8f46a" testListId="8c84fa94-04c1-424b-9868-57a2d4851a1d" />
    <TestEntry testId="9517b6c0-10d4-91cc-b0d6-c4166d05d62b" executionId="e6bb7550-b4df-4942-9bf3-29865aac2657" testListId="8c84fa94-04c1-424b-9868-57a2d4851a1d" />
    <TestEntry testId="ccf205ea-506a-15fc-9633-d84f37974ed0" executionId="9be2e968-0721-43fe-afa7-c16219cb3159" testListId="8c84fa94-04c1-424b-9868-57a2d4851a1d" />
    <TestEntry testId="cd773a89-e32b-d2ee-e2a5-0766caf7f600" executionId="5a848ad7-00bd-4023-b5b3-66df813eae85" testListId="8c84fa94-04c1-424b-9868-57a2d4851a1d" />
    <TestEntry testId="b6c23262-32ac-a46f-bbf8-902c1eaff77c" executionId="0d7a96a4-e1ea-41e2-b275-0cb1a6ac99b8" testListId="8c84fa94-04c1-424b-9868-57a2d4851a1d" />
    <TestEntry testId="37ba2415-2ef0-264d-16f9-8e6e6d4d1c80" executionId="45c56e8a-3395-4ec5-b5cb-4d45717f1ca3" testListId="8c84fa94-04c1-424b-9868-57a2d4851a1d" />
    <TestEntry testId="74017ceb-7d72-3dcb-866c-05cd2348995e" executionId="a39a25c7-9090-44bd-aebd-763a2aa6225d" testListId="8c84fa94-04c1-424b-9868-57a2d4851a1d" />
    <TestEntry testId="e5320f33-8a4d-218d-8735-d8dd2ffd7352" executionId="b212c690-2175-4c3c-8f71-6ef9f4e85590" testListId="8c84fa94-04c1-424b-9868-57a2d4851a1d" />
    <TestEntry testId="d3071b23-51d7-6b74-0567-31343d38165b" executionId="faea1937-b586-4df6-8766-1fc65aced9ad" testListId="8c84fa94-04c1-424b-9868-57a2d4851a1d" />
    <TestEntry testId="db0fc7a8-53e2-0682-abfb-10d47773d941" executionId="721c62c8-0a08-4ea6-bc93-e5d7bdfd9a5f" testListId="8c84fa94-04c1-424b-9868-57a2d4851a1d" />
    <TestEntry testId="804acb26-e7c9-c6fd-550a-f484cf24152f" executionId="882f3871-4932-4f14-9000-39e5edc5c3fa" testListId="8c84fa94-04c1-424b-9868-57a2d4851a1d" />
    <TestEntry testId="28ec6df7-f84d-e089-d491-1ad080748ecf" executionId="68c23b9e-a4ac-4c73-bd3d-23ff1df18808" testListId="8c84fa94-04c1-424b-9868-57a2d4851a1d" />
    <TestEntry testId="ae5e42b8-3cf5-af36-50ef-c3c39bce9359" executionId="075f5882-6349-4736-abb8-ab036e31756c" testListId="8c84fa94-04c1-424b-9868-57a2d4851a1d" />
    <TestEntry testId="0c82a13a-361b-e38c-26f4-6b0045cf02b6" executionId="2629847c-68eb-4ccb-952e-20ca26a73a5b" testListId="8c84fa94-04c1-424b-9868-57a2d4851a1d" />
    <TestEntry testId="e4949bf4-fd77-b6e7-1c33-ed9013324cb3" executionId="9ddcf5d9-de6a-4c21-bed8-d9d9cbd8f1d8" testListId="8c84fa94-04c1-424b-9868-57a2d4851a1d" />
    <TestEntry testId="903d0921-71c1-2cb9-4cef-4a6c9e7fdae3" executionId="28cce44e-f7f0-4dce-be22-f06d5278fdc6" testListId="8c84fa94-04c1-424b-9868-57a2d4851a1d" />
    <TestEntry testId="99c37b29-a8fb-2b6c-32b1-683f4e8a17cf" executionId="c5192e77-89e1-4541-8c38-a043533e5e20" testListId="8c84fa94-04c1-424b-9868-57a2d4851a1d" />
  </TestEntries>
  <TestLists>
    <TestList name="Results Not in a List" id="8c84fa94-04c1-424b-9868-57a2d4851a1d" />
    <TestList name="All Loaded Results" id="19431567-8539-422a-85d7-44ee4e166bda" />
  </TestLists>
  <ResultSummary outcome="Completed">
    <Counters total="113" executed="113" passed="113" failed="0" error="0" timeout="0" aborted="0" inconclusive="0" passedButRunAborted="0" notRunnable="0" notExecuted="0" disconnected="0" warning="0" completed="0" inProgress="0" pending="0" />
    <Output>
      <StdOut>[xUnit.net 00:00:00.00] xUnit.net VSTest Adapter v2.8.2+699d445a1a (64-bit .NET 9.0.8)&#xD;
[xUnit.net 00:00:00.21]   Discovering: ShopFlow.Application.Tests&#xD;
[xUnit.net 00:00:00.28]   Discovered:  ShopFlow.Application.Tests&#xD;
[xUnit.net 00:00:00.28]   Starting:    ShopFlow.Application.Tests&#xD;
[xUnit.net 00:00:00.56]   Finished:    ShopFlow.Application.Tests&#xD;
</StdOut>
    </Output>
  </ResultSummary>
</TestRun>