<?xml version="1.0" encoding="utf-8"?>
<TestRun id="dcfba50e-0ec2-43da-acc2-518bb3bc50ee" name="namng@RAY 2025-09-07 22:44:09" runUser="RAY\namng" xmlns="http://microsoft.com/schemas/VisualStudio/TeamTest/2010">
  <Times creation="2025-09-07T22:44:09.0454939+07:00" queuing="2025-09-07T22:44:09.0454940+07:00" start="2025-09-07T22:44:05.4373050+07:00" finish="2025-09-07T22:44:09.1502186+07:00" />
  <TestSettings name="default" id="0546dda1-326d-4048-b5e7-948c6a65dcf1">
    <Deployment runDeploymentRoot="namng_RAY_2025-09-07_22_44_09" />
  </TestSettings>
  <Results>
    <UnitTestResult executionId="291d41f1-440d-40c4-95a2-1417d0d08f21" testId="de5a8ad5-4a44-36d9-37cc-26d95dca0320" testName="ShopFlow.Domain.Tests.DomainServices.PricingServiceTests.CalculateTotal_PrecisionCalculation_ShouldMaintainAccuracy" computerName="RAY" duration="00:00:00.0013907" startTime="2025-09-07T22:44:09.0735949+07:00" endTime="2025-09-07T22:44:09.0735949+07:00" testType="13cdc9d9-ddb5-4fa4-a97d-d965ccfc6d4b" outcome="Passed" testListId="8c84fa94-04c1-424b-9868-57a2d4851a1d" relativeResultsDirectory="291d41f1-440d-40c4-95a2-1417d0d08f21" />
    <UnitTestResult executionId="6c309814-9e7f-4b91-97d3-9a29a05d09d0" testId="b5932fcb-4c37-0441-b5e6-68bc6dd6051d" testName="ShopFlow.Domain.Tests.ValueObjects.MoneyTests.Constructor_ValidAmountAndCurrency_ShouldCreateMoneyObject" computerName="RAY" duration="00:00:00.0015574" startTime="2025-09-07T22:44:09.0281994+07:00" endTime="2025-09-07T22:44:09.0281995+07:00" testType="13cdc9d9-ddb5-4fa4-a97d-d965ccfc6d4b" outcome="Passed" testListId="8c84fa94-04c1-424b-9868-57a2d4851a1d" relativeResultsDirectory="6c309814-9e7f-4b91-97d3-9a29a05d09d0" />
    <UnitTestResult executionId="f5cfc2b3-0c2e-484e-b30f-971bae9e4cfc" testId="7c359d95-09c2-5194-7104-23c6787fa98b" testName="ShopFlow.Domain.Tests.ValueObjects.EmailTests.Constructor_InvalidEmailFormat_ShouldThrowArgumentException(invalidEmail: &quot;test@domain&quot;)" computerName="RAY" duration="00:00:00.0011397" startTime="2025-09-07T22:44:09.0321424+07:00" endTime="2025-09-07T22:44:09.0321425+07:00" testType="13cdc9d9-ddb5-4fa4-a97d-d965ccfc6d4b" outcome="Passed" testListId="8c84fa94-04c1-424b-9868-57a2d4851a1d" relativeResultsDirectory="f5cfc2b3-0c2e-484e-b30f-971bae9e4cfc" />
    <UnitTestResult executionId="44fdc5d9-5894-44ae-b5a6-ad83ca0cbcba" testId="900e3bc2-62c9-09bd-a90d-537bbccd76c9" testName="ShopFlow.Domain.Tests.Entities.CatProductTests.ProductStatusTransitions_AllValidTransitions_ShouldWork" computerName="RAY" duration="00:00:00.0015891" startTime="2025-09-07T22:44:09.0656209+07:00" endTime="2025-09-07T22:44:09.0656209+07:00" testType="13cdc9d9-ddb5-4fa4-a97d-d965ccfc6d4b" outcome="Passed" testListId="8c84fa94-04c1-424b-9868-57a2d4851a1d" relativeResultsDirectory="44fdc5d9-5894-44ae-b5a6-ad83ca0cbcba" />
    <UnitTestResult executionId="dcd65962-8091-408d-96b2-ea2a97f93783" testId="6ec194a5-8a4d-463b-e43a-5172b9278b6b" testName="ShopFlow.Domain.Tests.DomainServices.PricingServiceTests.IsValidPrice_ValidPrices_ShouldReturnTrue(validAmount: 100)" computerName="RAY" duration="00:00:00.0013565" startTime="2025-09-07T22:44:09.0300975+07:00" endTime="2025-09-07T22:44:09.0300976+07:00" testType="13cdc9d9-ddb5-4fa4-a97d-d965ccfc6d4b" outcome="Passed" testListId="8c84fa94-04c1-424b-9868-57a2d4851a1d" relativeResultsDirectory="dcd65962-8091-408d-96b2-ea2a97f93783" />
    <UnitTestResult executionId="963d1981-2fee-4a26-8023-fd9f83506771" testId="dc8e0a4f-cfc3-4885-ef9c-a62fa51590d7" testName="ShopFlow.Domain.Tests.DomainServices.PricingServiceTests.CalculateTotal_NullParameter_ShouldThrowArgumentNullException(nullParameter: &quot;tax&quot;)" computerName="RAY" duration="00:00:00.0011071" startTime="2025-09-07T22:44:09.0230733+07:00" endTime="2025-09-07T22:44:09.0230733+07:00" testType="13cdc9d9-ddb5-4fa4-a97d-d965ccfc6d4b" outcome="Passed" testListId="8c84fa94-04c1-424b-9868-57a2d4851a1d" relativeResultsDirectory="963d1981-2fee-4a26-8023-fd9f83506771" />
    <UnitTestResult executionId="e872fbf4-25b0-436b-b569-0d54b3f7ba15" testId="5ec1a1c8-8690-0aed-b5ac-ec1898c6a02c" testName="ShopFlow.Domain.Tests.ValueObjects.PhoneNumberTests.ExplicitPhoneConversion_ValidString_ShouldCreatePhone" computerName="RAY" duration="00:00:00.0047317" startTime="2025-09-07T22:44:09.0531692+07:00" endTime="2025-09-07T22:44:09.0531693+07:00" testType="13cdc9d9-ddb5-4fa4-a97d-d965ccfc6d4b" outcome="Passed" testListId="8c84fa94-04c1-424b-9868-57a2d4851a1d" relativeResultsDirectory="e872fbf4-25b0-436b-b569-0d54b3f7ba15" />
    <UnitTestResult executionId="bc517b61-73ed-4352-9c2a-1c20b8803199" testId="7839b1cc-fc32-8268-0fbc-44f9ecd9a6fc" testName="ShopFlow.Domain.Tests.Entities.CoreUserTests.IsActive_NonActiveUser_ShouldReturnFalse(status: Inactive)" computerName="RAY" duration="00:00:00.0011141" startTime="2025-09-07T22:44:09.0509893+07:00" endTime="2025-09-07T22:44:09.0509893+07:00" testType="13cdc9d9-ddb5-4fa4-a97d-d965ccfc6d4b" outcome="Passed" testListId="8c84fa94-04c1-424b-9868-57a2d4851a1d" relativeResultsDirectory="bc517b61-73ed-4352-9c2a-1c20b8803199" />
    <UnitTestResult executionId="47ba1078-f434-4659-84b4-2ed695346da6" testId="67d41ff5-5257-cf3f-7402-5e8db4936dfe" testName="ShopFlow.Domain.Tests.DomainServices.PricingServiceTests.CalculateTotal_ValidInputs_ShouldCalculateCorrectly" computerName="RAY" duration="00:00:00.0014420" startTime="2025-09-07T22:44:09.0613232+07:00" endTime="2025-09-07T22:44:09.0613232+07:00" testType="13cdc9d9-ddb5-4fa4-a97d-d965ccfc6d4b" outcome="Passed" testListId="8c84fa94-04c1-424b-9868-57a2d4851a1d" relativeResultsDirectory="47ba1078-f434-4659-84b4-2ed695346da6" />
    <UnitTestResult executionId="678b5c46-707d-43b4-9c1f-e76a10da1024" testId="22e7f319-2869-14f0-4c11-1312a43cb76f" testName="ShopFlow.Domain.Tests.Entities.CatProductTests.IsActive_ActiveProduct_ShouldReturnTrue" computerName="RAY" duration="00:00:00.0013537" startTime="2025-09-07T22:44:09.0227541+07:00" endTime="2025-09-07T22:44:09.0227542+07:00" testType="13cdc9d9-ddb5-4fa4-a97d-d965ccfc6d4b" outcome="Passed" testListId="8c84fa94-04c1-424b-9868-57a2d4851a1d" relativeResultsDirectory="678b5c46-707d-43b4-9c1f-e76a10da1024" />
    <UnitTestResult executionId="a1b4970b-2b26-4a2e-a4c5-c88a32748dba" testId="c4925a94-1819-a230-7546-6d73996c4d00" testName="ShopFlow.Domain.Tests.Entities.CatProductTests.Constructor_WithoutReturnDays_ShouldCreateProduct" computerName="RAY" duration="00:00:00.0013632" startTime="2025-09-07T22:44:09.0717092+07:00" endTime="2025-09-07T22:44:09.0717093+07:00" testType="13cdc9d9-ddb5-4fa4-a97d-d965ccfc6d4b" outcome="Passed" testListId="8c84fa94-04c1-424b-9868-57a2d4851a1d" relativeResultsDirectory="a1b4970b-2b26-4a2e-a4c5-c88a32748dba" />
    <UnitTestResult executionId="a838c91e-6e06-4fb0-97dd-c53349268907" testId="b119e76e-e18b-e606-8a28-bb0f028f0c29" testName="ShopFlow.Domain.Tests.ValueObjects.EmailTests.Constructor_ValidEmail_ShouldCreateEmailObject" computerName="RAY" duration="00:00:00.0050967" startTime="2025-09-07T22:44:09.0182325+07:00" endTime="2025-09-07T22:44:09.0182325+07:00" testType="13cdc9d9-ddb5-4fa4-a97d-d965ccfc6d4b" outcome="Passed" testListId="8c84fa94-04c1-424b-9868-57a2d4851a1d" relativeResultsDirectory="a838c91e-6e06-4fb0-97dd-c53349268907" />
    <UnitTestResult executionId="5ba07e31-1df7-40c1-a036-0e27a771a362" testId="f496865f-5b97-2f56-0467-a866c3a0c44b" testName="ShopFlow.Domain.Tests.ValueObjects.EmailTests.GetHashCode_SameEmailValues_ShouldReturnSameHashCode" computerName="RAY" duration="00:00:00.6314708" startTime="2025-09-07T22:44:08.9856290+07:00" endTime="2025-09-07T22:44:08.9856291+07:00" testType="13cdc9d9-ddb5-4fa4-a97d-d965ccfc6d4b" outcome="Passed" testListId="8c84fa94-04c1-424b-9868-57a2d4851a1d" relativeResultsDirectory="5ba07e31-1df7-40c1-a036-0e27a771a362" />
    <UnitTestResult executionId="ef94e562-c964-4ef7-bd62-8f644ff1029e" testId="489f187d-0468-63e3-0e3c-46a80a2e55a4" testName="ShopFlow.Domain.Tests.ValueObjects.EmailTests.Constructor_ValidEmailFormats_ShouldCreateEmailObject(validEmail: &quot;user.name@domain.co.uk&quot;)" computerName="RAY" duration="00:00:00.0016721" startTime="2025-09-07T22:44:09.0077306+07:00" endTime="2025-09-07T22:44:09.0077307+07:00" testType="13cdc9d9-ddb5-4fa4-a97d-d965ccfc6d4b" outcome="Passed" testListId="8c84fa94-04c1-424b-9868-57a2d4851a1d" relativeResultsDirectory="ef94e562-c964-4ef7-bd62-8f644ff1029e" />
    <UnitTestResult executionId="b0a8832d-9071-42fa-9726-ad92ac2a5896" testId="599ca3f9-cc9e-c8a0-b5d5-bbf1d797404c" testName="ShopFlow.Domain.Tests.ValueObjects.EmailTests.Constructor_InvalidEmailFormat_ShouldThrowArgumentException(invalidEmail: &quot;test@.com&quot;)" computerName="RAY" duration="00:00:00.0011815" startTime="2025-09-07T22:44:09.0333038+07:00" endTime="2025-09-07T22:44:09.0333038+07:00" testType="13cdc9d9-ddb5-4fa4-a97d-d965ccfc6d4b" outcome="Passed" testListId="8c84fa94-04c1-424b-9868-57a2d4851a1d" relativeResultsDirectory="b0a8832d-9071-42fa-9726-ad92ac2a5896" />
    <UnitTestResult executionId="ac147738-7536-4b54-86d3-b8f201bdd22a" testId="f8a8970a-390d-63e3-5fd4-4750485b34dc" testName="ShopFlow.Domain.Tests.Entities.CoreUserTests.Suspend_ActiveUser_ShouldSuspendUser" computerName="RAY" duration="00:00:00.0022388" startTime="2025-09-07T22:44:09.0614474+07:00" endTime="2025-09-07T22:44:09.0614475+07:00" testType="13cdc9d9-ddb5-4fa4-a97d-d965ccfc6d4b" outcome="Passed" testListId="8c84fa94-04c1-424b-9868-57a2d4851a1d" relativeResultsDirectory="ac147738-7536-4b54-86d3-b8f201bdd22a" />
    <UnitTestResult executionId="2ad87db9-03e9-4dc6-8cef-02e6c1571821" testId="e3c6b8bd-2717-8ba4-43a1-dd794fde5e54" testName="ShopFlow.Domain.Tests.DomainServices.PricingServiceTests.CalculateTotal_LargeDiscountExceedsSubtotal_ShouldThrowException" computerName="RAY" duration="00:00:00.0011358" startTime="2025-09-07T22:44:09.0505448+07:00" endTime="2025-09-07T22:44:09.0505449+07:00" testType="13cdc9d9-ddb5-4fa4-a97d-d965ccfc6d4b" outcome="Passed" testListId="8c84fa94-04c1-424b-9868-57a2d4851a1d" relativeResultsDirectory="2ad87db9-03e9-4dc6-8cef-02e6c1571821" />
    <UnitTestResult executionId="60c31150-45dc-4e57-93fa-04f380e21947" testId="6a65bb7e-98d5-ee3a-8c37-84eb9bebd3f4" testName="ShopFlow.Domain.Tests.Entities.CatProductTests.ProductWithComplexCategoryManagement_ShouldHandleCorrectly" computerName="RAY" duration="00:00:00.0032263" startTime="2025-09-07T22:44:09.0566152+07:00" endTime="2025-09-07T22:44:09.0566153+07:00" testType="13cdc9d9-ddb5-4fa4-a97d-d965ccfc6d4b" outcome="Passed" testListId="8c84fa94-04c1-424b-9868-57a2d4851a1d" relativeResultsDirectory="60c31150-45dc-4e57-93fa-04f380e21947" />
    <UnitTestResult executionId="f14cae85-c8c7-4b96-8bee-0166b990f7c0" testId="a378124c-fbc1-e14c-9b62-431a623fdea0" testName="ShopFlow.Domain.Tests.Entities.CoreUserTests.UserRoles_ShouldBeReadOnlyCollection" computerName="RAY" duration="00:00:00.0019934" startTime="2025-09-07T22:44:09.0720230+07:00" endTime="2025-09-07T22:44:09.0720231+07:00" testType="13cdc9d9-ddb5-4fa4-a97d-d965ccfc6d4b" outcome="Passed" testListId="8c84fa94-04c1-424b-9868-57a2d4851a1d" relativeResultsDirectory="f14cae85-c8c7-4b96-8bee-0166b990f7c0" />
    <UnitTestResult executionId="5cbb876b-2580-4708-8ebe-21109b8b5bd8" testId="dca3a84d-4ece-7664-1d57-025529f11686" testName="ShopFlow.Domain.Tests.ValueObjects.MoneyTests.Constructor_EmptyOrWhitespaceCurrency_ShouldThrowArgumentException(invalidCurrency: &quot; &quot;)" computerName="RAY" duration="00:00:00.0030025" startTime="2025-09-07T22:44:09.0078620+07:00" endTime="2025-09-07T22:44:09.0078620+07:00" testType="13cdc9d9-ddb5-4fa4-a97d-d965ccfc6d4b" outcome="Passed" testListId="8c84fa94-04c1-424b-9868-57a2d4851a1d" relativeResultsDirectory="5cbb876b-2580-4708-8ebe-21109b8b5bd8" />
    <UnitTestResult executionId="38608e51-4efa-4264-95bb-ca5c59386404" testId="acdcd4e7-69b8-8479-4c4a-77aaa96b9c64" testName="ShopFlow.Domain.Tests.Entities.CatProductTests.Activate_DraftProduct_ShouldActivateProduct" computerName="RAY" duration="00:00:00.0025927" startTime="2025-09-07T22:44:09.0123454+07:00" endTime="2025-09-07T22:44:09.0123455+07:00" testType="13cdc9d9-ddb5-4fa4-a97d-d965ccfc6d4b" outcome="Passed" testListId="8c84fa94-04c1-424b-9868-57a2d4851a1d" relativeResultsDirectory="38608e51-4efa-4264-95bb-ca5c59386404" />
    <UnitTestResult executionId="b54224ea-62bb-4ac8-8671-fbab228778b2" testId="c349a500-9814-8897-b266-1b220601c7b5" testName="ShopFlow.Domain.Tests.Entities.CatProductTests.Constructor_VariousReturnDays_ShouldCreateProduct(returnDays: 90)" computerName="RAY" duration="00:00:00.0011312" startTime="2025-09-07T22:44:09.0488557+07:00" endTime="2025-09-07T22:44:09.0488558+07:00" testType="13cdc9d9-ddb5-4fa4-a97d-d965ccfc6d4b" outcome="Passed" testListId="8c84fa94-04c1-424b-9868-57a2d4851a1d" relativeResultsDirectory="b54224ea-62bb-4ac8-8671-fbab228778b2" />
    <UnitTestResult executionId="d1a73bb3-c01c-42ef-aa88-dcbacfa97c30" testId="981cd72f-7507-0d24-dec6-6ff9ceb67cc5" testName="ShopFlow.Domain.Tests.Entities.CatProductTests.CanBeOrdered_InactiveProductWithActiveSku_ShouldReturnFalse" computerName="RAY" duration="00:00:00.0022146" startTime="2025-09-07T22:44:09.0654453+07:00" endTime="2025-09-07T22:44:09.0654454+07:00" testType="13cdc9d9-ddb5-4fa4-a97d-d965ccfc6d4b" outcome="Passed" testListId="8c84fa94-04c1-424b-9868-57a2d4851a1d" relativeResultsDirectory="d1a73bb3-c01c-42ef-aa88-dcbacfa97c30" />
    <UnitTestResult executionId="865a76b3-02f4-410f-b02c-c5f494158553" testId="f8a95b44-1e62-0c8d-8e35-4976fa7a3784" testName="ShopFlow.Domain.Tests.DomainServices.PricingServiceTests.ApplyDiscount_InvalidDiscountPercentage_ShouldThrowArgumentException(invalidPercentage: -0,1)" computerName="RAY" duration="00:00:00.0031333" startTime="2025-09-07T22:44:09.0082749+07:00" endTime="2025-09-07T22:44:09.0082750+07:00" testType="13cdc9d9-ddb5-4fa4-a97d-d965ccfc6d4b" outcome="Passed" testListId="8c84fa94-04c1-424b-9868-57a2d4851a1d" relativeResultsDirectory="865a76b3-02f4-410f-b02c-c5f494158553" />
    <UnitTestResult executionId="800131b0-234e-453b-946e-2b33ec506387" testId="f70e9f2f-d1ab-315d-3e4d-a27f323a779d" testName="ShopFlow.Domain.Tests.ValueObjects.PhoneNumberTests.Constructor_ValidVietnameseMobileNumbers_ShouldCreatePhoneNumberObject(validPhone: &quot;0912345678&quot;)" computerName="RAY" duration="00:00:00.0011563" startTime="2025-09-07T22:44:09.0240760+07:00" endTime="2025-09-07T22:44:09.0240761+07:00" testType="13cdc9d9-ddb5-4fa4-a97d-d965ccfc6d4b" outcome="Passed" testListId="8c84fa94-04c1-424b-9868-57a2d4851a1d" relativeResultsDirectory="800131b0-234e-453b-946e-2b33ec506387" />
    <UnitTestResult executionId="8e19a56e-502f-4bfa-8b28-b22d311dbbe6" testId="94fa0ab4-61ce-c6ab-5c59-07967741738a" testName="ShopFlow.Domain.Tests.DomainServices.PricingServiceTests.CalculatePrice_NullOffer_ShouldThrowArgumentNullException" computerName="RAY" duration="00:00:00.0013431" startTime="2025-09-07T22:44:09.0736669+07:00" endTime="2025-09-07T22:44:09.0736669+07:00" testType="13cdc9d9-ddb5-4fa4-a97d-d965ccfc6d4b" outcome="Passed" testListId="8c84fa94-04c1-424b-9868-57a2d4851a1d" relativeResultsDirectory="8e19a56e-502f-4bfa-8b28-b22d311dbbe6" />
    <UnitTestResult executionId="579f8d8f-5cc9-4f04-aaae-c6c41416e53f" testId="ee1adf46-3dbc-4fa4-6624-c5866a212d87" testName="ShopFlow.Domain.Tests.Entities.CoreUserTests.VerifyEmail_ShouldSetEmailVerifiedToTrue" computerName="RAY" duration="00:00:00.0011073" startTime="2025-09-07T22:44:09.0668112+07:00" endTime="2025-09-07T22:44:09.0668113+07:00" testType="13cdc9d9-ddb5-4fa4-a97d-d965ccfc6d4b" outcome="Passed" testListId="8c84fa94-04c1-424b-9868-57a2d4851a1d" relativeResultsDirectory="579f8d8f-5cc9-4f04-aaae-c6c41416e53f" />
    <UnitTestResult executionId="1c908e23-717b-4960-9ea6-b5e60b060e1f" testId="79b2e787-75eb-ada0-1fb7-9139ee283fa0" testName="ShopFlow.Domain.Tests.DomainServices.PricingServiceTests.CalculatePrice_PrecisionHandling_ShouldMaintainAccuracy" computerName="RAY" duration="00:00:00.0010228" startTime="2025-09-07T22:44:09.0665636+07:00" endTime="2025-09-07T22:44:09.0665637+07:00" testType="13cdc9d9-ddb5-4fa4-a97d-d965ccfc6d4b" outcome="Passed" testListId="8c84fa94-04c1-424b-9868-57a2d4851a1d" relativeResultsDirectory="1c908e23-717b-4960-9ea6-b5e60b060e1f" />
    <UnitTestResult executionId="877d5d0e-fc93-4982-84a2-788dca53eb36" testId="5c84f8f2-25d9-8711-019a-52987cd06c94" testName="ShopFlow.Domain.Tests.DomainServices.PricingServiceTests.CalculateTax_InvalidTaxRate_ShouldThrowArgumentException(invalidTaxRate: 2)" computerName="RAY" duration="00:00:00.0013325" startTime="2025-09-07T22:44:09.0690684+07:00" endTime="2025-09-07T22:44:09.0690685+07:00" testType="13cdc9d9-ddb5-4fa4-a97d-d965ccfc6d4b" outcome="Passed" testListId="8c84fa94-04c1-424b-9868-57a2d4851a1d" relativeResultsDirectory="877d5d0e-fc93-4982-84a2-788dca53eb36" />
    <UnitTestResult executionId="23808135-b843-408d-8133-6834a055267a" testId="e8652ddb-44dd-7267-219e-345707d6380d" testName="ShopFlow.Domain.Tests.DomainServices.PricingServiceTests.IsValidPrice_NullPrice_ShouldReturnFalse" computerName="RAY" duration="00:00:00.0048365" startTime="2025-09-07T22:44:09.0530248+07:00" endTime="2025-09-07T22:44:09.0530249+07:00" testType="13cdc9d9-ddb5-4fa4-a97d-d965ccfc6d4b" outcome="Passed" testListId="8c84fa94-04c1-424b-9868-57a2d4851a1d" relativeResultsDirectory="23808135-b843-408d-8133-6834a055267a" />
    <UnitTestResult executionId="309d18d8-19d8-4d55-a1bf-7fdba45c52f5" testId="7e86f5eb-5a95-f243-503d-4bfe55305a83" testName="ShopFlow.Domain.Tests.ValueObjects.MoneyTests.Multiplication_WithDecimalMultiplier_ShouldMultiplyAmount" computerName="RAY" duration="00:00:00.0014687" startTime="2025-09-07T22:44:09.0333858+07:00" endTime="2025-09-07T22:44:09.0333859+07:00" testType="13cdc9d9-ddb5-4fa4-a97d-d965ccfc6d4b" outcome="Passed" testListId="8c84fa94-04c1-424b-9868-57a2d4851a1d" relativeResultsDirectory="309d18d8-19d8-4d55-a1bf-7fdba45c52f5" />
    <UnitTestResult executionId="ae830c02-5978-4689-a4c3-a4ca7b97cf67" testId="8d2fcafc-8596-5e05-3558-e9ea41ed933b" testName="ShopFlow.Domain.Tests.DomainServices.PricingServiceTests.CalculateTax_ValidAmountAndTaxRate_ShouldCalculateCorrectly(amount: 250000, taxRate: 0,05, expectedTax: 12500)" computerName="RAY" duration="00:00:00.0009856" startTime="2025-09-07T22:44:09.0674820+07:00" endTime="2025-09-07T22:44:09.0674820+07:00" testType="13cdc9d9-ddb5-4fa4-a97d-d965ccfc6d4b" outcome="Passed" testListId="8c84fa94-04c1-424b-9868-57a2d4851a1d" relativeResultsDirectory="ae830c02-5978-4689-a4c3-a4ca7b97cf67" />
    <UnitTestResult executionId="8751bde1-cbc6-4cf8-b958-2dc49f2f89bf" testId="f326b5f8-1830-ef38-5782-9bd8fb54e336" testName="ShopFlow.Domain.Tests.ValueObjects.EmailTests.Constructor_EmailWithSpecialCharacters_ShouldCreateEmailObject(emailWithSpecialChars: &quot;test_name@example.com&quot;)" computerName="RAY" duration="00:00:00.0008647" startTime="2025-09-07T22:44:09.0265991+07:00" endTime="2025-09-07T22:44:09.0265992+07:00" testType="13cdc9d9-ddb5-4fa4-a97d-d965ccfc6d4b" outcome="Passed" testListId="8c84fa94-04c1-424b-9868-57a2d4851a1d" relativeResultsDirectory="8751bde1-cbc6-4cf8-b958-2dc49f2f89bf" />
    <UnitTestResult executionId="5faf50a7-0f63-4652-91e2-abe02856f6f1" testId="b41fd184-51bd-02d7-0f99-0ce51c2c7459" testName="ShopFlow.Domain.Tests.ValueObjects.MoneyTests.Constructor_NullCurrency_ShouldThrowArgumentException" computerName="RAY" duration="00:00:00.0077030" startTime="2025-09-07T22:44:09.0367230+07:00" endTime="2025-09-07T22:44:09.0367230+07:00" testType="13cdc9d9-ddb5-4fa4-a97d-d965ccfc6d4b" outcome="Passed" testListId="8c84fa94-04c1-424b-9868-57a2d4851a1d" relativeResultsDirectory="5faf50a7-0f63-4652-91e2-abe02856f6f1" />
    <UnitTestResult executionId="6168de09-2b69-4543-a04e-b9304eb7d790" testId="d4d1e0fb-3a0f-5262-fdf5-bb0908ed430a" testName="ShopFlow.Domain.Tests.ValueObjects.MoneyTests.Addition_DifferentCurrency_ShouldThrowInvalidOperationException" computerName="RAY" duration="00:00:00.0014425" startTime="2025-09-07T22:44:09.0308236+07:00" endTime="2025-09-07T22:44:09.0308237+07:00" testType="13cdc9d9-ddb5-4fa4-a97d-d965ccfc6d4b" outcome="Passed" testListId="8c84fa94-04c1-424b-9868-57a2d4851a1d" relativeResultsDirectory="6168de09-2b69-4543-a04e-b9304eb7d790" />
    <UnitTestResult executionId="0108f4d6-2320-4ab5-bbce-cdfdd41b2b2f" testId="49df7065-5f98-eeef-fb6c-62a85dcfa6bd" testName="ShopFlow.Domain.Tests.ValueObjects.MoneyTests.Division_WithZeroDivisor_ShouldThrowDivideByZeroException" computerName="RAY" duration="00:00:00.0018207" startTime="2025-09-07T22:44:09.0474690+07:00" endTime="2025-09-07T22:44:09.0474690+07:00" testType="13cdc9d9-ddb5-4fa4-a97d-d965ccfc6d4b" outcome="Passed" testListId="8c84fa94-04c1-424b-9868-57a2d4851a1d" relativeResultsDirectory="0108f4d6-2320-4ab5-bbce-cdfdd41b2b2f" />
    <UnitTestResult executionId="9b4ade11-fa02-4709-8100-0c348669da98" testId="02f80128-4937-8905-e9d5-9b62b01ea616" testName="ShopFlow.Domain.Tests.ValueObjects.PhoneNumberTests.Equals_WithNull_ShouldReturnFalse" computerName="RAY" duration="00:00:00.0053840" startTime="2025-09-07T22:44:09.0299516+07:00" endTime="2025-09-07T22:44:09.0299517+07:00" testType="13cdc9d9-ddb5-4fa4-a97d-d965ccfc6d4b" outcome="Passed" testListId="8c84fa94-04c1-424b-9868-57a2d4851a1d" relativeResultsDirectory="9b4ade11-fa02-4709-8100-0c348669da98" />
    <UnitTestResult executionId="b1e57b49-8f1e-46e1-9bd5-110e4247bd53" testId="0ea52cb3-a170-fe99-a05c-139d909b8fbc" testName="ShopFlow.Domain.Tests.Entities.CatProductTests.RemoveCategory_ExistingCategory_ShouldRemoveCategory" computerName="RAY" duration="00:00:00.0014513" startTime="2025-09-07T22:44:09.0689613+07:00" endTime="2025-09-07T22:44:09.0689614+07:00" testType="13cdc9d9-ddb5-4fa4-a97d-d965ccfc6d4b" outcome="Passed" testListId="8c84fa94-04c1-424b-9868-57a2d4851a1d" relativeResultsDirectory="b1e57b49-8f1e-46e1-9bd5-110e4247bd53" />
    <UnitTestResult executionId="0b35803a-c8ef-498c-b60c-ae2e01c73596" testId="38d5ca41-3c1f-aaf3-5ad1-f088b96220e5" testName="ShopFlow.Domain.Tests.Entities.CoreUserTests.Ban_AnyUser_ShouldBanUser" computerName="RAY" duration="00:00:00.0011712" startTime="2025-09-07T22:44:09.0696562+07:00" endTime="2025-09-07T22:44:09.0696563+07:00" testType="13cdc9d9-ddb5-4fa4-a97d-d965ccfc6d4b" outcome="Passed" testListId="8c84fa94-04c1-424b-9868-57a2d4851a1d" relativeResultsDirectory="0b35803a-c8ef-498c-b60c-ae2e01c73596" />
    <UnitTestResult executionId="27db6fc2-64ad-4bbd-bc17-5e6200eb3b52" testId="676fdd5c-23ef-1c9f-7ec3-7aa35d6a212e" testName="ShopFlow.Domain.Tests.ValueObjects.PhoneNumberTests.Equals_SamePhoneValues_ShouldReturnTrue" computerName="RAY" duration="00:00:00.0013236" startTime="2025-09-07T22:44:09.0571582+07:00" endTime="2025-09-07T22:44:09.0571582+07:00" testType="13cdc9d9-ddb5-4fa4-a97d-d965ccfc6d4b" outcome="Passed" testListId="8c84fa94-04c1-424b-9868-57a2d4851a1d" relativeResultsDirectory="27db6fc2-64ad-4bbd-bc17-5e6200eb3b52" />
    <UnitTestResult executionId="75d62c8d-5e45-4f31-bb75-5e230224a64d" testId="bdd00bde-b155-18a7-3ea5-be3cb3909dca" testName="ShopFlow.Domain.Tests.Entities.CoreUserTests.IsActive_NonActiveUser_ShouldReturnFalse(status: Banned)" computerName="RAY" duration="00:00:00.0013385" startTime="2025-09-07T22:44:09.0521781+07:00" endTime="2025-09-07T22:44:09.0521782+07:00" testType="13cdc9d9-ddb5-4fa4-a97d-d965ccfc6d4b" outcome="Passed" testListId="8c84fa94-04c1-424b-9868-57a2d4851a1d" relativeResultsDirectory="75d62c8d-5e45-4f31-bb75-5e230224a64d" />
    <UnitTestResult executionId="fa48eb15-883e-49c8-b09c-4227a2f02882" testId="5180e411-3992-ca19-fa45-01f299856246" testName="ShopFlow.Domain.Tests.ValueObjects.EmailTests.EqualityOperator_SameValues_ShouldReturnTrue" computerName="RAY" duration="00:00:00.0015131" startTime="2025-09-07T22:44:09.0149664+07:00" endTime="2025-09-07T22:44:09.0149665+07:00" testType="13cdc9d9-ddb5-4fa4-a97d-d965ccfc6d4b" outcome="Passed" testListId="8c84fa94-04c1-424b-9868-57a2d4851a1d" relativeResultsDirectory="fa48eb15-883e-49c8-b09c-4227a2f02882" />
    <UnitTestResult executionId="c30ef1ff-76f1-496e-beb1-2cef5dd99b90" testId="8bf10d9f-0afa-b6dd-127c-9642859e68ec" testName="ShopFlow.Domain.Tests.Entities.CoreUserTests.Constructor_ValidParameters_ShouldCreateUser" computerName="RAY" duration="00:00:00.0010829" startTime="2025-09-07T22:44:09.0677965+07:00" endTime="2025-09-07T22:44:09.0677965+07:00" testType="13cdc9d9-ddb5-4fa4-a97d-d965ccfc6d4b" outcome="Passed" testListId="8c84fa94-04c1-424b-9868-57a2d4851a1d" relativeResultsDirectory="c30ef1ff-76f1-496e-beb1-2cef5dd99b90" />
    <UnitTestResult executionId="3a9b1ad2-fd8c-41f1-9744-2f0ff843884b" testId="82a235da-de78-ba4a-bc15-106870e18ce5" testName="ShopFlow.Domain.Tests.ValueObjects.PhoneNumberTests.Constructor_ValidVietnamesePhone_ShouldCreatePhoneNumberObject(input: &quot;0912345678&quot;, expected: &quot;912345678&quot;)" computerName="RAY" duration="00:00:00.0012397" startTime="2025-09-07T22:44:09.0366157+07:00" endTime="2025-09-07T22:44:09.0366158+07:00" testType="13cdc9d9-ddb5-4fa4-a97d-d965ccfc6d4b" outcome="Passed" testListId="8c84fa94-04c1-424b-9868-57a2d4851a1d" relativeResultsDirectory="3a9b1ad2-fd8c-41f1-9744-2f0ff843884b" />
    <UnitTestResult executionId="5c3f1cb7-7260-42cb-947e-b20bc4ad4f6e" testId="ff7b49f6-de60-6c3d-360b-a6f40745a7d0" testName="ShopFlow.Domain.Tests.ValueObjects.EmailTests.Constructor_EmptyOrWhitespaceEmail_ShouldThrowArgumentException(invalidEmail: &quot; &quot;)" computerName="RAY" duration="00:00:00.0018100" startTime="2025-09-07T22:44:09.0155738+07:00" endTime="2025-09-07T22:44:09.0155739+07:00" testType="13cdc9d9-ddb5-4fa4-a97d-d965ccfc6d4b" outcome="Passed" testListId="8c84fa94-04c1-424b-9868-57a2d4851a1d" relativeResultsDirectory="5c3f1cb7-7260-42cb-947e-b20bc4ad4f6e" />
    <UnitTestResult executionId="d096335c-a13a-4d00-837b-a34736f96e0b" testId="1ddcdaa1-7424-efd4-e8cf-fbe6c1da9826" testName="ShopFlow.Domain.Tests.ValueObjects.MoneyTests.Constructor_EmptyOrWhitespaceCurrency_ShouldThrowArgumentException(invalidCurrency: &quot;&quot;)" computerName="RAY" duration="00:00:00.6314070" startTime="2025-09-07T22:44:08.9408258+07:00" endTime="2025-09-07T22:44:08.9408455+07:00" testType="13cdc9d9-ddb5-4fa4-a97d-d965ccfc6d4b" outcome="Passed" testListId="8c84fa94-04c1-424b-9868-57a2d4851a1d" relativeResultsDirectory="d096335c-a13a-4d00-837b-a34736f96e0b" />
    <UnitTestResult executionId="bc0af546-09ef-4a68-9d4a-bfb68549e1e8" testId="490636a1-cc1a-e079-4fb4-4c9f2f773374" testName="ShopFlow.Domain.Tests.Entities.CatProductTests.UpdateReturnDays_VariousNegativeValues_ShouldThrowException(negativeDays: -10)" computerName="RAY" duration="00:00:00.0013424" startTime="2025-09-07T22:44:09.0342634+07:00" endTime="2025-09-07T22:44:09.0342635+07:00" testType="13cdc9d9-ddb5-4fa4-a97d-d965ccfc6d4b" outcome="Passed" testListId="8c84fa94-04c1-424b-9868-57a2d4851a1d" relativeResultsDirectory="bc0af546-09ef-4a68-9d4a-bfb68549e1e8" />
    <UnitTestResult executionId="80e5c7a4-c879-4f3f-b9db-ee2ff36855ec" testId="850dc87f-30ca-0124-783e-34e55674b383" testName="ShopFlow.Domain.Tests.Entities.CatProductTests.Deactivate_ActiveProduct_ShouldDeactivateProduct" computerName="RAY" duration="00:00:00.0075132" startTime="2025-09-07T22:44:09.0719829+07:00" endTime="2025-09-07T22:44:09.0719830+07:00" testType="13cdc9d9-ddb5-4fa4-a97d-d965ccfc6d4b" outcome="Passed" testListId="8c84fa94-04c1-424b-9868-57a2d4851a1d" relativeResultsDirectory="80e5c7a4-c879-4f3f-b9db-ee2ff36855ec" />
    <UnitTestResult executionId="6c304879-42b8-4cb8-8f02-55cfa937c33d" testId="19660cff-a1de-c0e5-5e2f-640bdd7db3ec" testName="ShopFlow.Domain.Tests.DomainServices.PricingServiceTests.CalculateShippingFee_ZeroOrNegativeWeight_ShouldThrowArgumentException(invalidWeight: 0)" computerName="RAY" duration="00:00:00.0011455" startTime="2025-09-07T22:44:09.0255092+07:00" endTime="2025-09-07T22:44:09.0255093+07:00" testType="13cdc9d9-ddb5-4fa4-a97d-d965ccfc6d4b" outcome="Passed" testListId="8c84fa94-04c1-424b-9868-57a2d4851a1d" relativeResultsDirectory="6c304879-42b8-4cb8-8f02-55cfa937c33d" />
    <UnitTestResult executionId="75bd50b5-ec22-42e4-a1f9-e27489e891cf" testId="ead1bc3c-7c14-6fc6-a76f-e89d49472238" testName="ShopFlow.Domain.Tests.ValueObjects.PhoneNumberTests.Constructor_ValidVietnameseMobileNumbers_ShouldCreatePhoneNumberObject(validPhone: &quot;0934567890&quot;)" computerName="RAY" duration="00:00:00.0013571" startTime="2025-09-07T22:44:09.0179326+07:00" endTime="2025-09-07T22:44:09.0179326+07:00" testType="13cdc9d9-ddb5-4fa4-a97d-d965ccfc6d4b" outcome="Passed" testListId="8c84fa94-04c1-424b-9868-57a2d4851a1d" relativeResultsDirectory="75bd50b5-ec22-42e4-a1f9-e27489e891cf" />
    <UnitTestResult executionId="7240b674-bd3b-45dd-a44b-1d880624b8fe" testId="11b45b42-4656-9a28-325b-0da0ab9cfd18" testName="ShopFlow.Domain.Tests.ValueObjects.PhoneNumberTests.Constructor_PhoneWithSpecialCharacters_ShouldThrowArgumentException(phoneWithSpecialChars: &quot;090-123-4567&quot;)" computerName="RAY" duration="00:00:00.0013368" startTime="2025-09-07T22:44:09.0126823+07:00" endTime="2025-09-07T22:44:09.0126824+07:00" testType="13cdc9d9-ddb5-4fa4-a97d-d965ccfc6d4b" outcome="Passed" testListId="8c84fa94-04c1-424b-9868-57a2d4851a1d" relativeResultsDirectory="7240b674-bd3b-45dd-a44b-1d880624b8fe" />
    <UnitTestResult executionId="7313beb0-b938-485b-819f-7022bffc8b77" testId="b614e99a-e42f-5ceb-c611-8702698b9bf1" testName="ShopFlow.Domain.Tests.Entities.CatProductTests.RemoveCategory_OneOfMultipleCategories_ShouldRemoveOnlySpecified" computerName="RAY" duration="00:00:00.0015659" startTime="2025-09-07T22:44:09.0667326+07:00" endTime="2025-09-07T22:44:09.0667327+07:00" testType="13cdc9d9-ddb5-4fa4-a97d-d965ccfc6d4b" outcome="Passed" testListId="8c84fa94-04c1-424b-9868-57a2d4851a1d" relativeResultsDirectory="7313beb0-b938-485b-819f-7022bffc8b77" />
    <UnitTestResult executionId="1e1682d1-50af-4e22-912b-dc4f274b13a0" testId="785b1a14-4b08-1c34-371f-7c06f3409df8" testName="ShopFlow.Domain.Tests.DomainServices.PricingServiceTests.CalculatePrice_ValidOfferAndQuantity_ShouldReturnCorrectPrice" computerName="RAY" duration="00:00:00.0018942" startTime="2025-09-07T22:44:09.0139850+07:00" endTime="2025-09-07T22:44:09.0139851+07:00" testType="13cdc9d9-ddb5-4fa4-a97d-d965ccfc6d4b" outcome="Passed" testListId="8c84fa94-04c1-424b-9868-57a2d4851a1d" relativeResultsDirectory="1e1682d1-50af-4e22-912b-dc4f274b13a0" />
    <UnitTestResult executionId="281bd098-d7b4-4f72-a35a-58a5c5620fe0" testId="7cb39dd4-cb2d-85c2-7c67-b89e50ca6ebd" testName="ShopFlow.Domain.Tests.Entities.CoreUserTests.ChangePassword_ValidPasswordHash_ShouldUpdatePassword" computerName="RAY" duration="00:00:00.0014109" startTime="2025-09-07T22:44:09.0688448+07:00" endTime="2025-09-07T22:44:09.0688448+07:00" testType="13cdc9d9-ddb5-4fa4-a97d-d965ccfc6d4b" outcome="Passed" testListId="8c84fa94-04c1-424b-9868-57a2d4851a1d" relativeResultsDirectory="281bd098-d7b4-4f72-a35a-58a5c5620fe0" />
    <UnitTestResult executionId="5b54003c-cdbe-43c6-93dc-5af780b231ed" testId="44b04f12-35b3-762a-2992-38190e021938" testName="ShopFlow.Domain.Tests.DomainServices.PricingServiceTests.CalculateTax_DifferentCurrency_ShouldPreserveCurrency" computerName="RAY" duration="00:00:00.0011591" startTime="2025-09-07T22:44:09.0152496+07:00" endTime="2025-09-07T22:44:09.0152497+07:00" testType="13cdc9d9-ddb5-4fa4-a97d-d965ccfc6d4b" outcome="Passed" testListId="8c84fa94-04c1-424b-9868-57a2d4851a1d" relativeResultsDirectory="5b54003c-cdbe-43c6-93dc-5af780b231ed" />
    <UnitTestResult executionId="ad8b6df9-6123-43b2-b37f-507004ae0ae4" testId="c1ca7d91-84db-23b8-6457-76b45debd27c" testName="ShopFlow.Domain.Tests.Entities.CoreUserTests.Constructor_ShouldRaiseUserCreatedEvent" computerName="RAY" duration="00:00:00.0036245" startTime="2025-09-07T22:44:09.0666479+07:00" endTime="2025-09-07T22:44:09.0666480+07:00" testType="13cdc9d9-ddb5-4fa4-a97d-d965ccfc6d4b" outcome="Passed" testListId="8c84fa94-04c1-424b-9868-57a2d4851a1d" relativeResultsDirectory="ad8b6df9-6123-43b2-b37f-507004ae0ae4" />
    <UnitTestResult executionId="7f6e635f-67ef-40f3-88f8-a3b22a8a74b8" testId="f4ccda9b-20f2-8b36-4f28-423059d61d5d" testName="ShopFlow.Domain.Tests.DomainServices.PricingServiceTests.ApplyDiscount_ZeroAmount_ShouldReturnZero" computerName="RAY" duration="00:00:00.0054180" startTime="2025-09-07T22:44:09.0725680+07:00" endTime="2025-09-07T22:44:09.0725680+07:00" testType="13cdc9d9-ddb5-4fa4-a97d-d965ccfc6d4b" outcome="Passed" testListId="8c84fa94-04c1-424b-9868-57a2d4851a1d" relativeResultsDirectory="7f6e635f-67ef-40f3-88f8-a3b22a8a74b8" />
    <UnitTestResult executionId="944fe38f-ec4a-401c-8921-a6743f164f31" testId="61017103-881a-2e18-0f8b-b2f7f3239faa" testName="ShopFlow.Domain.Tests.Entities.CatProductTests.AddCategory_MultipleCategories_ShouldAddAllCategories" computerName="RAY" duration="00:00:00.6457162" startTime="2025-09-07T22:44:09.0085529+07:00" endTime="2025-09-07T22:44:09.0085529+07:00" testType="13cdc9d9-ddb5-4fa4-a97d-d965ccfc6d4b" outcome="Passed" testListId="8c84fa94-04c1-424b-9868-57a2d4851a1d" relativeResultsDirectory="944fe38f-ec4a-401c-8921-a6743f164f31" />
    <UnitTestResult executionId="de66c0b1-d619-493d-9c03-ea08afefcf4e" testId="c5689617-157b-3e95-d758-adc4ba7b1d41" testName="ShopFlow.Domain.Tests.Entities.CoreUserTests.IsActive_ActiveUser_ShouldReturnTrue" computerName="RAY" duration="00:00:00.0010934" startTime="2025-09-07T22:44:09.0694864+07:00" endTime="2025-09-07T22:44:09.0694865+07:00" testType="13cdc9d9-ddb5-4fa4-a97d-d965ccfc6d4b" outcome="Passed" testListId="8c84fa94-04c1-424b-9868-57a2d4851a1d" relativeResultsDirectory="de66c0b1-d619-493d-9c03-ea08afefcf4e" />
    <UnitTestResult executionId="6451d832-e881-4ee0-8f72-2506eb8e493c" testId="54e4ddb2-aef6-898e-d9e1-68eb80b8d222" testName="ShopFlow.Domain.Tests.ValueObjects.PhoneNumberTests.Constructor_ValidVietnameseMobileNumbers_ShouldCreatePhoneNumberObject(validPhone: &quot;0901234567&quot;)" computerName="RAY" duration="00:00:00.0048791" startTime="2025-09-07T22:44:09.0188633+07:00" endTime="2025-09-07T22:44:09.0188634+07:00" testType="13cdc9d9-ddb5-4fa4-a97d-d965ccfc6d4b" outcome="Passed" testListId="8c84fa94-04c1-424b-9868-57a2d4851a1d" relativeResultsDirectory="6451d832-e881-4ee0-8f72-2506eb8e493c" />
    <UnitTestResult executionId="e9f1a771-99be-48aa-90c5-2192c2997a57" testId="1b260d25-2350-cdf0-a0f5-e49eb8dab1ac" testName="ShopFlow.Domain.Tests.ValueObjects.EmailTests.Constructor_InvalidEmailFormat_ShouldThrowArgumentException(invalidEmail: &quot;@domain.com&quot;)" computerName="RAY" duration="00:00:00.0011715" startTime="2025-09-07T22:44:09.0310687+07:00" endTime="2025-09-07T22:44:09.0310688+07:00" testType="13cdc9d9-ddb5-4fa4-a97d-d965ccfc6d4b" outcome="Passed" testListId="8c84fa94-04c1-424b-9868-57a2d4851a1d" relativeResultsDirectory="e9f1a771-99be-48aa-90c5-2192c2997a57" />
    <UnitTestResult executionId="b91927d4-e795-470f-b9b0-32805ea15fc9" testId="1fe8703c-05f0-b2e4-295f-94e81b117d3b" testName="ShopFlow.Domain.Tests.DomainServices.PricingServiceTests.CalculateTotal_AllZeroAmounts_ShouldReturnZero" computerName="RAY" duration="00:00:00.0104029" startTime="2025-09-07T22:44:09.0684020+07:00" endTime="2025-09-07T22:44:09.0684020+07:00" testType="13cdc9d9-ddb5-4fa4-a97d-d965ccfc6d4b" outcome="Passed" testListId="8c84fa94-04c1-424b-9868-57a2d4851a1d" relativeResultsDirectory="b91927d4-e795-470f-b9b0-32805ea15fc9" />
    <UnitTestResult executionId="b2ecca72-0c1d-4cfe-a7d6-365367129cdf" testId="b1e40d23-6334-fd1f-256b-139e40aa0325" testName="ShopFlow.Domain.Tests.Entities.CatProductTests.Discontinue_InactiveProduct_ShouldDiscontinueProduct" computerName="RAY" duration="00:00:00.0044211" startTime="2025-09-07T22:44:09.0599234+07:00" endTime="2025-09-07T22:44:09.0599234+07:00" testType="13cdc9d9-ddb5-4fa4-a97d-d965ccfc6d4b" outcome="Passed" testListId="8c84fa94-04c1-424b-9868-57a2d4851a1d" relativeResultsDirectory="b2ecca72-0c1d-4cfe-a7d6-365367129cdf" />
    <UnitTestResult executionId="2e29c8a6-95d1-4993-a292-824753de5460" testId="cd56bb72-ee08-febd-4e16-288868200a20" testName="ShopFlow.Domain.Tests.ValueObjects.EmailTests.Constructor_EmailWithUpperCase_ShouldNormalizeToLowerCase" computerName="RAY" duration="00:00:00.0008376" startTime="2025-09-07T22:44:09.0270532+07:00" endTime="2025-09-07T22:44:09.0270533+07:00" testType="13cdc9d9-ddb5-4fa4-a97d-d965ccfc6d4b" outcome="Passed" testListId="8c84fa94-04c1-424b-9868-57a2d4851a1d" relativeResultsDirectory="2e29c8a6-95d1-4993-a292-824753de5460" />
    <UnitTestResult executionId="a83ac090-b575-40ee-beed-4b5d1eaf7f61" testId="9c23c586-4bc5-908e-7311-9471a636e3e3" testName="ShopFlow.Domain.Tests.Entities.CoreUserTests.AddRole_NullUserRole_ShouldThrowException" computerName="RAY" duration="00:00:00.0014370" startTime="2025-09-07T22:44:09.0698638+07:00" endTime="2025-09-07T22:44:09.0698638+07:00" testType="13cdc9d9-ddb5-4fa4-a97d-d965ccfc6d4b" outcome="Passed" testListId="8c84fa94-04c1-424b-9868-57a2d4851a1d" relativeResultsDirectory="a83ac090-b575-40ee-beed-4b5d1eaf7f61" />
    <UnitTestResult executionId="1ce08dee-f952-4c3d-92b7-e08705264791" testId="c701119c-4de8-34f9-4037-4d632db40ca7" testName="ShopFlow.Domain.Tests.ValueObjects.MoneyTests.Division_WithValidDivisor_ShouldDivideAmount" computerName="RAY" duration="00:00:00.0050423" startTime="2025-09-07T22:44:09.0180712+07:00" endTime="2025-09-07T22:44:09.0180713+07:00" testType="13cdc9d9-ddb5-4fa4-a97d-d965ccfc6d4b" outcome="Passed" testListId="8c84fa94-04c1-424b-9868-57a2d4851a1d" relativeResultsDirectory="1ce08dee-f952-4c3d-92b7-e08705264791" />
    <UnitTestResult executionId="c73deeb3-7b74-459f-a8ce-6942e3ce4c30" testId="39e5fdbf-c251-aff9-474d-a0aeabf1a26a" testName="ShopFlow.Domain.Tests.Entities.CoreUserTests.Activate_SuspendedUser_ShouldActivateUser" computerName="RAY" duration="00:00:00.0021973" startTime="2025-09-07T22:44:09.0256758+07:00" endTime="2025-09-07T22:44:09.0256758+07:00" testType="13cdc9d9-ddb5-4fa4-a97d-d965ccfc6d4b" outcome="Passed" testListId="8c84fa94-04c1-424b-9868-57a2d4851a1d" relativeResultsDirectory="c73deeb3-7b74-459f-a8ce-6942e3ce4c30" />
    <UnitTestResult executionId="0bbdfd75-d33f-43eb-a48d-559380498c48" testId="42146c62-504e-c46b-a485-d69b4f28292c" testName="ShopFlow.Domain.Tests.ValueObjects.PhoneNumberTests.Constructor_InvalidPhoneFormat_ShouldThrowArgumentException(invalidPhone: &quot;12345&quot;)" computerName="RAY" duration="00:00:00.0013105" startTime="2025-09-07T22:44:09.0281015+07:00" endTime="2025-09-07T22:44:09.0281016+07:00" testType="13cdc9d9-ddb5-4fa4-a97d-d965ccfc6d4b" outcome="Passed" testListId="8c84fa94-04c1-424b-9868-57a2d4851a1d" relativeResultsDirectory="0bbdfd75-d33f-43eb-a48d-559380498c48" />
    <UnitTestResult executionId="baaaa875-8834-47f8-9dc9-b0f665354c61" testId="a19daab8-4404-e039-91af-1d7e2df78ec5" testName="ShopFlow.Domain.Tests.Entities.CatProductTests.CanBeOrdered_ActiveProductWithoutSkus_ShouldReturnFalse" computerName="RAY" duration="00:00:00.0008790" startTime="2025-09-07T22:44:09.0713934+07:00" endTime="2025-09-07T22:44:09.0713935+07:00" testType="13cdc9d9-ddb5-4fa4-a97d-d965ccfc6d4b" outcome="Passed" testListId="8c84fa94-04c1-424b-9868-57a2d4851a1d" relativeResultsDirectory="baaaa875-8834-47f8-9dc9-b0f665354c61" />
    <UnitTestResult executionId="06da83a4-a8be-4d3c-ba44-acfdf83077cf" testId="49d7b575-ad9f-89d2-f6b6-832f2b3660f8" testName="ShopFlow.Domain.Tests.DomainServices.PricingServiceTests.CalculatePrice_ZeroOrNegativeQuantity_ShouldThrowArgumentException(invalidQuantity: 0)" computerName="RAY" duration="00:00:00.0013958" startTime="2025-09-07T22:44:09.0343824+07:00" endTime="2025-09-07T22:44:09.0343824+07:00" testType="13cdc9d9-ddb5-4fa4-a97d-d965ccfc6d4b" outcome="Passed" testListId="8c84fa94-04c1-424b-9868-57a2d4851a1d" relativeResultsDirectory="06da83a4-a8be-4d3c-ba44-acfdf83077cf" />
    <UnitTestResult executionId="62da17ce-b49c-4c2f-a771-39fbc1d58f27" testId="e7ddc4e7-233e-bd05-db85-65781e45e703" testName="ShopFlow.Domain.Tests.DomainServices.PricingServiceTests.ApplyDiscount_ValidAmountAndPercentage_ShouldCalculateCorrectly(amount: 500000, discountPercentage: 0,05, expectedResult: 475000)" computerName="RAY" duration="00:00:00.0008869" startTime="2025-09-07T22:44:09.0572653+07:00" endTime="2025-09-07T22:44:09.0572654+07:00" testType="13cdc9d9-ddb5-4fa4-a97d-d965ccfc6d4b" outcome="Passed" testListId="8c84fa94-04c1-424b-9868-57a2d4851a1d" relativeResultsDirectory="62da17ce-b49c-4c2f-a771-39fbc1d58f27" />
    <UnitTestResult executionId="0fef51b1-4703-495e-a8c1-b58530607fea" testId="6f58c3ef-7d94-8667-b912-cdc1678e7d0a" testName="ShopFlow.Domain.Tests.ValueObjects.EmailTests.Constructor_VeryLongEmail_ShouldCreateEmailObject" computerName="RAY" duration="00:00:00.0014772" startTime="2025-09-07T22:44:09.0170388+07:00" endTime="2025-09-07T22:44:09.0170389+07:00" testType="13cdc9d9-ddb5-4fa4-a97d-d965ccfc6d4b" outcome="Passed" testListId="8c84fa94-04c1-424b-9868-57a2d4851a1d" relativeResultsDirectory="0fef51b1-4703-495e-a8c1-b58530607fea" />
    <UnitTestResult executionId="e5ad0441-96fd-4a6f-b7ec-ab0cbe9a103e" testId="f9746748-86d6-845b-270f-2273d35cd085" testName="ShopFlow.Domain.Tests.ValueObjects.MoneyTests.Constructor_AmountWithManyDecimals_ShouldRoundToFourDecimals" computerName="RAY" duration="00:00:00.0015265" startTime="2025-09-07T22:44:09.0345991+07:00" endTime="2025-09-07T22:44:09.0345992+07:00" testType="13cdc9d9-ddb5-4fa4-a97d-d965ccfc6d4b" outcome="Passed" testListId="8c84fa94-04c1-424b-9868-57a2d4851a1d" relativeResultsDirectory="e5ad0441-96fd-4a6f-b7ec-ab0cbe9a103e" />
    <UnitTestResult executionId="1b87f16c-5dfe-4993-bbcd-04004ebe4e97" testId="b095f523-bb6d-5a3c-c615-b9b955d71fa5" testName="ShopFlow.Domain.Tests.DomainServices.PricingServiceTests.CalculateTotal_NullParameter_ShouldThrowArgumentNullException(nullParameter: &quot;discount&quot;)" computerName="RAY" duration="00:00:00.0010976" startTime="2025-09-07T22:44:09.0243023+07:00" endTime="2025-09-07T22:44:09.0243023+07:00" testType="13cdc9d9-ddb5-4fa4-a97d-d965ccfc6d4b" outcome="Passed" testListId="8c84fa94-04c1-424b-9868-57a2d4851a1d" relativeResultsDirectory="1b87f16c-5dfe-4993-bbcd-04004ebe4e97" />
    <UnitTestResult executionId="170e77c1-afc0-4b50-9be4-be253363e1b5" testId="227b8a65-208b-66e2-7e28-8632ba152597" testName="ShopFlow.Domain.Tests.DomainServices.PricingServiceTests.CalculateTax_ZeroTaxRate_ShouldReturnZeroTax" computerName="RAY" duration="00:00:00.0018512" startTime="2025-09-07T22:44:09.0124546+07:00" endTime="2025-09-07T22:44:09.0124546+07:00" testType="13cdc9d9-ddb5-4fa4-a97d-d965ccfc6d4b" outcome="Passed" testListId="8c84fa94-04c1-424b-9868-57a2d4851a1d" relativeResultsDirectory="170e77c1-afc0-4b50-9be4-be253363e1b5" />
    <UnitTestResult executionId="f76a9832-a6ca-46c5-86ac-9dc95dfa83c7" testId="bea138e1-1fad-cac8-5bf5-4387f1606a5b" testName="ShopFlow.Domain.Tests.ValueObjects.MoneyTests.CompareTo_DifferentCurrency_ShouldThrowInvalidOperationException" computerName="RAY" duration="00:00:00.0016633" startTime="2025-09-07T22:44:09.0226163+07:00" endTime="2025-09-07T22:44:09.0226164+07:00" testType="13cdc9d9-ddb5-4fa4-a97d-d965ccfc6d4b" outcome="Passed" testListId="8c84fa94-04c1-424b-9868-57a2d4851a1d" relativeResultsDirectory="f76a9832-a6ca-46c5-86ac-9dc95dfa83c7" />
    <UnitTestResult executionId="b9282d52-7781-4230-8efc-e3c93da67cca" testId="3f339b29-febf-ee29-5dc9-c8ef840b17d4" testName="ShopFlow.Domain.Tests.Entities.CoreUserTests.Addresses_ShouldBeReadOnlyCollection" computerName="RAY" duration="00:00:00.0078054" startTime="2025-09-07T22:44:09.0472231+07:00" endTime="2025-09-07T22:44:09.0472231+07:00" testType="13cdc9d9-ddb5-4fa4-a97d-d965ccfc6d4b" outcome="Passed" testListId="8c84fa94-04c1-424b-9868-57a2d4851a1d" relativeResultsDirectory="b9282d52-7781-4230-8efc-e3c93da67cca" />
    <UnitTestResult executionId="a156ece7-b1a2-4a3c-8587-eba7f471284f" testId="2fa6c3a2-f131-73d3-ed74-5bdecd355a87" testName="ShopFlow.Domain.Tests.DomainServices.PricingServiceTests.CalculatePrice_ZeroOrNegativeQuantity_ShouldThrowArgumentException(invalidQuantity: -1)" computerName="RAY" duration="00:00:00.0012623" startTime="2025-09-07T22:44:09.0355217+07:00" endTime="2025-09-07T22:44:09.0355218+07:00" testType="13cdc9d9-ddb5-4fa4-a97d-d965ccfc6d4b" outcome="Passed" testListId="8c84fa94-04c1-424b-9868-57a2d4851a1d" relativeResultsDirectory="a156ece7-b1a2-4a3c-8587-eba7f471284f" />
    <UnitTestResult executionId="0b1aa6ff-492f-48b1-aa23-4e54d6f11679" testId="af9f2b58-c460-7c46-7be3-493eb54312c4" testName="ShopFlow.Domain.Tests.Entities.CatProductTests.Categories_ShouldBeReadOnlyCollection" computerName="RAY" duration="00:00:00.0016832" startTime="2025-09-07T22:44:09.0541196+07:00" endTime="2025-09-07T22:44:09.0541196+07:00" testType="13cdc9d9-ddb5-4fa4-a97d-d965ccfc6d4b" outcome="Passed" testListId="8c84fa94-04c1-424b-9868-57a2d4851a1d" relativeResultsDirectory="0b1aa6ff-492f-48b1-aa23-4e54d6f11679" />
    <UnitTestResult executionId="c9cd0857-4e78-4c4a-bf71-a5570ff99ba1" testId="e7e6c5fa-e16e-8c54-06e5-8592cb3328c0" testName="ShopFlow.Domain.Tests.Entities.CoreUserTests.Constructor_EmptyPasswordHash_ShouldAcceptEmptyString" computerName="RAY" duration="00:00:00.0014576" startTime="2025-09-07T22:44:09.0309477+07:00" endTime="2025-09-07T22:44:09.0309477+07:00" testType="13cdc9d9-ddb5-4fa4-a97d-d965ccfc6d4b" outcome="Passed" testListId="8c84fa94-04c1-424b-9868-57a2d4851a1d" relativeResultsDirectory="c9cd0857-4e78-4c4a-bf71-a5570ff99ba1" />
    <UnitTestResult executionId="2515cf5e-8533-4757-9ccf-448105baeffb" testId="4b6ba6ee-801f-8cdb-9eeb-8252d6b6ef3b" testName="ShopFlow.Domain.Tests.ValueObjects.EmailTests.Constructor_ValidEmailFormats_ShouldCreateEmailObject(validEmail: &quot;test123@sub.domain.org&quot;)" computerName="RAY" duration="00:00:00.0014017" startTime="2025-09-07T22:44:09.0122011+07:00" endTime="2025-09-07T22:44:09.0122012+07:00" testType="13cdc9d9-ddb5-4fa4-a97d-d965ccfc6d4b" outcome="Passed" testListId="8c84fa94-04c1-424b-9868-57a2d4851a1d" relativeResultsDirectory="2515cf5e-8533-4757-9ccf-448105baeffb" />
    <UnitTestResult executionId="9c1594bd-34b2-48a5-bae0-3d08aaa0bdf4" testId="eb38a30f-0300-d9ea-1acd-35a309a33d63" testName="ShopFlow.Domain.Tests.ValueObjects.EmailTests.Equals_WithSameReference_ShouldReturnTrue" computerName="RAY" duration="00:00:00.0012650" startTime="2025-09-07T22:44:09.0498258+07:00" endTime="2025-09-07T22:44:09.0498259+07:00" testType="13cdc9d9-ddb5-4fa4-a97d-d965ccfc6d4b" outcome="Passed" testListId="8c84fa94-04c1-424b-9868-57a2d4851a1d" relativeResultsDirectory="9c1594bd-34b2-48a5-bae0-3d08aaa0bdf4" />
    <UnitTestResult executionId="88612da0-7aa3-459f-b6d5-e46145379210" testId="5965bb70-4daa-f3cd-c616-6f2ec7a907dd" testName="ShopFlow.Domain.Tests.Entities.CoreUserTests.HasRole_ExistingRole_ShouldReturnTrue" computerName="RAY" duration="00:00:00.0009491" startTime="2025-09-07T22:44:09.0364816+07:00" endTime="2025-09-07T22:44:09.0364817+07:00" testType="13cdc9d9-ddb5-4fa4-a97d-d965ccfc6d4b" outcome="Passed" testListId="8c84fa94-04c1-424b-9868-57a2d4851a1d" relativeResultsDirectory="88612da0-7aa3-459f-b6d5-e46145379210" />
    <UnitTestResult executionId="c7d68794-ce62-40e4-8265-1865654abcf0" testId="b04c4fc4-0b4c-de75-1429-e6b7f4254d67" testName="ShopFlow.Domain.Tests.ValueObjects.PhoneNumberTests.Constructor_PhoneWithSpecialCharacters_ShouldThrowArgumentException(phoneWithSpecialChars: &quot;+84-90-123-4567&quot;)" computerName="RAY" duration="00:00:00.6313674" startTime="2025-09-07T22:44:08.9859672+07:00" endTime="2025-09-07T22:44:08.9859673+07:00" testType="13cdc9d9-ddb5-4fa4-a97d-d965ccfc6d4b" outcome="Passed" testListId="8c84fa94-04c1-424b-9868-57a2d4851a1d" relativeResultsDirectory="c7d68794-ce62-40e4-8265-1865654abcf0" />
    <UnitTestResult executionId="08065ae7-422e-4272-a867-957350e973a2" testId="6b230a50-f2a7-19d8-8209-f2ec41e29998" testName="ShopFlow.Domain.Tests.DomainServices.PricingServiceTests.ApplyDiscount_InvalidDiscountPercentage_ShouldThrowArgumentException(invalidPercentage: 1,1)" computerName="RAY" duration="00:00:00.0013396" startTime="2025-09-07T22:44:09.0084760+07:00" endTime="2025-09-07T22:44:09.0084760+07:00" testType="13cdc9d9-ddb5-4fa4-a97d-d965ccfc6d4b" outcome="Passed" testListId="8c84fa94-04c1-424b-9868-57a2d4851a1d" relativeResultsDirectory="08065ae7-422e-4272-a867-957350e973a2" />
    <UnitTestResult executionId="da6f3078-d1af-4dab-8449-3258b93110c8" testId="66a712f0-1239-a974-628e-103cd5419f14" testName="ShopFlow.Domain.Tests.DomainServices.PricingServiceTests.ApplyDiscount_InvalidDiscountPercentage_ShouldThrowArgumentException(invalidPercentage: 2)" computerName="RAY" duration="00:00:00.0073399" startTime="2025-09-07T22:44:09.0109050+07:00" endTime="2025-09-07T22:44:09.0109051+07:00" testType="13cdc9d9-ddb5-4fa4-a97d-d965ccfc6d4b" outcome="Passed" testListId="8c84fa94-04c1-424b-9868-57a2d4851a1d" relativeResultsDirectory="da6f3078-d1af-4dab-8449-3258b93110c8" />
    <UnitTestResult executionId="21633f8d-ac7a-4345-b288-601d6f7ab8f8" testId="077d126d-bf82-0850-a786-9bffb554e161" testName="ShopFlow.Domain.Tests.Entities.CoreUserTests.AddAddress_ValidAddress_ShouldAddAddress" computerName="RAY" duration="00:00:00.0026048" startTime="2025-09-07T22:44:09.0601337+07:00" endTime="2025-09-07T22:44:09.0601338+07:00" testType="13cdc9d9-ddb5-4fa4-a97d-d965ccfc6d4b" outcome="Passed" testListId="8c84fa94-04c1-424b-9868-57a2d4851a1d" relativeResultsDirectory="21633f8d-ac7a-4345-b288-601d6f7ab8f8" />
    <UnitTestResult executionId="3af17e5b-f28b-49ca-a9b2-bc6d11ce4941" testId="052ee71f-26c2-9859-72b9-feadda7d966d" testName="ShopFlow.Domain.Tests.ValueObjects.PhoneNumberTests.Constructor_PhoneWithSpecialCharacters_ShouldThrowArgumentException(phoneWithSpecialChars: &quot;(090) 123-4567&quot;)" computerName="RAY" duration="00:00:00.0117442" startTime="2025-09-07T22:44:09.0105026+07:00" endTime="2025-09-07T22:44:09.0105026+07:00" testType="13cdc9d9-ddb5-4fa4-a97d-d965ccfc6d4b" outcome="Passed" testListId="8c84fa94-04c1-424b-9868-57a2d4851a1d" relativeResultsDirectory="3af17e5b-f28b-49ca-a9b2-bc6d11ce4941" />
    <UnitTestResult executionId="ef175e57-e4df-4ded-bac3-5fe4282190a7" testId="f235275b-3e48-57c2-555d-e0dc21c6f743" testName="ShopFlow.Domain.Tests.ValueObjects.PhoneNumberTests.Constructor_ValidVietnamesePhone_ShouldCreatePhoneNumberObject(input: &quot;84901234567&quot;, expected: &quot;901234567&quot;)" computerName="RAY" duration="00:00:00.0012671" startTime="2025-09-07T22:44:09.0354121+07:00" endTime="2025-09-07T22:44:09.0354122+07:00" testType="13cdc9d9-ddb5-4fa4-a97d-d965ccfc6d4b" outcome="Passed" testListId="8c84fa94-04c1-424b-9868-57a2d4851a1d" relativeResultsDirectory="ef175e57-e4df-4ded-bac3-5fe4282190a7" />
    <UnitTestResult executionId="6e7406f7-c283-4bca-aede-9d43423257d6" testId="099a1caa-c4be-4f2c-8472-fdf4e819f8d5" testName="ShopFlow.Domain.Tests.Entities.CoreUserTests.HasRole_MultipleRoles_ShouldReturnCorrectResult" computerName="RAY" duration="00:00:00.6349008" startTime="2025-09-07T22:44:08.9859909+07:00" endTime="2025-09-07T22:44:08.9859910+07:00" testType="13cdc9d9-ddb5-4fa4-a97d-d965ccfc6d4b" outcome="Passed" testListId="8c84fa94-04c1-424b-9868-57a2d4851a1d" relativeResultsDirectory="6e7406f7-c283-4bca-aede-9d43423257d6" />
    <UnitTestResult executionId="526ab1cc-c5f0-4d4b-974e-d55952d0c6e1" testId="4bf1aef0-cd2d-34dd-30c0-14eaad310a29" testName="ShopFlow.Domain.Tests.Entities.CoreUserTests.Suspend_BannedUser_ShouldThrowException" computerName="RAY" duration="00:00:00.0015698" startTime="2025-09-07T22:44:09.0495835+07:00" endTime="2025-09-07T22:44:09.0495836+07:00" testType="13cdc9d9-ddb5-4fa4-a97d-d965ccfc6d4b" outcome="Passed" testListId="8c84fa94-04c1-424b-9868-57a2d4851a1d" relativeResultsDirectory="526ab1cc-c5f0-4d4b-974e-d55952d0c6e1" />
    <UnitTestResult executionId="a3405511-7126-47bf-b0bf-2914f584168a" testId="6c899109-2aa0-7921-8c18-7b097807c0f4" testName="ShopFlow.Domain.Tests.Entities.CatProductTests.Activate_InactiveProduct_ShouldActivateProduct" computerName="RAY" duration="00:00:00.0051470" startTime="2025-09-07T22:44:09.0187847+07:00" endTime="2025-09-07T22:44:09.0187847+07:00" testType="13cdc9d9-ddb5-4fa4-a97d-d965ccfc6d4b" outcome="Passed" testListId="8c84fa94-04c1-424b-9868-57a2d4851a1d" relativeResultsDirectory="a3405511-7126-47bf-b0bf-2914f584168a" />
    <UnitTestResult executionId="dff756f7-5b25-4c54-a426-a9d61187f0b1" testId="9a007a00-e44b-4471-8591-53dcac8274ff" testName="ShopFlow.Domain.Tests.ValueObjects.PhoneNumberTests.Constructor_InvalidPhoneFormat_ShouldThrowArgumentException(invalidPhone: &quot;0123456789012&quot;)" computerName="RAY" duration="00:00:00.0010477" startTime="2025-09-07T22:44:09.0285129+07:00" endTime="2025-09-07T22:44:09.0285130+07:00" testType="13cdc9d9-ddb5-4fa4-a97d-d965ccfc6d4b" outcome="Passed" testListId="8c84fa94-04c1-424b-9868-57a2d4851a1d" relativeResultsDirectory="dff756f7-5b25-4c54-a426-a9d61187f0b1" />
    <UnitTestResult executionId="055b654c-ddb8-46c9-b826-fbe8eaf60989" testId="f7d805f1-0959-3570-4505-7fdf579785bc" testName="ShopFlow.Domain.Tests.ValueObjects.EmailTests.ImplicitStringConversion_ShouldReturnEmailValue" computerName="RAY" duration="00:00:00.0041566" startTime="2025-09-07T22:44:09.0552726+07:00" endTime="2025-09-07T22:44:09.0552728+07:00" testType="13cdc9d9-ddb5-4fa4-a97d-d965ccfc6d4b" outcome="Passed" testListId="8c84fa94-04c1-424b-9868-57a2d4851a1d" relativeResultsDirectory="055b654c-ddb8-46c9-b826-fbe8eaf60989" />
    <UnitTestResult executionId="81b41ea0-f621-4c20-99a9-35fa90faef09" testId="cf6c64d9-adf8-439e-136f-b5535dd9aead" testName="ShopFlow.Domain.Tests.DomainServices.PricingServiceTests.IsValidPrice_ValidPrices_ShouldReturnTrue(validAmount: 999999,99)" computerName="RAY" duration="00:00:00.0062674" startTime="2025-09-07T22:44:09.0286389+07:00" endTime="2025-09-07T22:44:09.0286389+07:00" testType="13cdc9d9-ddb5-4fa4-a97d-d965ccfc6d4b" outcome="Passed" testListId="8c84fa94-04c1-424b-9868-57a2d4851a1d" relativeResultsDirectory="81b41ea0-f621-4c20-99a9-35fa90faef09" />
    <UnitTestResult executionId="a13cc538-526a-4ab9-93a1-6763b0f2618d" testId="c28b970a-bf15-a853-acb5-cdbf52d26806" testName="ShopFlow.Domain.Tests.ValueObjects.PhoneNumberTests.Constructor_InvalidVietnamesePrefixes_ShouldThrowArgumentException(invalidPrefix: &quot;0001234567&quot;)" computerName="RAY" duration="00:00:00.0018313" startTime="2025-09-07T22:44:09.0542389+07:00" endTime="2025-09-07T22:44:09.0542390+07:00" testType="13cdc9d9-ddb5-4fa4-a97d-d965ccfc6d4b" outcome="Passed" testListId="8c84fa94-04c1-424b-9868-57a2d4851a1d" relativeResultsDirectory="a13cc538-526a-4ab9-93a1-6763b0f2618d" />
    <UnitTestResult executionId="40717c8d-f3fb-40c9-b55a-3ce282a8964d" testId="87fedafe-7c9a-509d-46d0-2824b1a82854" testName="ShopFlow.Domain.Tests.Entities.CoreUserTests.ChangePassword_InvalidPasswordHash_ShouldThrowException(invalidPasswordHash: &quot;   &quot;)" computerName="RAY" duration="00:00:00.0013167" startTime="2025-09-07T22:44:09.0335128+07:00" endTime="2025-09-07T22:44:09.0335129+07:00" testType="13cdc9d9-ddb5-4fa4-a97d-d965ccfc6d4b" outcome="Passed" testListId="8c84fa94-04c1-424b-9868-57a2d4851a1d" relativeResultsDirectory="40717c8d-f3fb-40c9-b55a-3ce282a8964d" />
    <UnitTestResult executionId="8a682b50-b30b-46f6-ad69-45babc96b0b9" testId="e417a92b-be8d-ea49-a654-9a3d9502f3e0" testName="ShopFlow.Domain.Tests.ValueObjects.PhoneNumberTests.ImplicitStringConversion_ShouldReturnNormalizedPhoneValue" computerName="RAY" duration="00:00:00.0013314" startTime="2025-09-07T22:44:09.0499231+07:00" endTime="2025-09-07T22:44:09.0499231+07:00" testType="13cdc9d9-ddb5-4fa4-a97d-d965ccfc6d4b" outcome="Passed" testListId="8c84fa94-04c1-424b-9868-57a2d4851a1d" relativeResultsDirectory="8a682b50-b30b-46f6-ad69-45babc96b0b9" />
    <UnitTestResult executionId="46f18463-3ea7-4b74-bd9d-2746beb02082" testId="d11afebf-98cc-4bb8-c7c3-2a2d36d2b56b" testName="ShopFlow.Domain.Tests.ValueObjects.PhoneNumberTests.EqualityOperator_NormalizedValues_ShouldReturnTrue" computerName="RAY" duration="00:00:00.0012304" startTime="2025-09-07T22:44:09.0582946+07:00" endTime="2025-09-07T22:44:09.0582947+07:00" testType="13cdc9d9-ddb5-4fa4-a97d-d965ccfc6d4b" outcome="Passed" testListId="8c84fa94-04c1-424b-9868-57a2d4851a1d" relativeResultsDirectory="46f18463-3ea7-4b74-bd9d-2746beb02082" />
    <UnitTestResult executionId="be847629-b620-4ad3-9472-1373326b0e27" testId="e0c28ef0-a292-b8a1-93a9-7d23a9e30c04" testName="ShopFlow.Domain.Tests.Entities.CoreUserTests.AddAddress_NullAddress_ShouldThrowException" computerName="RAY" duration="00:00:00.0016031" startTime="2025-09-07T22:44:09.0485977+07:00" endTime="2025-09-07T22:44:09.0485977+07:00" testType="13cdc9d9-ddb5-4fa4-a97d-d965ccfc6d4b" outcome="Passed" testListId="8c84fa94-04c1-424b-9868-57a2d4851a1d" relativeResultsDirectory="be847629-b620-4ad3-9472-1373326b0e27" />
    <UnitTestResult executionId="ff49c83f-d89c-492c-a258-80c7621cf1d1" testId="64b6bcd9-3dca-c05b-e272-b4205dfa307d" testName="ShopFlow.Domain.Tests.ValueObjects.EmailTests.InequalityOperator_DifferentValues_ShouldReturnTrue" computerName="RAY" duration="00:00:00.0013406" startTime="2025-09-07T22:44:09.0528642+07:00" endTime="2025-09-07T22:44:09.0528643+07:00" testType="13cdc9d9-ddb5-4fa4-a97d-d965ccfc6d4b" outcome="Passed" testListId="8c84fa94-04c1-424b-9868-57a2d4851a1d" relativeResultsDirectory="ff49c83f-d89c-492c-a258-80c7621cf1d1" />
    <UnitTestResult executionId="0543480c-9f99-4e73-b218-981ea96b8eca" testId="5e76006e-cedc-5f17-2fcf-18d9ff89c96e" testName="ShopFlow.Domain.Tests.Entities.CoreUserTests.UserLifecycle_CompleteFlow_ShouldWorkCorrectly" computerName="RAY" duration="00:00:00.0036169" startTime="2025-09-07T22:44:09.0581296+07:00" endTime="2025-09-07T22:44:09.0581297+07:00" testType="13cdc9d9-ddb5-4fa4-a97d-d965ccfc6d4b" outcome="Passed" testListId="8c84fa94-04c1-424b-9868-57a2d4851a1d" relativeResultsDirectory="0543480c-9f99-4e73-b218-981ea96b8eca" />
    <UnitTestResult executionId="c487a54a-7983-45c9-a452-95a9472fbabd" testId="de7bdf3c-cbb5-8931-de7f-015a28c1c0ae" testName="ShopFlow.Domain.Tests.Entities.CoreUserTests.Activate_BannedUser_ShouldThrowException" computerName="RAY" duration="00:00:00.0010097" startTime="2025-09-07T22:44:09.0506265+07:00" endTime="2025-09-07T22:44:09.0506265+07:00" testType="13cdc9d9-ddb5-4fa4-a97d-d965ccfc6d4b" outcome="Passed" testListId="8c84fa94-04c1-424b-9868-57a2d4851a1d" relativeResultsDirectory="c487a54a-7983-45c9-a452-95a9472fbabd" />
    <UnitTestResult executionId="d990cb26-1da1-4371-8d17-88042eaac630" testId="b2a6a34b-188a-7015-69c9-dd621fb68f79" testName="ShopFlow.Domain.Tests.Entities.CatProductTests.Skus_ShouldBeReadOnlyCollection" computerName="RAY" duration="00:00:00.0014088" startTime="2025-09-07T22:44:09.0601515+07:00" endTime="2025-09-07T22:44:09.0601515+07:00" testType="13cdc9d9-ddb5-4fa4-a97d-d965ccfc6d4b" outcome="Passed" testListId="8c84fa94-04c1-424b-9868-57a2d4851a1d" relativeResultsDirectory="d990cb26-1da1-4371-8d17-88042eaac630" />
    <UnitTestResult executionId="43a62fce-1118-4d64-ba14-9dedd3168492" testId="3acbbe98-c61f-9d46-3fdf-7766f22f4fc9" testName="ShopFlow.Domain.Tests.ValueObjects.PhoneNumberTests.Constructor_NullPhone_ShouldThrowArgumentException" computerName="RAY" duration="00:00:00.0015622" startTime="2025-09-07T22:44:09.0140714+07:00" endTime="2025-09-07T22:44:09.0140715+07:00" testType="13cdc9d9-ddb5-4fa4-a97d-d965ccfc6d4b" outcome="Passed" testListId="8c84fa94-04c1-424b-9868-57a2d4851a1d" relativeResultsDirectory="43a62fce-1118-4d64-ba14-9dedd3168492" />
    <UnitTestResult executionId="b610b728-c5d2-417b-a486-143a9ac3ad2d" testId="45082cfc-5327-3fdd-d41d-406b8dd179be" testName="ShopFlow.Domain.Tests.ValueObjects.MoneyTests.Constructor_NegativeAmount_ShouldThrowArgumentException" computerName="RAY" duration="00:00:00.0014031" startTime="2025-09-07T22:44:09.0252675+07:00" endTime="2025-09-07T22:44:09.0252676+07:00" testType="13cdc9d9-ddb5-4fa4-a97d-d965ccfc6d4b" outcome="Passed" testListId="8c84fa94-04c1-424b-9868-57a2d4851a1d" relativeResultsDirectory="b610b728-c5d2-417b-a486-143a9ac3ad2d" />
    <UnitTestResult executionId="3c3020cb-bbe5-44e4-a84a-18c14ba6070a" testId="3ebefe60-d45f-c561-bec3-35fd3bc290fe" testName="ShopFlow.Domain.Tests.ValueObjects.EmailTests.Equals_SameEmailValues_ShouldReturnTrue" computerName="RAY" duration="00:00:00.0017606" startTime="2025-09-07T22:44:09.0556398+07:00" endTime="2025-09-07T22:44:09.0556399+07:00" testType="13cdc9d9-ddb5-4fa4-a97d-d965ccfc6d4b" outcome="Passed" testListId="8c84fa94-04c1-424b-9868-57a2d4851a1d" relativeResultsDirectory="3c3020cb-bbe5-44e4-a84a-18c14ba6070a" />
    <UnitTestResult executionId="14375dcd-225d-4f3d-a4ed-ec1a1334302c" testId="0102d947-d787-64d1-35c9-a375adad05b5" testName="ShopFlow.Domain.Tests.Entities.CatProductTests.Constructor_ValidParameters_ShouldCreateProduct" computerName="RAY" duration="00:00:00.0117211" startTime="2025-09-07T22:44:09.0297197+07:00" endTime="2025-09-07T22:44:09.0297197+07:00" testType="13cdc9d9-ddb5-4fa4-a97d-d965ccfc6d4b" outcome="Passed" testListId="8c84fa94-04c1-424b-9868-57a2d4851a1d" relativeResultsDirectory="14375dcd-225d-4f3d-a4ed-ec1a1334302c" />
    <UnitTestResult executionId="cd08ac73-af4c-4e3e-82e4-dd80e321d529" testId="b72c2606-5708-4c57-292e-24b59f47238b" testName="ShopFlow.Domain.Tests.Entities.CatProductTests.UpdateReturnDays_VariousNegativeValues_ShouldThrowException(negativeDays: -999)" computerName="RAY" duration="00:00:00.0016532" startTime="2025-09-07T22:44:09.0311666+07:00" endTime="2025-09-07T22:44:09.0311666+07:00" testType="13cdc9d9-ddb5-4fa4-a97d-d965ccfc6d4b" outcome="Passed" testListId="8c84fa94-04c1-424b-9868-57a2d4851a1d" relativeResultsDirectory="cd08ac73-af4c-4e3e-82e4-dd80e321d529" />
    <UnitTestResult executionId="df5b6630-bbd8-4c4b-bf30-43a380f75fc5" testId="283c2f61-5bea-e19b-0136-ae8f0da92e79" testName="ShopFlow.Domain.Tests.Entities.CoreUserTests.ClearDomainEvents_ShouldRemoveAllEvents" computerName="RAY" duration="00:00:00.0013048" startTime="2025-09-07T22:44:09.0705972+07:00" endTime="2025-09-07T22:44:09.0705973+07:00" testType="13cdc9d9-ddb5-4fa4-a97d-d965ccfc6d4b" outcome="Passed" testListId="8c84fa94-04c1-424b-9868-57a2d4851a1d" relativeResultsDirectory="df5b6630-bbd8-4c4b-bf30-43a380f75fc5" />
    <UnitTestResult executionId="7ed24e09-a76c-474e-bbdb-83779435ed1e" testId="98fe0b63-37cb-8f2b-8b06-b4fc7066141c" testName="ShopFlow.Domain.Tests.DomainServices.PricingServiceTests.ApplyDiscount_PrecisionCalculation_ShouldMaintainAccuracy" computerName="RAY" duration="00:00:00.0021389" startTime="2025-09-07T22:44:09.0655348+07:00" endTime="2025-09-07T22:44:09.0655348+07:00" testType="13cdc9d9-ddb5-4fa4-a97d-d965ccfc6d4b" outcome="Passed" testListId="8c84fa94-04c1-424b-9868-57a2d4851a1d" relativeResultsDirectory="7ed24e09-a76c-474e-bbdb-83779435ed1e" />
    <UnitTestResult executionId="e9c7a071-d31f-4f44-95c4-e74b2e0d88eb" testId="9275c802-bced-7974-15f3-5b71d5853b7a" testName="ShopFlow.Domain.Tests.ValueObjects.MoneyTests.Constructor_ZeroAmount_ShouldCreateValidMoneyObject" computerName="RAY" duration="00:00:00.0056309" startTime="2025-09-07T22:44:09.0287021+07:00" endTime="2025-09-07T22:44:09.0287021+07:00" testType="13cdc9d9-ddb5-4fa4-a97d-d965ccfc6d4b" outcome="Passed" testListId="8c84fa94-04c1-424b-9868-57a2d4851a1d" relativeResultsDirectory="e9c7a071-d31f-4f44-95c4-e74b2e0d88eb" />
    <UnitTestResult executionId="3d22f0ad-7a9a-4ac6-a40b-4aa5d37d18f2" testId="ee748996-9cd4-355e-469a-f5cfefd00f4b" testName="ShopFlow.Domain.Tests.Entities.CatProductTests.CanBeOrdered_ActiveProductWithActiveSku_ShouldReturnTrue" computerName="RAY" duration="00:00:00.0052381" startTime="2025-09-07T22:44:09.0177941+07:00" endTime="2025-09-07T22:44:09.0177942+07:00" testType="13cdc9d9-ddb5-4fa4-a97d-d965ccfc6d4b" outcome="Passed" testListId="8c84fa94-04c1-424b-9868-57a2d4851a1d" relativeResultsDirectory="3d22f0ad-7a9a-4ac6-a40b-4aa5d37d18f2" />
    <UnitTestResult executionId="4e9dec1f-877d-4861-9915-4d0f3f429f54" testId="bbf44016-4f44-60af-a29d-a1548af75744" testName="ShopFlow.Domain.Tests.Entities.CatProductTests.AddCategory_NullCategory_ShouldThrowException" computerName="RAY" duration="00:00:00.0014248" startTime="2025-09-07T22:44:09.0518696+07:00" endTime="2025-09-07T22:44:09.0518697+07:00" testType="13cdc9d9-ddb5-4fa4-a97d-d965ccfc6d4b" outcome="Passed" testListId="8c84fa94-04c1-424b-9868-57a2d4851a1d" relativeResultsDirectory="4e9dec1f-877d-4861-9915-4d0f3f429f54" />
    <UnitTestResult executionId="b330406c-9d38-4dae-be0c-5f6f22f905ad" testId="1807b013-3efc-338b-5515-25690da0f308" testName="ShopFlow.Domain.Tests.Entities.CatProductTests.IsActive_NonActiveProduct_ShouldReturnFalse(status: Discontinued)" computerName="RAY" duration="00:00:00.0013345" startTime="2025-09-07T22:44:09.0578673+07:00" endTime="2025-09-07T22:44:09.0578673+07:00" testType="13cdc9d9-ddb5-4fa4-a97d-d965ccfc6d4b" outcome="Passed" testListId="8c84fa94-04c1-424b-9868-57a2d4851a1d" relativeResultsDirectory="b330406c-9d38-4dae-be0c-5f6f22f905ad" />
    <UnitTestResult executionId="044ad0d0-60fa-4e15-9500-dce67f0c6337" testId="8227669a-089c-c315-f950-a96230acb800" testName="ShopFlow.Domain.Tests.ValueObjects.MoneyTests.Zero_WithSpecificCurrency_ShouldCreateZeroMoney" computerName="RAY" duration="00:00:00.0014755" startTime="2025-09-07T22:44:09.0268080+07:00" endTime="2025-09-07T22:44:09.0268081+07:00" testType="13cdc9d9-ddb5-4fa4-a97d-d965ccfc6d4b" outcome="Passed" testListId="8c84fa94-04c1-424b-9868-57a2d4851a1d" relativeResultsDirectory="044ad0d0-60fa-4e15-9500-dce67f0c6337" />
    <UnitTestResult executionId="b78c21ec-c8af-42d0-9347-8884c0a6b5ea" testId="7b573cfc-abab-ac9f-6083-33dbb3052041" testName="ShopFlow.Domain.Tests.DomainServices.PricingServiceTests.CalculateTax_MaximumTaxRate_ShouldReturnFullAmount" computerName="RAY" duration="00:00:00.0013423" startTime="2025-09-07T22:44:09.0708087+07:00" endTime="2025-09-07T22:44:09.0708087+07:00" testType="13cdc9d9-ddb5-4fa4-a97d-d965ccfc6d4b" outcome="Passed" testListId="8c84fa94-04c1-424b-9868-57a2d4851a1d" relativeResultsDirectory="b78c21ec-c8af-42d0-9347-8884c0a6b5ea" />
    <UnitTestResult executionId="c4a06a67-6432-4e07-8fb1-4041190701bb" testId="c297598c-32f8-14c6-3c3e-4a7542022254" testName="ShopFlow.Domain.Tests.Entities.CatProductTests.AddCategory_ValidCategory_ShouldAddCategory" computerName="RAY" duration="00:00:00.0025124" startTime="2025-09-07T22:44:09.0612064+07:00" endTime="2025-09-07T22:44:09.0612065+07:00" testType="13cdc9d9-ddb5-4fa4-a97d-d965ccfc6d4b" outcome="Passed" testListId="8c84fa94-04c1-424b-9868-57a2d4851a1d" relativeResultsDirectory="c4a06a67-6432-4e07-8fb1-4041190701bb" />
    <UnitTestResult executionId="d9317c35-0bce-4d67-ad8c-d1020f1fd08f" testId="976871b9-e3e5-b6a8-f973-545d05bc9da4" testName="ShopFlow.Domain.Tests.Entities.CatProductTests.UpdateReturnDays_ValidDays_ShouldUpdateReturnDays" computerName="RAY" duration="00:00:00.0012630" startTime="2025-09-07T22:44:09.0729604+07:00" endTime="2025-09-07T22:44:09.0729605+07:00" testType="13cdc9d9-ddb5-4fa4-a97d-d965ccfc6d4b" outcome="Passed" testListId="8c84fa94-04c1-424b-9868-57a2d4851a1d" relativeResultsDirectory="d9317c35-0bce-4d67-ad8c-d1020f1fd08f" />
    <UnitTestResult executionId="f22d3246-2930-4920-9180-b63d92c8d318" testId="d6c734e5-b549-cf04-a0df-7c0345645822" testName="ShopFlow.Domain.Tests.ValueObjects.EmailTests.Constructor_NullEmail_ShouldThrowArgumentException" computerName="RAY" duration="00:00:00.0014279" startTime="2025-09-07T22:44:09.0568699+07:00" endTime="2025-09-07T22:44:09.0568700+07:00" testType="13cdc9d9-ddb5-4fa4-a97d-d965ccfc6d4b" outcome="Passed" testListId="8c84fa94-04c1-424b-9868-57a2d4851a1d" relativeResultsDirectory="f22d3246-2930-4920-9180-b63d92c8d318" />
    <UnitTestResult executionId="44b91197-35ea-405a-8b26-46d1830eb285" testId="739c201b-4289-8fea-4e47-f625242937cc" testName="ShopFlow.Domain.Tests.Entities.CatProductTests.CanBeOrdered_ActiveProductWithInactiveSku_ShouldReturnFalse" computerName="RAY" duration="00:00:00.0051506" startTime="2025-09-07T22:44:09.0532077+07:00" endTime="2025-09-07T22:44:09.0532077+07:00" testType="13cdc9d9-ddb5-4fa4-a97d-d965ccfc6d4b" outcome="Passed" testListId="8c84fa94-04c1-424b-9868-57a2d4851a1d" relativeResultsDirectory="44b91197-35ea-405a-8b26-46d1830eb285" />
    <UnitTestResult executionId="6a575040-786c-4eaf-934e-a1fdccd3e3da" testId="a278073e-9121-4b4a-fec3-93c889bb4a36" testName="ShopFlow.Domain.Tests.Entities.CatProductTests.AddSku_ValidSku_ShouldAddSku" computerName="RAY" duration="00:00:00.0016185" startTime="2025-09-07T22:44:09.0699264+07:00" endTime="2025-09-07T22:44:09.0699264+07:00" testType="13cdc9d9-ddb5-4fa4-a97d-d965ccfc6d4b" outcome="Passed" testListId="8c84fa94-04c1-424b-9868-57a2d4851a1d" relativeResultsDirectory="6a575040-786c-4eaf-934e-a1fdccd3e3da" />
    <UnitTestResult executionId="7f6ecf64-1df2-4885-ab93-0551050cb328" testId="04a6d51e-f58b-1226-581b-72746476ccca" testName="ShopFlow.Domain.Tests.ValueObjects.EmailTests.Constructor_EmailWithWhitespace_ShouldHandleCorrectly" computerName="RAY" duration="00:00:00.0049880" startTime="2025-09-07T22:44:09.0539818+07:00" endTime="2025-09-07T22:44:09.0539819+07:00" testType="13cdc9d9-ddb5-4fa4-a97d-d965ccfc6d4b" outcome="Passed" testListId="8c84fa94-04c1-424b-9868-57a2d4851a1d" relativeResultsDirectory="7f6ecf64-1df2-4885-ab93-0551050cb328" />
    <UnitTestResult executionId="b29ba455-68c0-40d3-bf69-8ea20220daf0" testId="31378fda-0f31-0b08-d74b-18a508f11802" testName="ShopFlow.Domain.Tests.ValueObjects.EmailTests.Equals_DifferentCaseEmailValues_ShouldReturnTrue" computerName="RAY" duration="00:00:00.0078634" startTime="2025-09-07T22:44:09.0369628+07:00" endTime="2025-09-07T22:44:09.0369629+07:00" testType="13cdc9d9-ddb5-4fa4-a97d-d965ccfc6d4b" outcome="Passed" testListId="8c84fa94-04c1-424b-9868-57a2d4851a1d" relativeResultsDirectory="b29ba455-68c0-40d3-bf69-8ea20220daf0" />
    <UnitTestResult executionId="5fcb53c1-670d-4b6e-a638-33c714e126ac" testId="3a417501-337f-a7dc-c9b3-bd9f40933236" testName="ShopFlow.Domain.Tests.DomainServices.PricingServiceTests.CalculatePrice_LargeQuantity_ShouldCalculateCorrectly" computerName="RAY" duration="00:00:00.0011532" startTime="2025-09-07T22:44:09.0519736+07:00" endTime="2025-09-07T22:44:09.0519736+07:00" testType="13cdc9d9-ddb5-4fa4-a97d-d965ccfc6d4b" outcome="Passed" testListId="8c84fa94-04c1-424b-9868-57a2d4851a1d" relativeResultsDirectory="5fcb53c1-670d-4b6e-a638-33c714e126ac" />
    <UnitTestResult executionId="a978bb87-770d-49ec-b887-14ed4e17c6cf" testId="2ab3f4e7-4e06-e1e2-18fb-fe5c54676536" testName="ShopFlow.Domain.Tests.Entities.CatProductTests.Discontinue_AnyProduct_ShouldDiscontinueProduct" computerName="RAY" duration="00:00:00.0012464" startTime="2025-09-07T22:44:09.0675517+07:00" endTime="2025-09-07T22:44:09.0675518+07:00" testType="13cdc9d9-ddb5-4fa4-a97d-d965ccfc6d4b" outcome="Passed" testListId="8c84fa94-04c1-424b-9868-57a2d4851a1d" relativeResultsDirectory="a978bb87-770d-49ec-b887-14ed4e17c6cf" />
    <UnitTestResult executionId="846b1c2e-22b4-4b4c-8011-9a04d717aa7d" testId="21ee0cf7-92ff-a69e-6fab-1adda00b32df" testName="ShopFlow.Domain.Tests.ValueObjects.PhoneNumberTests.GetHashCode_NormalizedPhoneValues_ShouldReturnSameHashCode" computerName="RAY" duration="00:00:00.0016220" startTime="2025-09-07T22:44:09.0153823+07:00" endTime="2025-09-07T22:44:09.0153823+07:00" testType="13cdc9d9-ddb5-4fa4-a97d-d965ccfc6d4b" outcome="Passed" testListId="8c84fa94-04c1-424b-9868-57a2d4851a1d" relativeResultsDirectory="846b1c2e-22b4-4b4c-8011-9a04d717aa7d" />
    <UnitTestResult executionId="69f88fc8-add8-4ae7-8233-891a74814685" testId="c673d55e-61ed-3eb6-41ab-ae60b4e47391" testName="ShopFlow.Domain.Tests.DomainServices.PricingServiceTests.CalculateTax_InvalidTaxRate_ShouldThrowArgumentException(invalidTaxRate: 1,1)" computerName="RAY" duration="00:00:00.0014943" startTime="2025-09-07T22:44:09.0687440+07:00" endTime="2025-09-07T22:44:09.0687441+07:00" testType="13cdc9d9-ddb5-4fa4-a97d-d965ccfc6d4b" outcome="Passed" testListId="8c84fa94-04c1-424b-9868-57a2d4851a1d" relativeResultsDirectory="69f88fc8-add8-4ae7-8233-891a74814685" />
    <UnitTestResult executionId="0bfaf417-9a05-40df-ba0f-c8660f720a58" testId="83f5bdcd-2c1c-9e19-76e8-646b42a221e4" testName="ShopFlow.Domain.Tests.ValueObjects.MoneyTests.Constructor_DefaultCurrency_ShouldUseVND" computerName="RAY" duration="00:00:00.0014116" startTime="2025-09-07T22:44:09.0111270+07:00" endTime="2025-09-07T22:44:09.0111270+07:00" testType="13cdc9d9-ddb5-4fa4-a97d-d965ccfc6d4b" outcome="Passed" testListId="8c84fa94-04c1-424b-9868-57a2d4851a1d" relativeResultsDirectory="0bfaf417-9a05-40df-ba0f-c8660f720a58" />
    <UnitTestResult executionId="b9239c52-88b6-4305-9f7b-1f92253ac3db" testId="817734a0-650f-5309-2eea-8bfb9908324d" testName="ShopFlow.Domain.Tests.ValueObjects.PhoneNumberTests.InequalityOperator_DifferentValues_ShouldReturnTrue" computerName="RAY" duration="00:00:00.0018762" startTime="2025-09-07T22:44:09.0545174+07:00" endTime="2025-09-07T22:44:09.0545175+07:00" testType="13cdc9d9-ddb5-4fa4-a97d-d965ccfc6d4b" outcome="Passed" testListId="8c84fa94-04c1-424b-9868-57a2d4851a1d" relativeResultsDirectory="b9239c52-88b6-4305-9f7b-1f92253ac3db" />
    <UnitTestResult executionId="fb99db4c-ac57-41ff-a6aa-6371b8075c18" testId="3a23e78c-9b5e-9066-e6f7-8bc201892426" testName="ShopFlow.Domain.Tests.DomainServices.PricingServiceTests.ApplyDiscount_NullAmount_ShouldThrowArgumentNullException" computerName="RAY" duration="00:00:00.0009530" startTime="2025-09-07T22:44:09.0741391+07:00" endTime="2025-09-07T22:44:09.0741394+07:00" testType="13cdc9d9-ddb5-4fa4-a97d-d965ccfc6d4b" outcome="Passed" testListId="8c84fa94-04c1-424b-9868-57a2d4851a1d" relativeResultsDirectory="fb99db4c-ac57-41ff-a6aa-6371b8075c18" />
    <UnitTestResult executionId="efc85770-073e-444b-84c2-bbde4ac1d52e" testId="bd90f36d-58fe-ca87-7a93-55778b7904aa" testName="ShopFlow.Domain.Tests.ValueObjects.EmailTests.Constructor_EmailWithSpecialCharacters_ShouldCreateEmailObject(emailWithSpecialChars: &quot;test-name@example.com&quot;)" computerName="RAY" duration="00:00:00.0012150" startTime="2025-09-07T22:44:09.0255414+07:00" endTime="2025-09-07T22:44:09.0255414+07:00" testType="13cdc9d9-ddb5-4fa4-a97d-d965ccfc6d4b" outcome="Passed" testListId="8c84fa94-04c1-424b-9868-57a2d4851a1d" relativeResultsDirectory="efc85770-073e-444b-84c2-bbde4ac1d52e" />
    <UnitTestResult executionId="e3012624-0ed6-4182-954f-b90e18f04b7e" testId="8c93b9fd-98c5-f2cc-88a5-07d2a373329b" testName="ShopFlow.Domain.Tests.ValueObjects.MoneyTests.Subtraction_SameCurrency_ShouldSubtractAmounts" computerName="RAY" duration="00:00:00.0009866" startTime="2025-09-07T22:44:09.0125697+07:00" endTime="2025-09-07T22:44:09.0125698+07:00" testType="13cdc9d9-ddb5-4fa4-a97d-d965ccfc6d4b" outcome="Passed" testListId="8c84fa94-04c1-424b-9868-57a2d4851a1d" relativeResultsDirectory="e3012624-0ed6-4182-954f-b90e18f04b7e" />
    <UnitTestResult executionId="74f3ae7d-02d2-48d4-b6e7-eaec9e2b05e6" testId="ef9556a1-43ea-55c6-65f3-631bed6db249" testName="ShopFlow.Domain.Tests.DomainServices.PricingServiceTests.CalculateShippingFee_NullOrderValue_ShouldThrowArgumentNullException" computerName="RAY" duration="00:00:00.0014155" startTime="2025-09-07T22:44:09.0730077+07:00" endTime="2025-09-07T22:44:09.0730077+07:00" testType="13cdc9d9-ddb5-4fa4-a97d-d965ccfc6d4b" outcome="Passed" testListId="8c84fa94-04c1-424b-9868-57a2d4851a1d" relativeResultsDirectory="74f3ae7d-02d2-48d4-b6e7-eaec9e2b05e6" />
    <UnitTestResult executionId="fed96fed-02a3-4d51-80e7-0d4af62d5898" testId="8457349a-3463-eafd-228f-f71776ca72b8" testName="ShopFlow.Domain.Tests.ValueObjects.PhoneNumberTests.Constructor_PhoneStartingWithZero_ShouldRemoveLeadingZero" computerName="RAY" duration="00:00:00.0017700" startTime="2025-09-07T22:44:09.0319098+07:00" endTime="2025-09-07T22:44:09.0319099+07:00" testType="13cdc9d9-ddb5-4fa4-a97d-d965ccfc6d4b" outcome="Passed" testListId="8c84fa94-04c1-424b-9868-57a2d4851a1d" relativeResultsDirectory="fed96fed-02a3-4d51-80e7-0d4af62d5898" />
    <UnitTestResult executionId="b2d9ff57-2597-4f67-b91c-ece54c722785" testId="8d523190-9f67-adef-340e-83b2a27022a7" testName="ShopFlow.Domain.Tests.ValueObjects.EmailTests.Constructor_EmailWithSpecialCharacters_ShouldCreateEmailObject(emailWithSpecialChars: &quot;test.name+tag@example.com&quot;)" computerName="RAY" duration="00:00:00.0013504" startTime="2025-09-07T22:44:09.0242064+07:00" endTime="2025-09-07T22:44:09.0242065+07:00" testType="13cdc9d9-ddb5-4fa4-a97d-d965ccfc6d4b" outcome="Passed" testListId="8c84fa94-04c1-424b-9868-57a2d4851a1d" relativeResultsDirectory="b2d9ff57-2597-4f67-b91c-ece54c722785" />
    <UnitTestResult executionId="408738af-1192-4b11-82d9-93ba4a43b57b" testId="698fafc3-e03a-1a54-9a5c-d310e521006b" testName="ShopFlow.Domain.Tests.Entities.CatProductTests.ProductLifecycle_CompleteFlow_ShouldWorkCorrectly" computerName="RAY" duration="00:00:00.0019210" startTime="2025-09-07T22:44:09.0697045+07:00" endTime="2025-09-07T22:44:09.0697046+07:00" testType="13cdc9d9-ddb5-4fa4-a97d-d965ccfc6d4b" outcome="Passed" testListId="8c84fa94-04c1-424b-9868-57a2d4851a1d" relativeResultsDirectory="408738af-1192-4b11-82d9-93ba4a43b57b" />
    <UnitTestResult executionId="aff73b56-2d6c-442d-9ac0-ea74d6accf88" testId="c22a34fc-e95e-5094-0b07-6980e351c5e4" testName="ShopFlow.Domain.Tests.ValueObjects.EmailTests.Constructor_ValidEmailFormats_ShouldCreateEmailObject(validEmail: &quot;a@b.co&quot;)" computerName="RAY" duration="00:00:00.0024045" startTime="2025-09-07T22:44:09.0083671+07:00" endTime="2025-09-07T22:44:09.0083671+07:00" testType="13cdc9d9-ddb5-4fa4-a97d-d965ccfc6d4b" outcome="Passed" testListId="8c84fa94-04c1-424b-9868-57a2d4851a1d" relativeResultsDirectory="aff73b56-2d6c-442d-9ac0-ea74d6accf88" />
    <UnitTestResult executionId="4f0ea627-3394-4f87-a750-1895739ecf8d" testId="72003abc-dd77-74ef-7265-34dcb8d39883" testName="ShopFlow.Domain.Tests.Entities.CoreUserTests.Constructor_NullEmail_ShouldThrowException" computerName="RAY" duration="00:00:00.0013629" startTime="2025-09-07T22:44:09.0734182+07:00" endTime="2025-09-07T22:44:09.0734182+07:00" testType="13cdc9d9-ddb5-4fa4-a97d-d965ccfc6d4b" outcome="Passed" testListId="8c84fa94-04c1-424b-9868-57a2d4851a1d" relativeResultsDirectory="4f0ea627-3394-4f87-a750-1895739ecf8d" />
    <UnitTestResult executionId="b1540d93-e94e-49e0-bf15-dc89be6e1969" testId="abf3d1b0-0a87-e1ac-9237-e866dd26696b" testName="ShopFlow.Domain.Tests.ValueObjects.EmailTests.Constructor_ValidEmailFormats_ShouldCreateEmailObject(validEmail: &quot;test@example.com&quot;)" computerName="RAY" duration="00:00:00.0074072" startTime="2025-09-07T22:44:09.0107933+07:00" endTime="2025-09-07T22:44:09.0107934+07:00" testType="13cdc9d9-ddb5-4fa4-a97d-d965ccfc6d4b" outcome="Passed" testListId="8c84fa94-04c1-424b-9868-57a2d4851a1d" relativeResultsDirectory="b1540d93-e94e-49e0-bf15-dc89be6e1969" />
    <UnitTestResult executionId="7eadd1a5-2334-4d0c-9728-3c27f0125c94" testId="175bd445-b191-2e96-d71a-7eeb182b0517" testName="ShopFlow.Domain.Tests.Entities.CoreUserTests.IsActive_NonActiveUser_ShouldReturnFalse(status: Suspended)" computerName="RAY" duration="00:00:00.0047257" startTime="2025-09-07T22:44:09.0531524+07:00" endTime="2025-09-07T22:44:09.0531525+07:00" testType="13cdc9d9-ddb5-4fa4-a97d-d965ccfc6d4b" outcome="Passed" testListId="8c84fa94-04c1-424b-9868-57a2d4851a1d" relativeResultsDirectory="7eadd1a5-2334-4d0c-9728-3c27f0125c94" />
[...]
    <TestEntry testId="3a417501-337f-a7dc-c9b3-bd9f40933236" executionId="5fcb53c1-670d-4b6e-a638-33c714e126ac" testListId="8c84fa94-04c1-424b-9868-57a2d4851a1d" />
    <TestEntry testId="2ab3f4e7-4e06-e1e2-18fb-fe5c54676536" executionId="a978bb87-770d-49ec-b887-14ed4e17c6cf" testListId="8c84fa94-04c1-424b-9868-57a2d4851a1d" />
    <TestEntry testId="21ee0cf7-92ff-a69e-6fab-1adda00b32df" executionId="846b1c2e-22b4-4b4c-8011-9a04d717aa7d" testListId="8c84fa94-04c1-424b-9868-57a2d4851a1d" />
    <TestEntry testId="c673d55e-61ed-3eb6-41ab-ae60b4e47391" executionId="69f88fc8-add8-4ae7-8233-891a74814685" testListId="8c84fa94-04c1-424b-9868-57a2d4851a1d" />
    <TestEntry testId="83f5bdcd-2c1c-9e19-76e8-646b42a221e4" executionId="0bfaf417-9a05-40df-ba0f-c8660f720a58" testListId="8c84fa94-04c1-424b-9868-57a2d4851a1d" />
    <TestEntry testId="817734a0-650f-5309-2eea-8bfb9908324d" executionId="b9239c52-88b6-4305-9f7b-1f92253ac3db" testListId="8c84fa94-04c1-424b-9868-57a2d4851a1d" />
    <TestEntry testId="3a23e78c-9b5e-9066-e6f7-8bc201892426" executionId="fb99db4c-ac57-41ff-a6aa-6371b8075c18" testListId="8c84fa94-04c1-424b-9868-57a2d4851a1d" />
    <TestEntry testId="bd90f36d-58fe-ca87-7a93-55778b7904aa" executionId="efc85770-073e-444b-84c2-bbde4ac1d52e" testListId="8c84fa94-04c1-424b-9868-57a2d4851a1d" />
    <TestEntry testId="8c93b9fd-98c5-f2cc-88a5-07d2a373329b" executionId="e3012624-0ed6-4182-954f-b90e18f04b7e" testListId="8c84fa94-04c1-424b-9868-57a2d4851a1d" />
    <TestEntry testId="ef9556a1-43ea-55c6-65f3-631bed6db249" executionId="74f3ae7d-02d2-48d4-b6e7-eaec9e2b05e6" testListId="8c84fa94-04c1-424b-9868-57a2d4851a1d" />
    <TestEntry testId="8457349a-3463-eafd-228f-f71776ca72b8" executionId="fed96fed-02a3-4d51-80e7-0d4af62d5898" testListId="8c84fa94-04c1-424b-9868-57a2d4851a1d" />
    <TestEntry testId="8d523190-9f67-adef-340e-83b2a27022a7" executionId="b2d9ff57-2597-4f67-b91c-ece54c722785" testListId="8c84fa94-04c1-424b-9868-57a2d4851a1d" />
    <TestEntry testId="698fafc3-e03a-1a54-9a5c-d310e521006b" executionId="408738af-1192-4b11-82d9-93ba4a43b57b" testListId="8c84fa94-04c1-424b-9868-57a2d4851a1d" />
    <TestEntry testId="c22a34fc-e95e-5094-0b07-6980e351c5e4" executionId="aff73b56-2d6c-442d-9ac0-ea74d6accf88" testListId="8c84fa94-04c1-424b-9868-57a2d4851a1d" />
    <TestEntry testId="72003abc-dd77-74ef-7265-34dcb8d39883" executionId="4f0ea627-3394-4f87-a750-1895739ecf8d" testListId="8c84fa94-04c1-424b-9868-57a2d4851a1d" />
    <TestEntry testId="abf3d1b0-0a87-e1ac-9237-e866dd26696b" executionId="b1540d93-e94e-49e0-bf15-dc89be6e1969" testListId="8c84fa94-04c1-424b-9868-57a2d4851a1d" />
    <TestEntry testId="175bd445-b191-2e96-d71a-7eeb182b0517" executionId="7eadd1a5-2334-4d0c-9728-3c27f0125c94" testListId="8c84fa94-04c1-424b-9868-57a2d4851a1d" />
    <TestEntry testId="02842bee-58ef-ddaa-6566-060b91848051" executionId="026396e0-d188-4905-bd82-661180ba7415" testListId="8c84fa94-04c1-424b-9868-57a2d4851a1d" />
    <TestEntry testId="7a68ed83-521f-8f4f-ed77-8126dcb94941" executionId="7624dc2b-5305-4a9a-8e31-27c1161a5791" testListId="8c84fa94-04c1-424b-9868-57a2d4851a1d" />
    <TestEntry testId="9bd5bfde-1bd9-bd6e-20e4-328f9754f564" executionId="4c237103-f536-4ecd-9fd9-df1bbc277e1b" testListId="8c84fa94-04c1-424b-9868-57a2d4851a1d" />
    <TestEntry testId="cc550a42-32bd-536c-6f9b-101019217d15" executionId="f2ad8b6c-38e9-41e8-92f6-04f0376e4eab" testListId="8c84fa94-04c1-424b-9868-57a2d4851a1d" />
    <TestEntry testId="31bdbc99-0e38-b05a-bfc7-f7c211e4f869" executionId="a4ab8416-43c4-4e18-b356-939498b653f1" testListId="8c84fa94-04c1-424b-9868-57a2d4851a1d" />
    <TestEntry testId="b81ae511-7191-ccca-2cae-a0f1b8b777fa" executionId="22c2a826-e09d-41c0-bc8d-89b77ed7d1f4" testListId="8c84fa94-04c1-424b-9868-57a2d4851a1d" />
    <TestEntry testId="6d04ea57-053f-8179-0feb-46e0a3ecb668" executionId="e5d8d187-425e-4a78-9895-fb5c6263d173" testListId="8c84fa94-04c1-424b-9868-57a2d4851a1d" />
    <TestEntry testId="306d5900-e8ef-ff9f-ca16-9368d7a803dc" executionId="a8438ac6-e4f5-4334-ad65-386e381f2963" testListId="8c84fa94-04c1-424b-9868-57a2d4851a1d" />
    <TestEntry testId="248f57ec-5f34-89a8-48ab-daf2f00d3536" executionId="359c39f9-89b4-45ff-a134-cd5027444697" testListId="8c84fa94-04c1-424b-9868-57a2d4851a1d" />
    <TestEntry testId="5ff0f98f-03f0-f146-6118-597b50f86b87" executionId="0dc2ad5a-cc56-4099-88f5-7e2627c8bf47" testListId="8c84fa94-04c1-424b-9868-57a2d4851a1d" />
    <TestEntry testId="62d0f97e-bdb8-742a-1a37-f9f69c8ebde5" executionId="ef203a92-acad-4cf0-bab2-c1b614c04a1c" testListId="8c84fa94-04c1-424b-9868-57a2d4851a1d" />
    <TestEntry testId="12faf06f-7b3a-0d21-8d57-e2f456bf19e9" executionId="b435fc9f-c766-4563-9bc4-f8438b417e11" testListId="8c84fa94-04c1-424b-9868-57a2d4851a1d" />
    <TestEntry testId="fe0ee952-be40-ff52-3723-3e45a9e80b14" executionId="24a6e5fc-6ac3-4680-a0c9-a7c789189dc3" testListId="8c84fa94-04c1-424b-9868-57a2d4851a1d" />
    <TestEntry testId="0087f13b-1314-cf32-af94-8db5c62b9de3" executionId="1fc6f14b-0f01-47a3-bbb1-b4a3091f187b" testListId="8c84fa94-04c1-424b-9868-57a2d4851a1d" />
    <TestEntry testId="2ee18862-4e71-c5e0-efd4-9ebc5c202d61" executionId="3dc3e07d-adb4-4191-9d88-a1283897e663" testListId="8c84fa94-04c1-424b-9868-57a2d4851a1d" />
    <TestEntry testId="7b0e8ce6-39e4-bdc0-f025-1b82a0a9b806" executionId="d56083d2-d05a-435c-a1ac-cf87f9ac9d96" testListId="8c84fa94-04c1-424b-9868-57a2d4851a1d" />
    <TestEntry testId="1286d986-ad89-0ae1-0573-a7a3eac4e449" executionId="d5c88bc2-6c82-48fb-a0a9-a104cdf8bc85" testListId="8c84fa94-04c1-424b-9868-57a2d4851a1d" />
    <TestEntry testId="8698d5b3-9a57-0708-93ce-8e38d668e009" executionId="f5a9475e-ed80-42cf-b0a0-5f0110942d37" testListId="8c84fa94-04c1-424b-9868-57a2d4851a1d" />
    <TestEntry testId="20fc2039-6aa7-3901-68f2-3b205d538d7e" executionId="1256f2a0-c626-4c3e-809a-ff93023c2608" testListId="8c84fa94-04c1-424b-9868-57a2d4851a1d" />
    <TestEntry testId="2cbfe38b-b012-4992-4a50-1f6c3c480a3d" executionId="fc995463-2cda-4d9b-886a-818646e0149a" testListId="8c84fa94-04c1-424b-9868-57a2d4851a1d" />
    <TestEntry testId="9360ccc8-e628-6476-62fa-8cb6546f9b33" executionId="c6c15492-770a-44ed-9b7d-9f6377d3710d" testListId="8c84fa94-04c1-424b-9868-57a2d4851a1d" />
    <TestEntry testId="f8cab81c-c4da-516a-0717-8f51486e331c" executionId="5c884705-5b21-4f26-940b-ffb153e1adfe" testListId="8c84fa94-04c1-424b-9868-57a2d4851a1d" />
    <TestEntry testId="f97b4287-9130-4273-2524-920e467deab9" executionId="16f36d21-29e4-4217-8607-6fad083da43a" testListId="8c84fa94-04c1-424b-9868-57a2d4851a1d" />
    <TestEntry testId="5f838a5e-c0df-3c26-8ac8-40ca255252a8" executionId="9e5339e6-b86c-44bb-9339-0568e0bd198f" testListId="8c84fa94-04c1-424b-9868-57a2d4851a1d" />
    <TestEntry testId="67a9263d-3a19-034f-57e3-ff5323ef61c9" executionId="24176451-f8d0-4370-a36c-92c515ce1891" testListId="8c84fa94-04c1-424b-9868-57a2d4851a1d" />
    <TestEntry testId="1e4d4614-056a-1644-37c8-c9386704e478" executionId="a926c977-0431-4162-be5f-2ee5a6c41d67" testListId="8c84fa94-04c1-424b-9868-57a2d4851a1d" />
    <TestEntry testId="d2743171-1c43-3951-f79f-92abb08a800c" executionId="466bb5f1-ac83-43bc-9486-55fd9466a912" testListId="8c84fa94-04c1-424b-9868-57a2d4851a1d" />
    <TestEntry testId="74111794-6dff-91e6-4f2b-7636775d48bd" executionId="7fac90b6-cd83-485d-8075-1651fd6aa4e6" testListId="8c84fa94-04c1-424b-9868-57a2d4851a1d" />
    <TestEntry testId="47728473-b9e5-4b51-7b23-7416763c7769" executionId="1dd28b5f-4762-4414-ba40-cd2b1ba243bc" testListId="8c84fa94-04c1-424b-9868-57a2d4851a1d" />
    <TestEntry testId="a10b48e5-7ad3-87ce-3932-dfdd067f76e1" executionId="81f7a59a-964a-4047-bd4c-263dd5185955" testListId="8c84fa94-04c1-424b-9868-57a2d4851a1d" />
    <TestEntry testId="8cb05ff7-3893-426b-0a54-24c8fd2d7e89" executionId="393c0f6f-2881-4555-b625-eeaaf891c1ae" testListId="8c84fa94-04c1-424b-9868-57a2d4851a1d" />
    <TestEntry testId="63651d06-1619-fbbe-968a-0eb5a0b314f2" executionId="90925b6b-9bc9-410b-8853-f07ca2dd5882" testListId="8c84fa94-04c1-424b-9868-57a2d4851a1d" />
    <TestEntry testId="b9f31684-cce6-a2d3-b7ad-6e5a6fd7a8d9" executionId="d755f806-d121-41c9-b515-13161c5d3bc6" testListId="8c84fa94-04c1-424b-9868-57a2d4851a1d" />
    <TestEntry testId="6a54b469-f464-6fc4-a151-96e4b314ace6" executionId="dc8e03b8-0e99-4afc-9281-2c4efdfd9cc3" testListId="8c84fa94-04c1-424b-9868-57a2d4851a1d" />
    <TestEntry testId="d1ebe375-31ed-748d-8bab-b8701181e687" executionId="a38f58a8-384c-4ac3-9843-c7106671b90d" testListId="8c84fa94-04c1-424b-9868-57a2d4851a1d" />
    <TestEntry testId="a433ee57-a2b0-e881-257a-12bdf52cdff4" executionId="75e882c8-4ade-4ada-b99b-127f47dea845" testListId="8c84fa94-04c1-424b-9868-57a2d4851a1d" />
    <TestEntry testId="6331362b-9c58-7503-b444-72ac258e84cf" executionId="e28d2f68-b28c-42f3-b3ce-b6d25181afcc" testListId="8c84fa94-04c1-424b-9868-57a2d4851a1d" />
    <TestEntry testId="76ae6fe4-721b-3385-a9d0-3b8d1c2dc22b" executionId="d236ede2-eca8-4f1e-858e-232ce484fd72" testListId="8c84fa94-04c1-424b-9868-57a2d4851a1d" />
    <TestEntry testId="a8616b4a-8b45-e777-31ba-757ec01761a4" executionId="2f53d6e9-01a2-451a-af26-57e5620ba959" testListId="8c84fa94-04c1-424b-9868-57a2d4851a1d" />
    <TestEntry testId="6a82f305-bb24-dfb4-21d0-d614d5943265" executionId="2c3c8d88-cb01-4284-976e-60fb88bd0dee" testListId="8c84fa94-04c1-424b-9868-57a2d4851a1d" />
    <TestEntry testId="664a11bb-263b-b948-def2-1f93d0ce21ce" executionId="b08c16e3-f3cc-4491-9c19-df29fd64b7f7" testListId="8c84fa94-04c1-424b-9868-57a2d4851a1d" />
    <TestEntry testId="1c2d2e1e-0fd3-fc86-5d43-170f0b68775e" executionId="c334447a-67b7-4a8b-adbc-444cc918df4e" testListId="8c84fa94-04c1-424b-9868-57a2d4851a1d" />
    <TestEntry testId="0c123a8c-ee3d-4ec8-c156-e17c2858344c" executionId="9142042e-e82c-4d60-aaf1-6e6b7b6b440b" testListId="8c84fa94-04c1-424b-9868-57a2d4851a1d" />
    <TestEntry testId="78f0c639-4a50-f219-f205-d83f18550864" executionId="4efd4daa-fc44-4a2b-98f2-238e4b3a8ea4" testListId="8c84fa94-04c1-424b-9868-57a2d4851a1d" />
    <TestEntry testId="b6922195-efc4-83b1-0ba3-9fa16eb58963" executionId="30b7b51f-dfdc-411c-873e-7c1afd54698a" testListId="8c84fa94-04c1-424b-9868-57a2d4851a1d" />
    <TestEntry testId="3e5c8ef4-df1a-7767-0819-2ea5ae25d0f6" executionId="044c730a-69d0-4069-8632-165f5432479b" testListId="8c84fa94-04c1-424b-9868-57a2d4851a1d" />
    <TestEntry testId="9162760f-7a92-4313-8801-aaa9b9d5ea56" executionId="b45e3e57-e8ea-4caf-8a5a-6aaf602b2c85" testListId="8c84fa94-04c1-424b-9868-57a2d4851a1d" />
    <TestEntry testId="e59e8aa4-eeae-8916-aa6d-620e8eab4aa8" executionId="4ae979d8-04cf-471c-b372-9c97d60045b1" testListId="8c84fa94-04c1-424b-9868-57a2d4851a1d" />
    <TestEntry testId="b820a673-3374-0a5f-6c59-d079c6861030" executionId="b3232ae8-009e-4b34-a608-1d118e8be53a" testListId="8c84fa94-04c1-424b-9868-57a2d4851a1d" />
    <TestEntry testId="3d90761a-15e7-75a1-ae51-2bfb2c629dc0" executionId="2511d782-2606-45ea-a552-0c978a4ff8ab" testListId="8c84fa94-04c1-424b-9868-57a2d4851a1d" />
    <TestEntry testId="51d931e0-4a6d-e9e2-d239-1736dc358211" executionId="bfe5a373-77d9-45c6-a0a7-f5e57be214da" testListId="8c84fa94-04c1-424b-9868-57a2d4851a1d" />
    <TestEntry testId="02899070-be20-188d-b8d1-2f75c98f396f" executionId="83ccc21b-f442-4bc3-8499-d6e9bdbcdcbd" testListId="8c84fa94-04c1-424b-9868-57a2d4851a1d" />
    <TestEntry testId="350832a1-e94f-6e58-be7d-f1a32e7b56f7" executionId="459f25f9-ac61-4255-b402-a2845e1031d1" testListId="8c84fa94-04c1-424b-9868-57a2d4851a1d" />
    <TestEntry testId="e9e9b3eb-0aa1-4a7d-e0f7-9c306dafa9a5" executionId="7233bfa2-bdbe-4936-9306-e562747589fe" testListId="8c84fa94-04c1-424b-9868-57a2d4851a1d" />
    <TestEntry testId="686e3df9-427c-987b-79ae-05ed6ae236c3" executionId="b914d189-f7b8-4956-83a3-d83abd2f2d2a" testListId="8c84fa94-04c1-424b-9868-57a2d4851a1d" />
    <TestEntry testId="6a0d94b9-be6d-23cd-64bc-d59669bc2f33" executionId="3d4e4c2c-b6dd-44ec-93ca-0be57554713f" testListId="8c84fa94-04c1-424b-9868-57a2d4851a1d" />
    <TestEntry testId="b251b759-b56c-2c15-d53e-79277be353c5" executionId="c83133f1-a3a6-4d0e-95b4-e14e348b68f1" testListId="8c84fa94-04c1-424b-9868-57a2d4851a1d" />
    <TestEntry testId="b6ec0be4-a778-7730-8025-fceb74f1be59" executionId="d0ada659-e420-4b0a-a321-794086d1f2b0" testListId="8c84fa94-04c1-424b-9868-57a2d4851a1d" />
    <TestEntry testId="8e0a9cee-2598-724d-3ca2-4a214d7ba7e8" executionId="fe68ff1f-49f7-4d33-86eb-60ea6c48513b" testListId="8c84fa94-04c1-424b-9868-57a2d4851a1d" />
    <TestEntry testId="51c1ab4e-5980-a7ad-9af4-2fa0c6fa0da9" executionId="dc0bfacd-c8ae-4c49-9be6-2d7fc67b75fa" testListId="8c84fa94-04c1-424b-9868-57a2d4851a1d" />
    <TestEntry testId="9eea0cc8-ab11-8963-dec4-4c41687a9a5f" executionId="39c182de-1e5f-406f-9af7-99803ed4a90d" testListId="8c84fa94-04c1-424b-9868-57a2d4851a1d" />
    <TestEntry testId="558b3c36-4bfa-d017-852f-a510fa197df8" executionId="dc345b5c-b8e4-4ddd-b1cc-3a8ecd7980ae" testListId="8c84fa94-04c1-424b-9868-57a2d4851a1d" />
    <TestEntry testId="47107c25-74f6-756a-c4cd-f6080afcf3e4" executionId="ab8e8a10-75fc-4ef2-a493-942305ddbdee" testListId="8c84fa94-04c1-424b-9868-57a2d4851a1d" />
    <TestEntry testId="ab909d33-ead0-f510-62f7-b4c213c46540" executionId="c1d959d8-546a-4332-ba81-8acd4084b99e" testListId="8c84fa94-04c1-424b-9868-57a2d4851a1d" />
    <TestEntry testId="ab766660-3569-6124-ff57-ac0b9246e162" executionId="5dd6b031-b727-4f1c-b2ea-c9e59bfba899" testListId="8c84fa94-04c1-424b-9868-57a2d4851a1d" />
    <TestEntry testId="428052d8-7882-dd77-29a9-baaef9dda7cb" executionId="7ed4be2a-d3ca-4eff-a41d-7b41bd36a29e" testListId="8c84fa94-04c1-424b-9868-57a2d4851a1d" />
    <TestEntry testId="bbb0bc2d-fe25-e803-c6be-aa595a381c32" executionId="7b80e20e-7df8-4a7f-be55-e89998eb73a7" testListId="8c84fa94-04c1-424b-9868-57a2d4851a1d" />
    <TestEntry testId="51d4e05c-c0a2-baca-58a6-8b5de7318d9f" executionId="de4d6156-ed3b-4f8f-a72c-ca2d74d8b25f" testListId="8c84fa94-04c1-424b-9868-57a2d4851a1d" />
    <TestEntry testId="20e680d3-37bd-5dcd-6cd9-321a1c196e07" executionId="7b78a6aa-297a-4eb1-8b2b-4194455f1c8d" testListId="8c84fa94-04c1-424b-9868-57a2d4851a1d" />
    <TestEntry testId="5281dede-359e-b0e8-173a-911308f45a74" executionId="2f7f75f6-2985-4939-8d54-ee8cb3ca7514" testListId="8c84fa94-04c1-424b-9868-57a2d4851a1d" />
    <TestEntry testId="b87e15cf-92d6-d770-9066-af27abfcde94" executionId="2e799abe-fd22-497e-bf75-001a3edd8250" testListId="8c84fa94-04c1-424b-9868-57a2d4851a1d" />
    <TestEntry testId="bd9a101b-15ce-6716-abd4-489bab9cc742" executionId="4ea61072-61e9-45e2-972c-13e671086098" testListId="8c84fa94-04c1-424b-9868-57a2d4851a1d" />
    <TestEntry testId="65cbeb20-68a2-2270-6d27-ac6ea42a2c0f" executionId="4125028c-b989-4e51-8b96-790106b66536" testListId="8c84fa94-04c1-424b-9868-57a2d4851a1d" />
    <TestEntry testId="784ba244-b990-3b2e-f6c3-993ce8ce6ef5" executionId="6be15614-96ca-433e-a02c-8ecff0956968" testListId="8c84fa94-04c1-424b-9868-57a2d4851a1d" />
    <TestEntry testId="8c26801c-2a75-5ae3-cbf7-adc0bc316ab0" executionId="31a2e600-374a-4b54-b560-8bd10479445c" testListId="8c84fa94-04c1-424b-9868-57a2d4851a1d" />
    <TestEntry testId="d9fd218d-a39e-f63b-4bdf-e6b60408c1f6" executionId="2f4a63e6-1741-4ac7-bad9-7287161e2820" testListId="8c84fa94-04c1-424b-9868-57a2d4851a1d" />
    <TestEntry testId="5c0c022d-493c-efab-4147-6e2c222772cc" executionId="639ff289-436c-4c3b-8b70-88581f055b64" testListId="8c84fa94-04c1-424b-9868-57a2d4851a1d" />
    <TestEntry testId="d669172f-1bef-cf95-b351-7843af45b606" executionId="84d452fb-74fd-488f-bfb0-87987831d50d" testListId="8c84fa94-04c1-424b-9868-57a2d4851a1d" />
    <TestEntry testId="265056d7-87e9-cd3d-9557-0a41f5841fcf" executionId="969a04ca-c7be-4505-b9d7-8f1345b1c6d4" testListId="8c84fa94-04c1-424b-9868-57a2d4851a1d" />
    <TestEntry testId="2449ef5d-6bef-4146-b726-61a685312f4f" executionId="9411a26b-a561-47c0-ac63-a28da98008c4" testListId="8c84fa94-04c1-424b-9868-57a2d4851a1d" />
    <TestEntry testId="14433b58-ac7a-f628-f534-069ece792b0a" executionId="2add8e6b-ef83-4161-a1ec-b17d015d4850" testListId="8c84fa94-04c1-424b-9868-57a2d4851a1d" />
    <TestEntry testId="6a980786-6fa6-67f1-9c0a-cc710344bf12" executionId="81344f0c-4257-4e05-b062-c74e9a406dc6" testListId="8c84fa94-04c1-424b-9868-57a2d4851a1d" />
    <TestEntry testId="26d6bbd6-0508-8780-628e-152475655955" executionId="c795f0ed-a052-4ecc-a906-3146d4339065" testListId="8c84fa94-04c1-424b-9868-57a2d4851a1d" />
    <TestEntry testId="03342a62-c671-786c-1f08-b89752fa9253" executionId="2ee70670-5fc0-418a-804e-76e38b40edcc" testListId="8c84fa94-04c1-424b-9868-57a2d4851a1d" />
    <TestEntry testId="b9ac74c5-e41c-24a8-afc4-b8890807d9ca" executionId="68d71ed5-38da-4e12-b3e1-444b73652281" testListId="8c84fa94-04c1-424b-9868-57a2d4851a1d" />
    <TestEntry testId="00ec3ee8-68a3-a137-d508-0e8509b1b810" executionId="d0609bca-d30e-4047-aa8e-45b1b1895bc9" testListId="8c84fa94-04c1-424b-9868-57a2d4851a1d" />
    <TestEntry testId="37268108-18da-b9d3-075e-a58a9390dae2" executionId="1c08612e-1142-4623-96fe-f49b2065b964" testListId="8c84fa94-04c1-424b-9868-57a2d4851a1d" />
    <TestEntry testId="88586bc0-d597-f8c5-2900-56a7b3a11fd5" executionId="09020a55-f4b9-4751-9ba3-4bd7a310cd9c" testListId="8c84fa94-04c1-424b-9868-57a2d4851a1d" />
    <TestEntry testId="81515737-6cbe-6a47-4f3f-90cb2c639187" executionId="56c9feaa-cc62-409c-9d67-8766fd2d2f7d" testListId="8c84fa94-04c1-424b-9868-57a2d4851a1d" />
    <TestEntry testId="23959bcb-a051-1c85-8466-f6c4766f3676" executionId="ecb3b0b5-8093-4270-ac5a-659fe1cb5f3e" testListId="8c84fa94-04c1-424b-9868-57a2d4851a1d" />
    <TestEntry testId="b64eff7d-2849-b441-532d-2379356b2b61" executionId="b11f9c6e-ec0f-4f1b-b66a-418b522f758d" testListId="8c84fa94-04c1-424b-9868-57a2d4851a1d" />
    <TestEntry testId="0f7ebf89-9abd-4e10-8a52-3e2117395bbb" executionId="03420da1-44ff-41ff-892b-13778bc1e1e2" testListId="8c84fa94-04c1-424b-9868-57a2d4851a1d" />
    <TestEntry testId="9403de0b-3ec1-4222-e1cf-0d46330dda71" executionId="6bc638b7-8b46-4dcd-ad79-c80046ac9c89" testListId="8c84fa94-04c1-424b-9868-57a2d4851a1d" />
    <TestEntry testId="64209470-d058-3cea-6c75-fff70dcf3d5d" executionId="0603c68b-de69-4a75-bf79-36d889afd444" testListId="8c84fa94-04c1-424b-9868-57a2d4851a1d" />
    <TestEntry testId="1613560e-07a8-4cbd-1167-d80d28347abb" executionId="812f0e5c-2a3d-4b20-a643-4fe479d7594f" testListId="8c84fa94-04c1-424b-9868-57a2d4851a1d" />
    <TestEntry testId="27c23e06-a466-dd2e-8213-895213eda3ab" executionId="4b206bb1-32c2-4241-aba5-bd4dda29f15f" testListId="8c84fa94-04c1-424b-9868-57a2d4851a1d" />
    <TestEntry testId="2725e4d8-00f0-565e-cb44-f63d4216b36d" executionId="9a9f5695-3a8c-4c58-9067-ca8348a7a0a9" testListId="8c84fa94-04c1-424b-9868-57a2d4851a1d" />
    <TestEntry testId="6b92b6b7-2771-31a1-ed47-e54ddaba14a7" executionId="c74362bb-c52a-4d90-aebb-344128c853e7" testListId="8c84fa94-04c1-424b-9868-57a2d4851a1d" />
  </TestEntries>
  <TestLists>
    <TestList name="Results Not in a List" id="8c84fa94-04c1-424b-9868-57a2d4851a1d" />
    <TestList name="All Loaded Results" id="19431567-8539-422a-85d7-44ee4e166bda" />
  </TestLists>
  <ResultSummary outcome="Completed">
    <Counters total="239" executed="239" passed="239" failed="0" error="0" timeout="0" aborted="0" inconclusive="0" passedButRunAborted="0" notRunnable="0" notExecuted="0" disconnected="0" warning="0" completed="0" inProgress="0" pending="0" />
    <Output>
      <StdOut>[xUnit.net 00:00:00.00] xUnit.net VSTest Adapter v2.8.2+699d445a1a (64-bit .NET 9.0.8)&#xD;
[xUnit.net 00:00:00.60]   Discovering: ShopFlow.Domain.Tests&#xD;
[xUnit.net 00:00:00.77]   Discovered:  ShopFlow.Domain.Tests&#xD;
[xUnit.net 00:00:00.77]   Starting:    ShopFlow.Domain.Tests&#xD;
[xUnit.net 00:00:01.59]   Finished:    ShopFlow.Domain.Tests&#xD;
</StdOut>
    </Output>
  </ResultSummary>
</TestRun>